
> Configure project :app
e: file:///Users/adriangarciagarcia/AndroidStudioProjects/MiniProyectoPersistenciaDatos/app/build.gradle.kts:43:1: Unexpected symbol
e: file:///Users/adriangarciagarcia/AndroidStudioProjects/MiniProyectoPersistenciaDatos/app/build.gradle.kts:45:1: Unexpected symbol
e: file:///Users/adriangarciagarcia/AndroidStudioProjects/MiniProyectoPersistenciaDatos/app/build.gradle.kts:45:14: Unexpected symbol
e: file:///Users/adriangarciagarcia/AndroidStudioProjects/MiniProyectoPersistenciaDatos/app/build.gradle.kts:46:5: Unexpected symbol
e: file:///Users/adriangarciagarcia/AndroidStudioProjects/MiniProyectoPersistenciaDatos/app/build.gradle.kts:46:19: Unexpected symbol
e: file:///Users/adriangarciagarcia/AndroidStudioProjects/MiniProyectoPersistenciaDatos/app/build.gradle.kts:46:20: Unexpected symbol
e: file:///Users/adriangarciagarcia/AndroidStudioProjects/MiniProyectoPersistenciaDatos/app/build.gradle.kts:46:24: Unexpected symbol
e: file:///Users/adriangarciagarcia/AndroidStudioProjects/MiniProyectoPersistenciaDatos/app/build.gradle.kts:46:25: Unexpected symbol
e: file:///Users/adriangarciagarcia/AndroidStudioProjects/MiniProyectoPersistenciaDatos/app/build.gradle.kts:46:33: Unexpected symbol
e: file:///Users/adriangarciagarcia/AndroidStudioProjects/MiniProyectoPersistenciaDatos/app/build.gradle.kts:46:34: Unexpected symbol
e: file:///Users/adriangarciagarcia/AndroidStudioProjects/MiniProyectoPersistenciaDatos/app/build.gradle.kts:46:38: Unexpected symbol
e: file:///Users/adriangarciagarcia/AndroidStudioProjects/MiniProyectoPersistenciaDatos/app/build.gradle.kts:46:39: Unexpected symbol
e: file:///Users/adriangarciagarcia/AndroidStudioProjects/MiniProyectoPersistenciaDatos/app/build.gradle.kts:46:42: Unexpected symbol
e: file:///Users/adriangarciagarcia/AndroidStudioProjects/MiniProyectoPersistenciaDatos/app/build.gradle.kts:47:5: Unexpected symbol
e: file:///Users/adriangarciagarcia/AndroidStudioProjects/MiniProyectoPersistenciaDatos/app/build.gradle.kts:47:19: Unexpected symbol
e: file:///Users/adriangarciagarcia/AndroidStudioProjects/MiniProyectoPersistenciaDatos/app/build.gradle.kts:47:20: Unexpected symbol
e: file:///Users/adriangarciagarcia/AndroidStudioProjects/MiniProyectoPersistenciaDatos/app/build.gradle.kts:47:24: Unexpected symbol
e: file:///Users/adriangarciagarcia/AndroidStudioProjects/MiniProyectoPersistenciaDatos/app/build.gradle.kts:47:25: Unexpected symbol
e: file:///Users/adriangarciagarcia/AndroidStudioProjects/MiniProyectoPersistenciaDatos/app/build.gradle.kts:47:33: Unexpected symbol
e: file:///Users/adriangarciagarcia/AndroidStudioProjects/MiniProyectoPersistenciaDatos/app/build.gradle.kts:47:34: Unexpected symbol
e: file:///Users/adriangarciagarcia/AndroidStudioProjects/MiniProyectoPersistenciaDatos/app/build.gradle.kts:47:43: Unexpected symbol
e: file:///Users/adriangarciagarcia/AndroidStudioProjects/MiniProyectoPersistenciaDatos/app/build.gradle.kts:47:44: Unexpected symbol
e: file:///Users/adriangarciagarcia/AndroidStudioProjects/MiniProyectoPersistenciaDatos/app/build.gradle.kts:47:51: Unexpected symbol
e: file:///Users/adriangarciagarcia/AndroidStudioProjects/MiniProyectoPersistenciaDatos/app/build.gradle.kts:47:52: Unexpected symbol
e: file:///Users/adriangarciagarcia/AndroidStudioProjects/MiniProyectoPersistenciaDatos/app/build.gradle.kts:47:55: Unexpected symbol
e: file:///Users/adriangarciagarcia/AndroidStudioProjects/MiniProyectoPersistenciaDatos/app/build.gradle.kts:48:5: Unexpected symbol
e: file:///Users/adriangarciagarcia/AndroidStudioProjects/MiniProyectoPersistenciaDatos/app/build.gradle.kts:48:19: Unexpected symbol
e: file:///Users/adriangarciagarcia/AndroidStudioProjects/MiniProyectoPersistenciaDatos/app/build.gradle.kts:48:20: Unexpected symbol
e: file:///Users/adriangarciagarcia/AndroidStudioProjects/MiniProyectoPersistenciaDatos/app/build.gradle.kts:48:24: Unexpected symbol
e: file:///Users/adriangarciagarcia/AndroidStudioProjects/MiniProyectoPersistenciaDatos/app/build.gradle.kts:48:25: Unexpected symbol
e: file:///Users/adriangarciagarcia/AndroidStudioProjects/MiniProyectoPersistenciaDatos/app/build.gradle.kts:48:33: Unexpected symbol
e: file:///Users/adriangarciagarcia/AndroidStudioProjects/MiniProyectoPersistenciaDatos/app/build.gradle.kts:48:34: Unexpected symbol
e: file:///Users/adriangarciagarcia/AndroidStudioProjects/MiniProyectoPersistenciaDatos/app/build.gradle.kts:48:42: Unexpected symbol
e: file:///Users/adriangarciagarcia/AndroidStudioProjects/MiniProyectoPersistenciaDatos/app/build.gradle.kts:48:43: Unexpected symbol
e: file:///Users/adriangarciagarcia/AndroidStudioProjects/MiniProyectoPersistenciaDatos/app/build.gradle.kts:48:50: Unexpected symbol
e: file:///Users/adriangarciagarcia/AndroidStudioProjects/MiniProyectoPersistenciaDatos/app/build.gradle.kts:49:5: Unexpected symbol
e: file:///Users/adriangarciagarcia/AndroidStudioProjects/MiniProyectoPersistenciaDatos/app/build.gradle.kts:49:19: Unexpected symbol
e: file:///Users/adriangarciagarcia/AndroidStudioProjects/MiniProyectoPersistenciaDatos/app/build.gradle.kts:49:20: Unexpected symbol
e: file:///Users/adriangarciagarcia/AndroidStudioProjects/MiniProyectoPersistenciaDatos/app/build.gradle.kts:49:28: Unexpected symbol
e: file:///Users/adriangarciagarcia/AndroidStudioProjects/MiniProyectoPersistenciaDatos/app/build.gradle.kts:49:29: Unexpected symbol
e: file:///Users/adriangarciagarcia/AndroidStudioProjects/MiniProyectoPersistenciaDatos/app/build.gradle.kts:49:33: Unexpected symbol
e: file:///Users/adriangarciagarcia/AndroidStudioProjects/MiniProyectoPersistenciaDatos/app/build.gradle.kts:49:34: Unexpected symbol
e: file:///Users/adriangarciagarcia/AndroidStudioProjects/MiniProyectoPersistenciaDatos/app/build.gradle.kts:49:42: Unexpected symbol
e: file:///Users/adriangarciagarcia/AndroidStudioProjects/MiniProyectoPersistenciaDatos/app/build.gradle.kts:49:43: Unexpected symbol
e: file:///Users/adriangarciagarcia/AndroidStudioProjects/MiniProyectoPersistenciaDatos/app/build.gradle.kts:49:50: Unexpected symbol
e: file:///Users/adriangarciagarcia/AndroidStudioProjects/MiniProyectoPersistenciaDatos/app/build.gradle.kts:49:51: Unexpected symbol
e: file:///Users/adriangarciagarcia/AndroidStudioProjects/MiniProyectoPersistenciaDatos/app/build.gradle.kts:49:54: Unexpected symbol
e: file:///Users/adriangarciagarcia/AndroidStudioProjects/MiniProyectoPersistenciaDatos/app/build.gradle.kts:49:55: Unexpected symbol
e: file:///Users/adriangarciagarcia/AndroidStudioProjects/MiniProyectoPersistenciaDatos/app/build.gradle.kts:50:5: Unexpected symbol
e: file:///Users/adriangarciagarcia/AndroidStudioProjects/MiniProyectoPersistenciaDatos/app/build.gradle.kts:50:19: Unexpected symbol
e: file:///Users/adriangarciagarcia/AndroidStudioProjects/MiniProyectoPersistenciaDatos/app/build.gradle.kts:50:20: Unexpected symbol
e: file:///Users/adriangarciagarcia/AndroidStudioProjects/MiniProyectoPersistenciaDatos/app/build.gradle.kts:50:24: Unexpected symbol
e: file:///Users/adriangarciagarcia/AndroidStudioProjects/MiniProyectoPersistenciaDatos/app/build.gradle.kts:50:25: Unexpected symbol
e: file:///Users/adriangarciagarcia/AndroidStudioProjects/MiniProyectoPersistenciaDatos/app/build.gradle.kts:50:33: Unexpected symbol
e: file:///Users/adriangarciagarcia/AndroidStudioProjects/MiniProyectoPersistenciaDatos/app/build.gradle.kts:50:34: Unexpected symbol
e: file:///Users/adriangarciagarcia/AndroidStudioProjects/MiniProyectoPersistenciaDatos/app/build.gradle.kts:50:41: Unexpected symbol
e: file:///Users/adriangarciagarcia/AndroidStudioProjects/MiniProyectoPersistenciaDatos/app/build.gradle.kts:50:42: Unexpected symbol
e: file:///Users/adriangarciagarcia/AndroidStudioProjects/MiniProyectoPersistenciaDatos/app/build.gradle.kts:50:44: Unexpected symbol
e: file:///Users/adriangarciagarcia/AndroidStudioProjects/MiniProyectoPersistenciaDatos/app/build.gradle.kts:51:5: Unexpected symbol
e: file:///Users/adriangarciagarcia/AndroidStudioProjects/MiniProyectoPersistenciaDatos/app/build.gradle.kts:51:19: Unexpected symbol
e: file:///Users/adriangarciagarcia/AndroidStudioProjects/MiniProyectoPersistenciaDatos/app/build.gradle.kts:51:20: Unexpected symbol
e: file:///Users/adriangarciagarcia/AndroidStudioProjects/MiniProyectoPersistenciaDatos/app/build.gradle.kts:51:24: Unexpected symbol
e: file:///Users/adriangarciagarcia/AndroidStudioProjects/MiniProyectoPersistenciaDatos/app/build.gradle.kts:51:25: Unexpected symbol
e: file:///Users/adriangarciagarcia/AndroidStudioProjects/MiniProyectoPersistenciaDatos/app/build.gradle.kts:51:33: Unexpected symbol
e: file:///Users/adriangarciagarcia/AndroidStudioProjects/MiniProyectoPersistenciaDatos/app/build.gradle.kts:51:34: Unexpected symbol
e: file:///Users/adriangarciagarcia/AndroidStudioProjects/MiniProyectoPersistenciaDatos/app/build.gradle.kts:51:41: Unexpected symbol
e: file:///Users/adriangarciagarcia/AndroidStudioProjects/MiniProyectoPersistenciaDatos/app/build.gradle.kts:51:42: Unexpected symbol
e: file:///Users/adriangarciagarcia/AndroidStudioProjects/MiniProyectoPersistenciaDatos/app/build.gradle.kts:51:44: Unexpected symbol
e: file:///Users/adriangarciagarcia/AndroidStudioProjects/MiniProyectoPersistenciaDatos/app/build.gradle.kts:51:45: Unexpected symbol
e: file:///Users/adriangarciagarcia/AndroidStudioProjects/MiniProyectoPersistenciaDatos/app/build.gradle.kts:51:53: Unexpected symbol
e: file:///Users/adriangarciagarcia/AndroidStudioProjects/MiniProyectoPersistenciaDatos/app/build.gradle.kts:52:5: Unexpected symbol
e: file:///Users/adriangarciagarcia/AndroidStudioProjects/MiniProyectoPersistenciaDatos/app/build.gradle.kts:52:19: Unexpected symbol
e: file:///Users/adriangarciagarcia/AndroidStudioProjects/MiniProyectoPersistenciaDatos/app/build.gradle.kts:52:20: Unexpected symbol
e: file:///Users/adriangarciagarcia/AndroidStudioProjects/MiniProyectoPersistenciaDatos/app/build.gradle.kts:52:24: Unexpected symbol
e: file:///Users/adriangarciagarcia/AndroidStudioProjects/MiniProyectoPersistenciaDatos/app/build.gradle.kts:52:25: Unexpected symbol
e: file:///Users/adriangarciagarcia/AndroidStudioProjects/MiniProyectoPersistenciaDatos/app/build.gradle.kts:52:33: Unexpected symbol
e: file:///Users/adriangarciagarcia/AndroidStudioProjects/MiniProyectoPersistenciaDatos/app/build.gradle.kts:52:34: Unexpected symbol
e: file:///Users/adriangarciagarcia/AndroidStudioProjects/MiniProyectoPersistenciaDatos/app/build.gradle.kts:52:41: Unexpected symbol
e: file:///Users/adriangarciagarcia/AndroidStudioProjects/MiniProyectoPersistenciaDatos/app/build.gradle.kts:52:42: Unexpected symbol
e: file:///Users/adriangarciagarcia/AndroidStudioProjects/MiniProyectoPersistenciaDatos/app/build.gradle.kts:52:44: Unexpected symbol
e: file:///Users/adriangarciagarcia/AndroidStudioProjects/MiniProyectoPersistenciaDatos/app/build.gradle.kts:52:45: Unexpected symbol
e: file:///Users/adriangarciagarcia/AndroidStudioProjects/MiniProyectoPersistenciaDatos/app/build.gradle.kts:52:52: Unexpected symbol
e: file:///Users/adriangarciagarcia/AndroidStudioProjects/MiniProyectoPersistenciaDatos/app/build.gradle.kts:52:53: Unexpected symbol
e: file:///Users/adriangarciagarcia/AndroidStudioProjects/MiniProyectoPersistenciaDatos/app/build.gradle.kts:52:60: Unexpected symbol
e: file:///Users/adriangarciagarcia/AndroidStudioProjects/MiniProyectoPersistenciaDatos/app/build.gradle.kts:53:5: Unexpected symbol
e: file:///Users/adriangarciagarcia/AndroidStudioProjects/MiniProyectoPersistenciaDatos/app/build.gradle.kts:53:19: Unexpected symbol
e: file:///Users/adriangarciagarcia/AndroidStudioProjects/MiniProyectoPersistenciaDatos/app/build.gradle.kts:53:20: Unexpected symbol
e: file:///Users/adriangarciagarcia/AndroidStudioProjects/MiniProyectoPersistenciaDatos/app/build.gradle.kts:53:24: Unexpected symbol
e: file:///Users/adriangarciagarcia/AndroidStudioProjects/MiniProyectoPersistenciaDatos/app/build.gradle.kts:53:25: Unexpected symbol
e: file:///Users/adriangarciagarcia/AndroidStudioProjects/MiniProyectoPersistenciaDatos/app/build.gradle.kts:53:33: Unexpected symbol
e: file:///Users/adriangarciagarcia/AndroidStudioProjects/MiniProyectoPersistenciaDatos/app/build.gradle.kts:53:34: Unexpected symbol
e: file:///Users/adriangarciagarcia/AndroidStudioProjects/MiniProyectoPersistenciaDatos/app/build.gradle.kts:53:41: Unexpected symbol
e: file:///Users/adriangarciagarcia/AndroidStudioProjects/MiniProyectoPersistenciaDatos/app/build.gradle.kts:53:42: Unexpected symbol
e: file:///Users/adriangarciagarcia/AndroidStudioProjects/MiniProyectoPersistenciaDatos/app/build.gradle.kts:53:51: Unexpected symbol
e: file:///Users/adriangarciagarcia/AndroidStudioProjects/MiniProyectoPersistenciaDatos/app/build.gradle.kts:56:5: Unexpected symbol
e: file:///Users/adriangarciagarcia/AndroidStudioProjects/MiniProyectoPersistenciaDatos/app/build.gradle.kts:56:19: Unexpected symbol
e: file:///Users/adriangarciagarcia/AndroidStudioProjects/MiniProyectoPersistenciaDatos/app/build.gradle.kts:56:20: Unexpected symbol
e: file:///Users/adriangarciagarcia/AndroidStudioProjects/MiniProyectoPersistenciaDatos/app/build.gradle.kts:56:24: Unexpected symbol
e: file:///Users/adriangarciagarcia/AndroidStudioProjects/MiniProyectoPersistenciaDatos/app/build.gradle.kts:56:25: Unexpected symbol
e: file:///Users/adriangarciagarcia/AndroidStudioProjects/MiniProyectoPersistenciaDatos/app/build.gradle.kts:56:33: Unexpected symbol
e: file:///Users/adriangarciagarcia/AndroidStudioProjects/MiniProyectoPersistenciaDatos/app/build.gradle.kts:56:34: Unexpected symbol
e: file:///Users/adriangarciagarcia/AndroidStudioProjects/MiniProyectoPersistenciaDatos/app/build.gradle.kts:56:38: Unexpected symbol
e: file:///Users/adriangarciagarcia/AndroidStudioProjects/MiniProyectoPersistenciaDatos/app/build.gradle.kts:56:39: Unexpected symbol
e: file:///Users/adriangarciagarcia/AndroidStudioProjects/MiniProyectoPersistenciaDatos/app/build.gradle.kts:56:46: Unexpected symbol
e: file:///Users/adriangarciagarcia/AndroidStudioProjects/MiniProyectoPersistenciaDatos/app/build.gradle.kts:57:5: Unexpected symbol
e: file:///Users/adriangarciagarcia/AndroidStudioProjects/MiniProyectoPersistenciaDatos/app/build.gradle.kts:57:19: Unexpected symbol
e: file:///Users/adriangarciagarcia/AndroidStudioProjects/MiniProyectoPersistenciaDatos/app/build.gradle.kts:57:20: Unexpected symbol
e: file:///Users/adriangarciagarcia/AndroidStudioProjects/MiniProyectoPersistenciaDatos/app/build.gradle.kts:57:24: Unexpected symbol
e: file:///Users/adriangarciagarcia/AndroidStudioProjects/MiniProyectoPersistenciaDatos/app/build.gradle.kts:57:25: Unexpected symbol
e: file:///Users/adriangarciagarcia/AndroidStudioProjects/MiniProyectoPersistenciaDatos/app/build.gradle.kts:57:33: Unexpected symbol
e: file:///Users/adriangarciagarcia/AndroidStudioProjects/MiniProyectoPersistenciaDatos/app/build.gradle.kts:57:34: Unexpected symbol
e: file:///Users/adriangarciagarcia/AndroidStudioProjects/MiniProyectoPersistenciaDatos/app/build.gradle.kts:57:38: Unexpected symbol
e: file:///Users/adriangarciagarcia/AndroidStudioProjects/MiniProyectoPersistenciaDatos/app/build.gradle.kts:57:39: Unexpected symbol
e: file:///Users/adriangarciagarcia/AndroidStudioProjects/MiniProyectoPersistenciaDatos/app/build.gradle.kts:57:42: Unexpected symbol
e: file:///Users/adriangarciagarcia/AndroidStudioProjects/MiniProyectoPersistenciaDatos/app/build.gradle.kts:58:5: Unexpected symbol
e: file:///Users/adriangarciagarcia/AndroidStudioProjects/MiniProyectoPersistenciaDatos/app/build.gradle.kts:58:19: Unexpected symbol
e: file:///Users/adriangarciagarcia/AndroidStudioProjects/MiniProyectoPersistenciaDatos/app/build.gradle.kts:58:20: Unexpected symbol
e: file:///Users/adriangarciagarcia/AndroidStudioProjects/MiniProyectoPersistenciaDatos/app/build.gradle.kts:58:24: Unexpected symbol
e: file:///Users/adriangarciagarcia/AndroidStudioProjects/MiniProyectoPersistenciaDatos/app/build.gradle.kts:58:25: Unexpected symbol
e: file:///Users/adriangarciagarcia/AndroidStudioProjects/MiniProyectoPersistenciaDatos/app/build.gradle.kts:58:35: Unexpected symbol
e: file:///Users/adriangarciagarcia/AndroidStudioProjects/MiniProyectoPersistenciaDatos/app/build.gradle.kts:58:36: Unexpected symbol
e: file:///Users/adriangarciagarcia/AndroidStudioProjects/MiniProyectoPersistenciaDatos/app/build.gradle.kts:58:43: Unexpected symbol
e: file:///Users/adriangarciagarcia/AndroidStudioProjects/MiniProyectoPersistenciaDatos/app/build.gradle.kts:59:5: Unexpected symbol
e: file:///Users/adriangarciagarcia/AndroidStudioProjects/MiniProyectoPersistenciaDatos/app/build.gradle.kts:59:8: Unexpected symbol
e: file:///Users/adriangarciagarcia/AndroidStudioProjects/MiniProyectoPersistenciaDatos/app/build.gradle.kts:59:9: Unexpected symbol
e: file:///Users/adriangarciagarcia/AndroidStudioProjects/MiniProyectoPersistenciaDatos/app/build.gradle.kts:59:13: Unexpected symbol
e: file:///Users/adriangarciagarcia/AndroidStudioProjects/MiniProyectoPersistenciaDatos/app/build.gradle.kts:59:14: Unexpected symbol
e: file:///Users/adriangarciagarcia/AndroidStudioProjects/MiniProyectoPersistenciaDatos/app/build.gradle.kts:59:22: Unexpected symbol
e: file:///Users/adriangarciagarcia/AndroidStudioProjects/MiniProyectoPersistenciaDatos/app/build.gradle.kts:59:23: Unexpected symbol
e: file:///Users/adriangarciagarcia/AndroidStudioProjects/MiniProyectoPersistenciaDatos/app/build.gradle.kts:59:27: Unexpected symbol
e: file:///Users/adriangarciagarcia/AndroidStudioProjects/MiniProyectoPersistenciaDatos/app/build.gradle.kts:59:28: Unexpected symbol
e: file:///Users/adriangarciagarcia/AndroidStudioProjects/MiniProyectoPersistenciaDatos/app/build.gradle.kts:59:36: Unexpected symbol
e: file:///Users/adriangarciagarcia/AndroidStudioProjects/MiniProyectoPersistenciaDatos/app/build.gradle.kts:62:5: Unexpected symbol
e: file:///Users/adriangarciagarcia/AndroidStudioProjects/MiniProyectoPersistenciaDatos/app/build.gradle.kts:62:19: Unexpected symbol
e: file:///Users/adriangarciagarcia/AndroidStudioProjects/MiniProyectoPersistenciaDatos/app/build.gradle.kts:62:20: Unexpected symbol
e: file:///Users/adriangarciagarcia/AndroidStudioProjects/MiniProyectoPersistenciaDatos/app/build.gradle.kts:62:24: Unexpected symbol
e: file:///Users/adriangarciagarcia/AndroidStudioProjects/MiniProyectoPersistenciaDatos/app/build.gradle.kts:62:25: Unexpected symbol
e: file:///Users/adriangarciagarcia/AndroidStudioProjects/MiniProyectoPersistenciaDatos/app/build.gradle.kts:62:33: Unexpected symbol
e: file:///Users/adriangarciagarcia/AndroidStudioProjects/MiniProyectoPersistenciaDatos/app/build.gradle.kts:62:34: Unexpected symbol
e: file:///Users/adriangarciagarcia/AndroidStudioProjects/MiniProyectoPersistenciaDatos/app/build.gradle.kts:62:43: Unexpected symbol
e: file:///Users/adriangarciagarcia/AndroidStudioProjects/MiniProyectoPersistenciaDatos/app/build.gradle.kts:62:44: Unexpected symbol
e: file:///Users/adriangarciagarcia/AndroidStudioProjects/MiniProyectoPersistenciaDatos/app/build.gradle.kts:62:55: Unexpected symbol
e: file:///Users/adriangarciagarcia/AndroidStudioProjects/MiniProyectoPersistenciaDatos/app/build.gradle.kts:65:5: Unexpected symbol
e: file:///Users/adriangarciagarcia/AndroidStudioProjects/MiniProyectoPersistenciaDatos/app/build.gradle.kts:65:19: Unexpected symbol
e: file:///Users/adriangarciagarcia/AndroidStudioProjects/MiniProyectoPersistenciaDatos/app/build.gradle.kts:65:20: Unexpected symbol
e: file:///Users/adriangarciagarcia/AndroidStudioProjects/MiniProyectoPersistenciaDatos/app/build.gradle.kts:65:24: Unexpected symbol
e: file:///Users/adriangarciagarcia/AndroidStudioProjects/MiniProyectoPersistenciaDatos/app/build.gradle.kts:65:25: Unexpected symbol
e: file:///Users/adriangarciagarcia/AndroidStudioProjects/MiniProyectoPersistenciaDatos/app/build.gradle.kts:65:33: Unexpected symbol
e: file:///Users/adriangarciagarcia/AndroidStudioProjects/MiniProyectoPersistenciaDatos/app/build.gradle.kts:65:34: Unexpected symbol
e: file:///Users/adriangarciagarcia/AndroidStudioProjects/MiniProyectoPersistenciaDatos/app/build.gradle.kts:65:44: Unexpected symbol
e: file:///Users/adriangarciagarcia/AndroidStudioProjects/MiniProyectoPersistenciaDatos/app/build.gradle.kts:65:45: Unexpected symbol
e: file:///Users/adriangarciagarcia/AndroidStudioProjects/MiniProyectoPersistenciaDatos/app/build.gradle.kts:65:52: Unexpected symbol
e: file:///Users/adriangarciagarcia/AndroidStudioProjects/MiniProyectoPersistenciaDatos/app/build.gradle.kts:68:5: Unexpected symbol
e: file:///Users/adriangarciagarcia/AndroidStudioProjects/MiniProyectoPersistenciaDatos/app/build.gradle.kts:68:19: Unexpected symbol
e: file:///Users/adriangarciagarcia/AndroidStudioProjects/MiniProyectoPersistenciaDatos/app/build.gradle.kts:68:20: Unexpected symbol
e: file:///Users/adriangarciagarcia/AndroidStudioProjects/MiniProyectoPersistenciaDatos/app/build.gradle.kts:68:24: Unexpected symbol
e: file:///Users/adriangarciagarcia/AndroidStudioProjects/MiniProyectoPersistenciaDatos/app/build.gradle.kts:68:25: Unexpected symbol
e: file:///Users/adriangarciagarcia/AndroidStudioProjects/MiniProyectoPersistenciaDatos/app/build.gradle.kts:68:33: Unexpected symbol
e: file:///Users/adriangarciagarcia/AndroidStudioProjects/MiniProyectoPersistenciaDatos/app/build.gradle.kts:68:34: Unexpected symbol
e: file:///Users/adriangarciagarcia/AndroidStudioProjects/MiniProyectoPersistenciaDatos/app/build.gradle.kts:68:43: Unexpected symbol
e: file:///Users/adriangarciagarcia/AndroidStudioProjects/MiniProyectoPersistenciaDatos/app/build.gradle.kts:68:44: Unexpected symbol
e: file:///Users/adriangarciagarcia/AndroidStudioProjects/MiniProyectoPersistenciaDatos/app/build.gradle.kts:68:53: Unexpected symbol
e: file:///Users/adriangarciagarcia/AndroidStudioProjects/MiniProyectoPersistenciaDatos/app/build.gradle.kts:68:54: Unexpected symbol
e: file:///Users/adriangarciagarcia/AndroidStudioProjects/MiniProyectoPersistenciaDatos/app/build.gradle.kts:68:61: Unexpected symbol
e: file:///Users/adriangarciagarcia/AndroidStudioProjects/MiniProyectoPersistenciaDatos/app/build.gradle.kts:71:5: Unexpected symbol
e: file:///Users/adriangarciagarcia/AndroidStudioProjects/MiniProyectoPersistenciaDatos/app/build.gradle.kts:71:19: Unexpected symbol
e: file:///Users/adriangarciagarcia/AndroidStudioProjects/MiniProyectoPersistenciaDatos/app/build.gradle.kts:71:20: Unexpected symbol
e: file:///Users/adriangarciagarcia/AndroidStudioProjects/MiniProyectoPersistenciaDatos/app/build.gradle.kts:71:24: Unexpected symbol
e: file:///Users/adriangarciagarcia/AndroidStudioProjects/MiniProyectoPersistenciaDatos/app/build.gradle.kts:71:25: Unexpected symbol
e: file:///Users/adriangarciagarcia/AndroidStudioProjects/MiniProyectoPersistenciaDatos/app/build.gradle.kts:71:33: Unexpected symbol
e: file:///Users/adriangarciagarcia/AndroidStudioProjects/MiniProyectoPersistenciaDatos/app/build.gradle.kts:71:34: Unexpected symbol
e: file:///Users/adriangarciagarcia/AndroidStudioProjects/MiniProyectoPersistenciaDatos/app/build.gradle.kts:71:41: Unexpected symbol
e: file:///Users/adriangarciagarcia/AndroidStudioProjects/MiniProyectoPersistenciaDatos/app/build.gradle.kts:71:42: Unexpected symbol
e: file:///Users/adriangarciagarcia/AndroidStudioProjects/MiniProyectoPersistenciaDatos/app/build.gradle.kts:71:50: Unexpected symbol
e: file:///Users/adriangarciagarcia/AndroidStudioProjects/MiniProyectoPersistenciaDatos/app/build.gradle.kts:71:51: Unexpected symbol
e: file:///Users/adriangarciagarcia/AndroidStudioProjects/MiniProyectoPersistenciaDatos/app/build.gradle.kts:71:56: Unexpected symbol
e: file:///Users/adriangarciagarcia/AndroidStudioProjects/MiniProyectoPersistenciaDatos/app/build.gradle.kts:71:57: Unexpected symbol
e: file:///Users/adriangarciagarcia/AndroidStudioProjects/MiniProyectoPersistenciaDatos/app/build.gradle.kts:71:65: Unexpected symbol
e: file:///Users/adriangarciagarcia/AndroidStudioProjects/MiniProyectoPersistenciaDatos/app/build.gradle.kts:73:5: Unexpected symbol
e: file:///Users/adriangarciagarcia/AndroidStudioProjects/MiniProyectoPersistenciaDatos/app/build.gradle.kts:73:23: Unexpected symbol
e: file:///Users/adriangarciagarcia/AndroidStudioProjects/MiniProyectoPersistenciaDatos/app/build.gradle.kts:73:24: Unexpected symbol
e: file:///Users/adriangarciagarcia/AndroidStudioProjects/MiniProyectoPersistenciaDatos/app/build.gradle.kts:73:28: Unexpected symbol
e: file:///Users/adriangarciagarcia/AndroidStudioProjects/MiniProyectoPersistenciaDatos/app/build.gradle.kts:73:29: Unexpected symbol
e: file:///Users/adriangarciagarcia/AndroidStudioProjects/MiniProyectoPersistenciaDatos/app/build.gradle.kts:73:34: Unexpected symbol
e: file:///Users/adriangarciagarcia/AndroidStudioProjects/MiniProyectoPersistenciaDatos/app/build.gradle.kts:74:5: Unexpected symbol
e: file:///Users/adriangarciagarcia/AndroidStudioProjects/MiniProyectoPersistenciaDatos/app/build.gradle.kts:74:30: Unexpected symbol
e: file:///Users/adriangarciagarcia/AndroidStudioProjects/MiniProyectoPersistenciaDatos/app/build.gradle.kts:74:31: Unexpected symbol
e: file:///Users/adriangarciagarcia/AndroidStudioProjects/MiniProyectoPersistenciaDatos/app/build.gradle.kts:74:35: Unexpected symbol
e: file:///Users/adriangarciagarcia/AndroidStudioProjects/MiniProyectoPersistenciaDatos/app/build.gradle.kts:74:36: Unexpected symbol
e: file:///Users/adriangarciagarcia/AndroidStudioProjects/MiniProyectoPersistenciaDatos/app/build.gradle.kts:74:44: Unexpected symbol
e: file:///Users/adriangarciagarcia/AndroidStudioProjects/MiniProyectoPersistenciaDatos/app/build.gradle.kts:74:45: Unexpected symbol
e: file:///Users/adriangarciagarcia/AndroidStudioProjects/MiniProyectoPersistenciaDatos/app/build.gradle.kts:74:50: Unexpected symbol
e: file:///Users/adriangarciagarcia/AndroidStudioProjects/MiniProyectoPersistenciaDatos/app/build.gradle.kts:75:5: Unexpected symbol
e: file:///Users/adriangarciagarcia/AndroidStudioProjects/MiniProyectoPersistenciaDatos/app/build.gradle.kts:75:30: Unexpected symbol
e: file:///Users/adriangarciagarcia/AndroidStudioProjects/MiniProyectoPersistenciaDatos/app/build.gradle.kts:75:31: Unexpected symbol
e: file:///Users/adriangarciagarcia/AndroidStudioProjects/MiniProyectoPersistenciaDatos/app/build.gradle.kts:75:35: Unexpected symbol
e: file:///Users/adriangarciagarcia/AndroidStudioProjects/MiniProyectoPersistenciaDatos/app/build.gradle.kts:75:36: Unexpected symbol
e: file:///Users/adriangarciagarcia/AndroidStudioProjects/MiniProyectoPersistenciaDatos/app/build.gradle.kts:75:44: Unexpected symbol
e: file:///Users/adriangarciagarcia/AndroidStudioProjects/MiniProyectoPersistenciaDatos/app/build.gradle.kts:75:45: Unexpected symbol
e: file:///Users/adriangarciagarcia/AndroidStudioProjects/MiniProyectoPersistenciaDatos/app/build.gradle.kts:75:53: Unexpected symbol
e: file:///Users/adriangarciagarcia/AndroidStudioProjects/MiniProyectoPersistenciaDatos/app/build.gradle.kts:75:54: Unexpected symbol
e: file:///Users/adriangarciagarcia/AndroidStudioProjects/MiniProyectoPersistenciaDatos/app/build.gradle.kts:75:58: Unexpected symbol
e: file:///Users/adriangarciagarcia/AndroidStudioProjects/MiniProyectoPersistenciaDatos/app/build.gradle.kts:76:5: Unexpected symbol
e: file:///Users/adriangarciagarcia/AndroidStudioProjects/MiniProyectoPersistenciaDatos/app/build.gradle.kts:76:30: Unexpected symbol
e: file:///Users/adriangarciagarcia/AndroidStudioProjects/MiniProyectoPersistenciaDatos/app/build.gradle.kts:76:31: Unexpected symbol
e: file:///Users/adriangarciagarcia/AndroidStudioProjects/MiniProyectoPersistenciaDatos/app/build.gradle.kts:76:39: Unexpected symbol
e: file:///Users/adriangarciagarcia/AndroidStudioProjects/MiniProyectoPersistenciaDatos/app/build.gradle.kts:76:40: Unexpected symbol
e: file:///Users/adriangarciagarcia/AndroidStudioProjects/MiniProyectoPersistenciaDatos/app/build.gradle.kts:76:44: Unexpected symbol
e: file:///Users/adriangarciagarcia/AndroidStudioProjects/MiniProyectoPersistenciaDatos/app/build.gradle.kts:76:45: Unexpected symbol
e: file:///Users/adriangarciagarcia/AndroidStudioProjects/MiniProyectoPersistenciaDatos/app/build.gradle.kts:76:53: Unexpected symbol
e: file:///Users/adriangarciagarcia/AndroidStudioProjects/MiniProyectoPersistenciaDatos/app/build.gradle.kts:76:54: Unexpected symbol
e: file:///Users/adriangarciagarcia/AndroidStudioProjects/MiniProyectoPersistenciaDatos/app/build.gradle.kts:76:61: Unexpected symbol
e: file:///Users/adriangarciagarcia/AndroidStudioProjects/MiniProyectoPersistenciaDatos/app/build.gradle.kts:76:62: Unexpected symbol
e: file:///Users/adriangarciagarcia/AndroidStudioProjects/MiniProyectoPersistenciaDatos/app/build.gradle.kts:76:65: Unexpected symbol
e: file:///Users/adriangarciagarcia/AndroidStudioProjects/MiniProyectoPersistenciaDatos/app/build.gradle.kts:76:66: Unexpected symbol
e: file:///Users/adriangarciagarcia/AndroidStudioProjects/MiniProyectoPersistenciaDatos/app/build.gradle.kts:77:5: Unexpected symbol
e: file:///Users/adriangarciagarcia/AndroidStudioProjects/MiniProyectoPersistenciaDatos/app/build.gradle.kts:77:30: Unexpected symbol
e: file:///Users/adriangarciagarcia/AndroidStudioProjects/MiniProyectoPersistenciaDatos/app/build.gradle.kts:77:31: Unexpected symbol
e: file:///Users/adriangarciagarcia/AndroidStudioProjects/MiniProyectoPersistenciaDatos/app/build.gradle.kts:77:35: Unexpected symbol
e: file:///Users/adriangarciagarcia/AndroidStudioProjects/MiniProyectoPersistenciaDatos/app/build.gradle.kts:77:36: Unexpected symbol
e: file:///Users/adriangarciagarcia/AndroidStudioProjects/MiniProyectoPersistenciaDatos/app/build.gradle.kts:77:44: Unexpected symbol
e: file:///Users/adriangarciagarcia/AndroidStudioProjects/MiniProyectoPersistenciaDatos/app/build.gradle.kts:77:45: Unexpected symbol
e: file:///Users/adriangarciagarcia/AndroidStudioProjects/MiniProyectoPersistenciaDatos/app/build.gradle.kts:77:52: Unexpected symbol
e: file:///Users/adriangarciagarcia/AndroidStudioProjects/MiniProyectoPersistenciaDatos/app/build.gradle.kts:77:53: Unexpected symbol
e: file:///Users/adriangarciagarcia/AndroidStudioProjects/MiniProyectoPersistenciaDatos/app/build.gradle.kts:77:55: Unexpected symbol
e: file:///Users/adriangarciagarcia/AndroidStudioProjects/MiniProyectoPersistenciaDatos/app/build.gradle.kts:77:56: Unexpected symbol
e: file:///Users/adriangarciagarcia/AndroidStudioProjects/MiniProyectoPersistenciaDatos/app/build.gradle.kts:77:60: Unexpected symbol
e: file:///Users/adriangarciagarcia/AndroidStudioProjects/MiniProyectoPersistenciaDatos/app/build.gradle.kts:77:61: Unexpected symbol
e: file:///Users/adriangarciagarcia/AndroidStudioProjects/MiniProyectoPersistenciaDatos/app/build.gradle.kts:77:67: Unexpected symbol
e: file:///Users/adriangarciagarcia/AndroidStudioProjects/MiniProyectoPersistenciaDatos/app/build.gradle.kts:78:5: Unexpected symbol
e: file:///Users/adriangarciagarcia/AndroidStudioProjects/MiniProyectoPersistenciaDatos/app/build.gradle.kts:78:24: Unexpected symbol
e: file:///Users/adriangarciagarcia/AndroidStudioProjects/MiniProyectoPersistenciaDatos/app/build.gradle.kts:78:25: Unexpected symbol
e: file:///Users/adriangarciagarcia/AndroidStudioProjects/MiniProyectoPersistenciaDatos/app/build.gradle.kts:78:29: Unexpected symbol
e: file:///Users/adriangarciagarcia/AndroidStudioProjects/MiniProyectoPersistenciaDatos/app/build.gradle.kts:78:30: Unexpected symbol
e: file:///Users/adriangarciagarcia/AndroidStudioProjects/MiniProyectoPersistenciaDatos/app/build.gradle.kts:78:38: Unexpected symbol
e: file:///Users/adriangarciagarcia/AndroidStudioProjects/MiniProyectoPersistenciaDatos/app/build.gradle.kts:78:39: Unexpected symbol
e: file:///Users/adriangarciagarcia/AndroidStudioProjects/MiniProyectoPersistenciaDatos/app/build.gradle.kts:78:46: Unexpected symbol
e: file:///Users/adriangarciagarcia/AndroidStudioProjects/MiniProyectoPersistenciaDatos/app/build.gradle.kts:78:47: Unexpected symbol
e: file:///Users/adriangarciagarcia/AndroidStudioProjects/MiniProyectoPersistenciaDatos/app/build.gradle.kts:78:49: Unexpected symbol
e: file:///Users/adriangarciagarcia/AndroidStudioProjects/MiniProyectoPersistenciaDatos/app/build.gradle.kts:78:50: Unexpected symbol
e: file:///Users/adriangarciagarcia/AndroidStudioProjects/MiniProyectoPersistenciaDatos/app/build.gradle.kts:78:57: Unexpected symbol
e: file:///Users/adriangarciagarcia/AndroidStudioProjects/MiniProyectoPersistenciaDatos/app/build.gradle.kts:79:5: Unexpected symbol
e: file:///Users/adriangarciagarcia/AndroidStudioProjects/MiniProyectoPersistenciaDatos/app/build.gradle.kts:79:24: Unexpected symbol
e: file:///Users/adriangarciagarcia/AndroidStudioProjects/MiniProyectoPersistenciaDatos/app/build.gradle.kts:79:25: Unexpected symbol
e: file:///Users/adriangarciagarcia/AndroidStudioProjects/MiniProyectoPersistenciaDatos/app/build.gradle.kts:79:29: Unexpected symbol
e: file:///Users/adriangarciagarcia/AndroidStudioProjects/MiniProyectoPersistenciaDatos/app/build.gradle.kts:79:30: Unexpected symbol
e: file:///Users/adriangarciagarcia/AndroidStudioProjects/MiniProyectoPersistenciaDatos/app/build.gradle.kts:79:38: Unexpected symbol
e: file:///Users/adriangarciagarcia/AndroidStudioProjects/MiniProyectoPersistenciaDatos/app/build.gradle.kts:79:39: Unexpected symbol
e: file:///Users/adriangarciagarcia/AndroidStudioProjects/MiniProyectoPersistenciaDatos/app/build.gradle.kts:79:46: Unexpected symbol
e: file:///Users/adriangarciagarcia/AndroidStudioProjects/MiniProyectoPersistenciaDatos/app/build.gradle.kts:79:47: Unexpected symbol
e: file:///Users/adriangarciagarcia/AndroidStudioProjects/MiniProyectoPersistenciaDatos/app/build.gradle.kts:79:49: Unexpected symbol
e: file:///Users/adriangarciagarcia/AndroidStudioProjects/MiniProyectoPersistenciaDatos/app/build.gradle.kts:79:50: Unexpected symbol
e: file:///Users/adriangarciagarcia/AndroidStudioProjects/MiniProyectoPersistenciaDatos/app/build.gradle.kts:79:54: Unexpected symbol
e: file:///Users/adriangarciagarcia/AndroidStudioProjects/MiniProyectoPersistenciaDatos/app/build.gradle.kts:79:55: Unexpected symbol
e: file:///Users/adriangarciagarcia/AndroidStudioProjects/MiniProyectoPersistenciaDatos/app/build.gradle.kts:79:63: Unexpected symbol
e: file:///Users/adriangarciagarcia/AndroidStudioProjects/MiniProyectoPersistenciaDatos/app/build.gradle.kts:80:1: Unexpected symbol
e: file:///Users/adriangarciagarcia/AndroidStudioProjects/MiniProyectoPersistenciaDatos/app/build.gradle.kts:38:9: Unresolved reference: compose
e: file:///Users/adriangarciagarcia/AndroidStudioProjects/MiniProyectoPersistenciaDatos/app/build.gradle.kts:40:5: Unresolved reference: composeOptions
e: file:///Users/adriangarciagarcia/AndroidStudioProjects/MiniProyectoPersistenciaDatos/app/build.gradle.kts:41:9: Unresolved reference: kotlinCompilerExtensionVersion

FAILURE: Build completed with 2 failures.

1: Task failed with an exception.
-----------
* Where:
Build file '/Users/adriangarciagarcia/AndroidStudioProjects/MiniProyectoPersistenciaDatos/app/build.gradle.kts' line: 38

* What went wrong:
Script compilation errors:

  Line 38:         compose = true
                   ^ Unresolved reference: compose

  Line 40:     composeOptions {
               ^ Unresolved reference: composeOptions

  Line 41:         kotlinCompilerExtensionVersion = "1.5.10"
                   ^ Unresolved reference: kotlinCompilerExtensionVersion

  Line 43: }
           ^ Unexpected symbol

  Line 45: dependencies {
           ^ Unexpected symbol

  Line 45: dependencies {
                        ^ Unexpected symbol

  Line 46:     implementation(libs.androidx.core.ktx)
               ^ Unexpected symbol

  Line 46:     implementation(libs.androidx.core.ktx)
                             ^ Unexpected symbol

  Line 46:     implementation(libs.androidx.core.ktx)
                              ^ Unexpected symbol

  Line 46:     implementation(libs.androidx.core.ktx)
                                  ^ Unexpected symbol

  Line 46:     implementation(libs.androidx.core.ktx)
                                   ^ Unexpected symbol

  Line 46:     implementation(libs.androidx.core.ktx)
                                           ^ Unexpected symbol

  Line 46:     implementation(libs.androidx.core.ktx)
                                            ^ Unexpected symbol

  Line 46:     implementation(libs.androidx.core.ktx)
                                                ^ Unexpected symbol

  Line 46:     implementation(libs.androidx.core.ktx)
                                                 ^ Unexpected symbol

  Line 46:     implementation(libs.androidx.core.ktx)
                                                    ^ Unexpected symbol

  Line 47:     implementation(libs.androidx.lifecycle.runtime.ktx)
               ^ Unexpected symbol

  Line 47:     implementation(libs.androidx.lifecycle.runtime.ktx)
                             ^ Unexpected symbol

  Line 47:     implementation(libs.androidx.lifecycle.runtime.ktx)
                              ^ Unexpected symbol

  Line 47:     implementation(libs.androidx.lifecycle.runtime.ktx)
                                  ^ Unexpected symbol

  Line 47:     implementation(libs.androidx.lifecycle.runtime.ktx)
                                   ^ Unexpected symbol

  Line 47:     implementation(libs.androidx.lifecycle.runtime.ktx)
                                           ^ Unexpected symbol

  Line 47:     implementation(libs.androidx.lifecycle.runtime.ktx)
                                            ^ Unexpected symbol

  Line 47:     implementation(libs.androidx.lifecycle.runtime.ktx)
                                                     ^ Unexpected symbol

  Line 47:     implementation(libs.androidx.lifecycle.runtime.ktx)
                                                      ^ Unexpected symbol

  Line 47:     implementation(libs.androidx.lifecycle.runtime.ktx)
                                                             ^ Unexpected symbol

  Line 47:     implementation(libs.androidx.lifecycle.runtime.ktx)
                                                              ^ Unexpected symbol

  Line 47:     implementation(libs.androidx.lifecycle.runtime.ktx)
                                                                 ^ Unexpected symbol

  Line 48:     implementation(libs.androidx.activity.compose)
               ^ Unexpected symbol

  Line 48:     implementation(libs.androidx.activity.compose)
                             ^ Unexpected symbol

  Line 48:     implementation(libs.androidx.activity.compose)
                              ^ Unexpected symbol

  Line 48:     implementation(libs.androidx.activity.compose)
                                  ^ Unexpected symbol

  Line 48:     implementation(libs.androidx.activity.compose)
                                   ^ Unexpected symbol

  Line 48:     implementation(libs.androidx.activity.compose)
                                           ^ Unexpected symbol

  Line 48:     implementation(libs.androidx.activity.compose)
                                            ^ Unexpected symbol

  Line 48:     implementation(libs.androidx.activity.compose)
                                                    ^ Unexpected symbol

  Line 48:     implementation(libs.androidx.activity.compose)
                                                     ^ Unexpected symbol

  Line 48:     implementation(libs.androidx.activity.compose)
                                                            ^ Unexpected symbol

  Line 49:     implementation(platform(libs.androidx.compose.bom))
               ^ Unexpected symbol

  Line 49:     implementation(platform(libs.androidx.compose.bom))
                             ^ Unexpected symbol

  Line 49:     implementation(platform(libs.androidx.compose.bom))
                              ^ Unexpected symbol

  Line 49:     implementation(platform(libs.androidx.compose.bom))
                                      ^ Unexpected symbol

  Line 49:     implementation(platform(libs.androidx.compose.bom))
                                       ^ Unexpected symbol

  Line 49:     implementation(platform(libs.androidx.compose.bom))
                                           ^ Unexpected symbol

  Line 49:     implementation(platform(libs.androidx.compose.bom))
                                            ^ Unexpected symbol

  Line 49:     implementation(platform(libs.androidx.compose.bom))
                                                    ^ Unexpected symbol

  Line 49:     implementation(platform(libs.androidx.compose.bom))
                                                     ^ Unexpected symbol

  Line 49:     implementation(platform(libs.androidx.compose.bom))
                                                            ^ Unexpected symbol

  Line 49:     implementation(platform(libs.androidx.compose.bom))
                                                             ^ Unexpected symbol

  Line 49:     implementation(platform(libs.androidx.compose.bom))
                                                                ^ Unexpected symbol

  Line 49:     implementation(platform(libs.androidx.compose.bom))
                                                                 ^ Unexpected symbol

  Line 50:     implementation(libs.androidx.compose.ui)
               ^ Unexpected symbol

  Line 50:     implementation(libs.androidx.compose.ui)
                             ^ Unexpected symbol

  Line 50:     implementation(libs.androidx.compose.ui)
                              ^ Unexpected symbol

  Line 50:     implementation(libs.androidx.compose.ui)
                                  ^ Unexpected symbol

  Line 50:     implementation(libs.androidx.compose.ui)
                                   ^ Unexpected symbol

  Line 50:     implementation(libs.androidx.compose.ui)
                                           ^ Unexpected symbol

  Line 50:     implementation(libs.androidx.compose.ui)
                                            ^ Unexpected symbol

  Line 50:     implementation(libs.androidx.compose.ui)
                                                   ^ Unexpected symbol

  Line 50:     implementation(libs.androidx.compose.ui)
                                                    ^ Unexpected symbol

  Line 50:     implementation(libs.androidx.compose.ui)
                                                      ^ Unexpected symbol

  Line 51:     implementation(libs.androidx.compose.ui.graphics)
               ^ Unexpected symbol

  Line 51:     implementation(libs.androidx.compose.ui.graphics)
                             ^ Unexpected symbol

  Line 51:     implementation(libs.androidx.compose.ui.graphics)
                              ^ Unexpected symbol

  Line 51:     implementation(libs.androidx.compose.ui.graphics)
                                  ^ Unexpected symbol

  Line 51:     implementation(libs.androidx.compose.ui.graphics)
                                   ^ Unexpected symbol

  Line 51:     implementation(libs.androidx.compose.ui.graphics)
                                           ^ Unexpected symbol

  Line 51:     implementation(libs.androidx.compose.ui.graphics)
                                            ^ Unexpected symbol

  Line 51:     implementation(libs.androidx.compose.ui.graphics)
                                                   ^ Unexpected symbol

  Line 51:     implementation(libs.androidx.compose.ui.graphics)
                                                    ^ Unexpected symbol

  Line 51:     implementation(libs.androidx.compose.ui.graphics)
                                                      ^ Unexpected symbol

  Line 51:     implementation(libs.androidx.compose.ui.graphics)
                                                       ^ Unexpected symbol

  Line 51:     implementation(libs.androidx.compose.ui.graphics)
                                                               ^ Unexpected symbol

  Line 52:     implementation(libs.androidx.compose.ui.tooling.preview)
               ^ Unexpected symbol

  Line 52:     implementation(libs.androidx.compose.ui.tooling.preview)
                             ^ Unexpected symbol

  Line 52:     implementation(libs.androidx.compose.ui.tooling.preview)
                              ^ Unexpected symbol

  Line 52:     implementation(libs.androidx.compose.ui.tooling.preview)
                                  ^ Unexpected symbol

  Line 52:     implementation(libs.androidx.compose.ui.tooling.preview)
                                   ^ Unexpected symbol

  Line 52:     implementation(libs.androidx.compose.ui.tooling.preview)
                                           ^ Unexpected symbol

  Line 52:     implementation(libs.androidx.compose.ui.tooling.preview)
                                            ^ Unexpected symbol

  Line 52:     implementation(libs.androidx.compose.ui.tooling.preview)
                                                   ^ Unexpected symbol

  Line 52:     implementation(libs.androidx.compose.ui.tooling.preview)
                                                    ^ Unexpected symbol

  Line 52:     implementation(libs.androidx.compose.ui.tooling.preview)
                                                      ^ Unexpected symbol

  Line 52:     implementation(libs.androidx.compose.ui.tooling.preview)
                                                       ^ Unexpected symbol

  Line 52:     implementation(libs.androidx.compose.ui.tooling.preview)
                                                              ^ Unexpected symbol

  Line 52:     implementation(libs.androidx.compose.ui.tooling.preview)
                                                               ^ Unexpected symbol

  Line 52:     implementation(libs.androidx.compose.ui.tooling.preview)
                                                                      ^ Unexpected symbol

  Line 53:     implementation(libs.androidx.compose.material3)
               ^ Unexpected symbol

  Line 53:     implementation(libs.androidx.compose.material3)
                             ^ Unexpected symbol

  Line 53:     implementation(libs.androidx.compose.material3)
                              ^ Unexpected symbol

  Line 53:     implementation(libs.androidx.compose.material3)
                                  ^ Unexpected symbol

  Line 53:     implementation(libs.androidx.compose.material3)
                                   ^ Unexpected symbol

  Line 53:     implementation(libs.androidx.compose.material3)
                                           ^ Unexpected symbol

  Line 53:     implementation(libs.androidx.compose.material3)
                                            ^ Unexpected symbol

  Line 53:     implementation(libs.androidx.compose.material3)
                                                   ^ Unexpected symbol

  Line 53:     implementation(libs.androidx.compose.material3)
                                                    ^ Unexpected symbol

  Line 53:     implementation(libs.androidx.compose.material3)
                                                             ^ Unexpected symbol

  Line 56:     implementation(libs.androidx.room.runtime)
               ^ Unexpected symbol

  Line 56:     implementation(libs.androidx.room.runtime)
                             ^ Unexpected symbol

  Line 56:     implementation(libs.androidx.room.runtime)
                              ^ Unexpected symbol

  Line 56:     implementation(libs.androidx.room.runtime)
                                  ^ Unexpected symbol

  Line 56:     implementation(libs.androidx.room.runtime)
                                   ^ Unexpected symbol

  Line 56:     implementation(libs.androidx.room.runtime)
                                           ^ Unexpected symbol

  Line 56:     implementation(libs.androidx.room.runtime)
                                            ^ Unexpected symbol

  Line 56:     implementation(libs.androidx.room.runtime)
                                                ^ Unexpected symbol

  Line 56:     implementation(libs.androidx.room.runtime)
                                                 ^ Unexpected symbol

  Line 56:     implementation(libs.androidx.room.runtime)
                                                        ^ Unexpected symbol

  Line 57:     implementation(libs.androidx.room.ktx)
               ^ Unexpected symbol

  Line 57:     implementation(libs.androidx.room.ktx)
                             ^ Unexpected symbol

  Line 57:     implementation(libs.androidx.room.ktx)
                              ^ Unexpected symbol

  Line 57:     implementation(libs.androidx.room.ktx)
                                  ^ Unexpected symbol

  Line 57:     implementation(libs.androidx.room.ktx)
                                   ^ Unexpected symbol

  Line 57:     implementation(libs.androidx.room.ktx)
                                           ^ Unexpected symbol

  Line 57:     implementation(libs.androidx.room.ktx)
                                            ^ Unexpected symbol

  Line 57:     implementation(libs.androidx.room.ktx)
                                                ^ Unexpected symbol

  Line 57:     implementation(libs.androidx.room.ktx)
                                                 ^ Unexpected symbol

  Line 57:     implementation(libs.androidx.room.ktx)
                                                    ^ Unexpected symbol

  Line 58:     implementation(libs.navigation.compose)
               ^ Unexpected symbol

  Line 58:     implementation(libs.navigation.compose)
                             ^ Unexpected symbol

  Line 58:     implementation(libs.navigation.compose)
                              ^ Unexpected symbol

  Line 58:     implementation(libs.navigation.compose)
                                  ^ Unexpected symbol

  Line 58:     implementation(libs.navigation.compose)
                                   ^ Unexpected symbol

  Line 58:     implementation(libs.navigation.compose)
                                             ^ Unexpected symbol

  Line 58:     implementation(libs.navigation.compose)
                                              ^ Unexpected symbol

  Line 58:     implementation(libs.navigation.compose)
                                                     ^ Unexpected symbol

  Line 59:     ksp(libs.androidx.room.compiler)
               ^ Unexpected symbol

  Line 59:     ksp(libs.androidx.room.compiler)
                  ^ Unexpected symbol

  Line 59:     ksp(libs.androidx.room.compiler)
                   ^ Unexpected symbol

  Line 59:     ksp(libs.androidx.room.compiler)
                       ^ Unexpected symbol

  Line 59:     ksp(libs.androidx.room.compiler)
                        ^ Unexpected symbol

  Line 59:     ksp(libs.androidx.room.compiler)
                                ^ Unexpected symbol

  Line 59:     ksp(libs.androidx.room.compiler)
                                 ^ Unexpected symbol

  Line 59:     ksp(libs.androidx.room.compiler)
                                     ^ Unexpected symbol

  Line 59:     ksp(libs.androidx.room.compiler)
                                      ^ Unexpected symbol

  Line 59:     ksp(libs.androidx.room.compiler)
                                              ^ Unexpected symbol

  Line 62:     implementation(libs.androidx.datastore.preferences)
               ^ Unexpected symbol

  Line 62:     implementation(libs.androidx.datastore.preferences)
                             ^ Unexpected symbol

  Line 62:     implementation(libs.androidx.datastore.preferences)
                              ^ Unexpected symbol

  Line 62:     implementation(libs.androidx.datastore.preferences)
                                  ^ Unexpected symbol

  Line 62:     implementation(libs.androidx.datastore.preferences)
                                   ^ Unexpected symbol

  Line 62:     implementation(libs.androidx.datastore.preferences)
                                           ^ Unexpected symbol

  Line 62:     implementation(libs.androidx.datastore.preferences)
                                            ^ Unexpected symbol

  Line 62:     implementation(libs.androidx.datastore.preferences)
                                                     ^ Unexpected symbol

  Line 62:     implementation(libs.androidx.datastore.preferences)
                                                      ^ Unexpected symbol

  Line 62:     implementation(libs.androidx.datastore.preferences)
                                                                 ^ Unexpected symbol

  Line 65:     implementation(libs.androidx.navigation.compose)
               ^ Unexpected symbol

  Line 65:     implementation(libs.androidx.navigation.compose)
                             ^ Unexpected symbol

  Line 65:     implementation(libs.androidx.navigation.compose)
                              ^ Unexpected symbol

  Line 65:     implementation(libs.androidx.navigation.compose)
                                  ^ Unexpected symbol

  Line 65:     implementation(libs.androidx.navigation.compose)
                                   ^ Unexpected symbol

  Line 65:     implementation(libs.androidx.navigation.compose)
                                           ^ Unexpected symbol

  Line 65:     implementation(libs.androidx.navigation.compose)
                                            ^ Unexpected symbol

  Line 65:     implementation(libs.androidx.navigation.compose)
                                                      ^ Unexpected symbol

  Line 65:     implementation(libs.androidx.navigation.compose)
                                                       ^ Unexpected symbol

  Line 65:     implementation(libs.androidx.navigation.compose)
                                                              ^ Unexpected symbol

  Line 68:     implementation(libs.androidx.lifecycle.viewmodel.compose)
               ^ Unexpected symbol

  Line 68:     implementation(libs.androidx.lifecycle.viewmodel.compose)
                             ^ Unexpected symbol

  Line 68:     implementation(libs.androidx.lifecycle.viewmodel.compose)
                              ^ Unexpected symbol

  Line 68:     implementation(libs.androidx.lifecycle.viewmodel.compose)
                                  ^ Unexpected symbol

  Line 68:     implementation(libs.androidx.lifecycle.viewmodel.compose)
                                   ^ Unexpected symbol

  Line 68:     implementation(libs.androidx.lifecycle.viewmodel.compose)
                                           ^ Unexpected symbol

  Line 68:     implementation(libs.androidx.lifecycle.viewmodel.compose)
                                            ^ Unexpected symbol

  Line 68:     implementation(libs.androidx.lifecycle.viewmodel.compose)
                                                     ^ Unexpected symbol

  Line 68:     implementation(libs.androidx.lifecycle.viewmodel.compose)
                                                      ^ Unexpected symbol

  Line 68:     implementation(libs.androidx.lifecycle.viewmodel.compose)
                                                               ^ Unexpected symbol

  Line 68:     implementation(libs.androidx.lifecycle.viewmodel.compose)
                                                                ^ Unexpected symbol

  Line 68:     implementation(libs.androidx.lifecycle.viewmodel.compose)
                                                                       ^ Unexpected symbol

  Line 71:     implementation(libs.androidx.compose.material.icons.extended)
               ^ Unexpected symbol

  Line 71:     implementation(libs.androidx.compose.material.icons.extended)
                             ^ Unexpected symbol

  Line 71:     implementation(libs.androidx.compose.material.icons.extended)
                              ^ Unexpected symbol

  Line 71:     implementation(libs.androidx.compose.material.icons.extended)
                                  ^ Unexpected symbol

  Line 71:     implementation(libs.androidx.compose.material.icons.extended)
                                   ^ Unexpected symbol

  Line 71:     implementation(libs.androidx.compose.material.icons.extended)
                                           ^ Unexpected symbol

  Line 71:     implementation(libs.androidx.compose.material.icons.extended)
                                            ^ Unexpected symbol

  Line 71:     implementation(libs.androidx.compose.material.icons.extended)
                                                   ^ Unexpected symbol

  Line 71:     implementation(libs.androidx.compose.material.icons.extended)
                                                    ^ Unexpected symbol

  Line 71:     implementation(libs.androidx.compose.material.icons.extended)
                                                            ^ Unexpected symbol

  Line 71:     implementation(libs.androidx.compose.material.icons.extended)
                                                             ^ Unexpected symbol

  Line 71:     implementation(libs.androidx.compose.material.icons.extended)
                                                                  ^ Unexpected symbol

  Line 71:     implementation(libs.androidx.compose.material.icons.extended)
                                                                   ^ Unexpected symbol

  Line 71:     implementation(libs.androidx.compose.material.icons.extended)
                                                                           ^ Unexpected symbol

  Line 73:     testImplementation(libs.junit)
               ^ Unexpected symbol

  Line 73:     testImplementation(libs.junit)
                                 ^ Unexpected symbol

  Line 73:     testImplementation(libs.junit)
                                  ^ Unexpected symbol

  Line 73:     testImplementation(libs.junit)
                                      ^ Unexpected symbol

  Line 73:     testImplementation(libs.junit)
                                       ^ Unexpected symbol

  Line 73:     testImplementation(libs.junit)
                                            ^ Unexpected symbol

  Line 74:     androidTestImplementation(libs.androidx.junit)
               ^ Unexpected symbol

  Line 74:     androidTestImplementation(libs.androidx.junit)
                                        ^ Unexpected symbol

  Line 74:     androidTestImplementation(libs.androidx.junit)
                                         ^ Unexpected symbol

  Line 74:     androidTestImplementation(libs.androidx.junit)
                                             ^ Unexpected symbol

  Line 74:     androidTestImplementation(libs.androidx.junit)
                                              ^ Unexpected symbol

  Line 74:     androidTestImplementation(libs.androidx.junit)
                                                      ^ Unexpected symbol

  Line 74:     androidTestImplementation(libs.androidx.junit)
                                                       ^ Unexpected symbol

  Line 74:     androidTestImplementation(libs.androidx.junit)
                                                            ^ Unexpected symbol

  Line 75:     androidTestImplementation(libs.androidx.espresso.core)
               ^ Unexpected symbol

  Line 75:     androidTestImplementation(libs.androidx.espresso.core)
                                        ^ Unexpected symbol

  Line 75:     androidTestImplementation(libs.androidx.espresso.core)
                                         ^ Unexpected symbol

  Line 75:     androidTestImplementation(libs.androidx.espresso.core)
                                             ^ Unexpected symbol

  Line 75:     androidTestImplementation(libs.androidx.espresso.core)
                                              ^ Unexpected symbol

  Line 75:     androidTestImplementation(libs.androidx.espresso.core)
                                                      ^ Unexpected symbol

  Line 75:     androidTestImplementation(libs.androidx.espresso.core)
                                                       ^ Unexpected symbol

  Line 75:     androidTestImplementation(libs.androidx.espresso.core)
                                                               ^ Unexpected symbol

  Line 75:     androidTestImplementation(libs.androidx.espresso.core)
                                                                ^ Unexpected symbol

  Line 75:     androidTestImplementation(libs.androidx.espresso.core)
                                                                    ^ Unexpected symbol

  Line 76:     androidTestImplementation(platform(libs.androidx.compose.bom))
               ^ Unexpected symbol

  Line 76:     androidTestImplementation(platform(libs.androidx.compose.bom))
                                        ^ Unexpected symbol

  Line 76:     androidTestImplementation(platform(libs.androidx.compose.bom))
                                         ^ Unexpected symbol

  Line 76:     androidTestImplementation(platform(libs.androidx.compose.bom))
                                                 ^ Unexpected symbol

  Line 76:     androidTestImplementation(platform(libs.androidx.compose.bom))
                                                  ^ Unexpected symbol

  Line 76:     androidTestImplementation(platform(libs.androidx.compose.bom))
                                                      ^ Unexpected symbol

  Line 76:     androidTestImplementation(platform(libs.androidx.compose.bom))
                                                       ^ Unexpected symbol

  Line 76:     androidTestImplementation(platform(libs.androidx.compose.bom))
                                                               ^ Unexpected symbol

  Line 76:     androidTestImplementation(platform(libs.androidx.compose.bom))
                                                                ^ Unexpected symbol

  Line 76:     androidTestImplementation(platform(libs.androidx.compose.bom))
                                                                       ^ Unexpected symbol

  Line 76:     androidTestImplementation(platform(libs.androidx.compose.bom))
                                                                        ^ Unexpected symbol

  Line 76:     androidTestImplementation(platform(libs.androidx.compose.bom))
                                                                           ^ Unexpected symbol

  Line 76:     androidTestImplementation(platform(libs.androidx.compose.bom))
                                                                            ^ Unexpected symbol

  Line 77:     androidTestImplementation(libs.androidx.compose.ui.test.junit4)
               ^ Unexpected symbol

  Line 77:     androidTestImplementation(libs.androidx.compose.ui.test.junit4)
                                        ^ Unexpected symbol

  Line 77:     androidTestImplementation(libs.androidx.compose.ui.test.junit4)
                                         ^ Unexpected symbol

  Line 77:     androidTestImplementation(libs.androidx.compose.ui.test.junit4)
                                             ^ Unexpected symbol

  Line 77:     androidTestImplementation(libs.androidx.compose.ui.test.junit4)
                                              ^ Unexpected symbol

  Line 77:     androidTestImplementation(libs.androidx.compose.ui.test.junit4)
                                                      ^ Unexpected symbol

  Line 77:     androidTestImplementation(libs.androidx.compose.ui.test.junit4)
                                                       ^ Unexpected symbol

  Line 77:     androidTestImplementation(libs.androidx.compose.ui.test.junit4)
                                                              ^ Unexpected symbol

  Line 77:     androidTestImplementation(libs.androidx.compose.ui.test.junit4)
                                                               ^ Unexpected symbol

  Line 77:     androidTestImplementation(libs.androidx.compose.ui.test.junit4)
                                                                 ^ Unexpected symbol

  Line 77:     androidTestImplementation(libs.androidx.compose.ui.test.junit4)
                                                                  ^ Unexpected symbol

  Line 77:     androidTestImplementation(libs.androidx.compose.ui.test.junit4)
                                                                      ^ Unexpected symbol

  Line 77:     androidTestImplementation(libs.androidx.compose.ui.test.junit4)
                                                                       ^ Unexpected symbol

  Line 77:     androidTestImplementation(libs.androidx.compose.ui.test.junit4)
                                                                             ^ Unexpected symbol

  Line 78:     debugImplementation(libs.androidx.compose.ui.tooling)
               ^ Unexpected symbol

  Line 78:     debugImplementation(libs.androidx.compose.ui.tooling)
                                  ^ Unexpected symbol

  Line 78:     debugImplementation(libs.androidx.compose.ui.tooling)
                                   ^ Unexpected symbol

  Line 78:     debugImplementation(libs.androidx.compose.ui.tooling)
                                       ^ Unexpected symbol

  Line 78:     debugImplementation(libs.androidx.compose.ui.tooling)
                                        ^ Unexpected symbol

  Line 78:     debugImplementation(libs.androidx.compose.ui.tooling)
                                                ^ Unexpected symbol

  Line 78:     debugImplementation(libs.androidx.compose.ui.tooling)
                                                 ^ Unexpected symbol

  Line 78:     debugImplementation(libs.androidx.compose.ui.tooling)
                                                        ^ Unexpected symbol

  Line 78:     debugImplementation(libs.androidx.compose.ui.tooling)
                                                         ^ Unexpected symbol

  Line 78:     debugImplementation(libs.androidx.compose.ui.tooling)
                                                           ^ Unexpected symbol

  Line 78:     debugImplementation(libs.androidx.compose.ui.tooling)
                                                            ^ Unexpected symbol

  Line 78:     debugImplementation(libs.androidx.compose.ui.tooling)
                                                                   ^ Unexpected symbol

  Line 79:     debugImplementation(libs.androidx.compose.ui.test.manifest)
               ^ Unexpected symbol

  Line 79:     debugImplementation(libs.androidx.compose.ui.test.manifest)
                                  ^ Unexpected symbol

  Line 79:     debugImplementation(libs.androidx.compose.ui.test.manifest)
                                   ^ Unexpected symbol

  Line 79:     debugImplementation(libs.androidx.compose.ui.test.manifest)
                                       ^ Unexpected symbol

  Line 79:     debugImplementation(libs.androidx.compose.ui.test.manifest)
                                        ^ Unexpected symbol

  Line 79:     debugImplementation(libs.androidx.compose.ui.test.manifest)
                                                ^ Unexpected symbol

  Line 79:     debugImplementation(libs.androidx.compose.ui.test.manifest)
                                                 ^ Unexpected symbol

  Line 79:     debugImplementation(libs.androidx.compose.ui.test.manifest)
                                                        ^ Unexpected symbol

  Line 79:     debugImplementation(libs.androidx.compose.ui.test.manifest)
                                                         ^ Unexpected symbol

  Line 79:     debugImplementation(libs.androidx.compose.ui.test.manifest)
                                                           ^ Unexpected symbol

  Line 79:     debugImplementation(libs.androidx.compose.ui.test.manifest)
                                                            ^ Unexpected symbol

  Line 79:     debugImplementation(libs.androidx.compose.ui.test.manifest)
                                                                ^ Unexpected symbol

  Line 79:     debugImplementation(libs.androidx.compose.ui.test.manifest)
                                                                 ^ Unexpected symbol

  Line 79:     debugImplementation(libs.androidx.compose.ui.test.manifest)
                                                                         ^ Unexpected symbol

  Line 80: }
           ^ Unexpected symbol

259 errors

* Try:
> Run with --info or --debug option to get more log output.
> Run with --scan to get full insights.
> Get more help at https://help.gradle.org.

* Exception is:
ScriptCompilationException(scriptCompilationErrors=[ScriptCompilationError(message=Unexpected symbol, location=/Users/adriangarciagarcia/.gradle/.tmp/gradle-kotlin-dsl-4688484492902216571.tmp/build.gradle.kts (43:1)), ScriptCompilationError(message=Unexpected symbol, location=/Users/adriangarciagarcia/.gradle/.tmp/gradle-kotlin-dsl-4688484492902216571.tmp/build.gradle.kts (45:1)), ScriptCompilationError(message=Unexpected symbol, location=/Users/adriangarciagarcia/.gradle/.tmp/gradle-kotlin-dsl-4688484492902216571.tmp/build.gradle.kts (45:14)), ScriptCompilationError(message=Unexpected symbol, location=/Users/adriangarciagarcia/.gradle/.tmp/gradle-kotlin-dsl-4688484492902216571.tmp/build.gradle.kts (46:5)), ScriptCompilationError(message=Unexpected symbol, location=/Users/adriangarciagarcia/.gradle/.tmp/gradle-kotlin-dsl-4688484492902216571.tmp/build.gradle.kts (46:19)), ScriptCompilationError(message=Unexpected symbol, location=/Users/adriangarciagarcia/.gradle/.tmp/gradle-kotlin-dsl-4688484492902216571.tmp/build.gradle.kts (46:20)), ScriptCompilationError(message=Unexpected symbol, location=/Users/adriangarciagarcia/.gradle/.tmp/gradle-kotlin-dsl-4688484492902216571.tmp/build.gradle.kts (46:24)), ScriptCompilationError(message=Unexpected symbol, location=/Users/adriangarciagarcia/.gradle/.tmp/gradle-kotlin-dsl-4688484492902216571.tmp/build.gradle.kts (46:25)), ScriptCompilationError(message=Unexpected symbol, location=/Users/adriangarciagarcia/.gradle/.tmp/gradle-kotlin-dsl-4688484492902216571.tmp/build.gradle.kts (46:33)), ScriptCompilationError(message=Unexpected symbol, location=/Users/adriangarciagarcia/.gradle/.tmp/gradle-kotlin-dsl-4688484492902216571.tmp/build.gradle.kts (46:34)), ScriptCompilationError(message=Unexpected symbol, location=/Users/adriangarciagarcia/.gradle/.tmp/gradle-kotlin-dsl-4688484492902216571.tmp/build.gradle.kts (46:38)), ScriptCompilationError(message=Unexpected symbol, location=/Users/adriangarciagarcia/.gradle/.tmp/gradle-kotlin-dsl-4688484492902216571.tmp/build.gradle.kts (46:39)), ScriptCompilationError(message=Unexpected symbol, location=/Users/adriangarciagarcia/.gradle/.tmp/gradle-kotlin-dsl-4688484492902216571.tmp/build.gradle.kts (46:42)), ScriptCompilationError(message=Unexpected symbol, location=/Users/adriangarciagarcia/.gradle/.tmp/gradle-kotlin-dsl-4688484492902216571.tmp/build.gradle.kts (47:5)), ScriptCompilationError(message=Unexpected symbol, location=/Users/adriangarciagarcia/.gradle/.tmp/gradle-kotlin-dsl-4688484492902216571.tmp/build.gradle.kts (47:19)), ScriptCompilationError(message=Unexpected symbol, location=/Users/adriangarciagarcia/.gradle/.tmp/gradle-kotlin-dsl-4688484492902216571.tmp/build.gradle.kts (47:20)), ScriptCompilationError(message=Unexpected symbol, location=/Users/adriangarciagarcia/.gradle/.tmp/gradle-kotlin-dsl-4688484492902216571.tmp/build.gradle.kts (47:24)), ScriptCompilationError(message=Unexpected symbol, location=/Users/adriangarciagarcia/.gradle/.tmp/gradle-kotlin-dsl-4688484492902216571.tmp/build.gradle.kts (47:25)), ScriptCompilationError(message=Unexpected symbol, location=/Users/adriangarciagarcia/.gradle/.tmp/gradle-kotlin-dsl-4688484492902216571.tmp/build.gradle.kts (47:33)), ScriptCompilationError(message=Unexpected symbol, location=/Users/adriangarciagarcia/.gradle/.tmp/gradle-kotlin-dsl-4688484492902216571.tmp/build.gradle.kts (47:34)), ScriptCompilationError(message=Unexpected symbol, location=/Users/adriangarciagarcia/.gradle/.tmp/gradle-kotlin-dsl-4688484492902216571.tmp/build.gradle.kts (47:43)), ScriptCompilationError(message=Unexpected symbol, location=/Users/adriangarciagarcia/.gradle/.tmp/gradle-kotlin-dsl-4688484492902216571.tmp/build.gradle.kts (47:44)), ScriptCompilationError(message=Unexpected symbol, location=/Users/adriangarciagarcia/.gradle/.tmp/gradle-kotlin-dsl-4688484492902216571.tmp/build.gradle.kts (47:51)), ScriptCompilationError(message=Unexpected symbol, location=/Users/adriangarciagarcia/.gradle/.tmp/gradle-kotlin-dsl-4688484492902216571.tmp/build.gradle.kts (47:52)), ScriptCompilationError(message=Unexpected symbol, location=/Users/adriangarciagarcia/.gradle/.tmp/gradle-kotlin-dsl-4688484492902216571.tmp/build.gradle.kts (47:55)), ScriptCompilationError(message=Unexpected symbol, location=/Users/adriangarciagarcia/.gradle/.tmp/gradle-kotlin-dsl-4688484492902216571.tmp/build.gradle.kts (48:5)), ScriptCompilationError(message=Unexpected symbol, location=/Users/adriangarciagarcia/.gradle/.tmp/gradle-kotlin-dsl-4688484492902216571.tmp/build.gradle.kts (48:19)), ScriptCompilationError(message=Unexpected symbol, location=/Users/adriangarciagarcia/.gradle/.tmp/gradle-kotlin-dsl-4688484492902216571.tmp/build.gradle.kts (48:20)), ScriptCompilationError(message=Unexpected symbol, location=/Users/adriangarciagarcia/.gradle/.tmp/gradle-kotlin-dsl-4688484492902216571.tmp/build.gradle.kts (48:24)), ScriptCompilationError(message=Unexpected symbol, location=/Users/adriangarciagarcia/.gradle/.tmp/gradle-kotlin-dsl-4688484492902216571.tmp/build.gradle.kts (48:25)), ScriptCompilationError(message=Unexpected symbol, location=/Users/adriangarciagarcia/.gradle/.tmp/gradle-kotlin-dsl-4688484492902216571.tmp/build.gradle.kts (48:33)), ScriptCompilationError(message=Unexpected symbol, location=/Users/adriangarciagarcia/.gradle/.tmp/gradle-kotlin-dsl-4688484492902216571.tmp/build.gradle.kts (48:34)), ScriptCompilationError(message=Unexpected symbol, location=/Users/adriangarciagarcia/.gradle/.tmp/gradle-kotlin-dsl-4688484492902216571.tmp/build.gradle.kts (48:42)), ScriptCompilationError(message=Unexpected symbol, location=/Users/adriangarciagarcia/.gradle/.tmp/gradle-kotlin-dsl-4688484492902216571.tmp/build.gradle.kts (48:43)), ScriptCompilationError(message=Unexpected symbol, location=/Users/adriangarciagarcia/.gradle/.tmp/gradle-kotlin-dsl-4688484492902216571.tmp/build.gradle.kts (48:50)), ScriptCompilationError(message=Unexpected symbol, location=/Users/adriangarciagarcia/.gradle/.tmp/gradle-kotlin-dsl-4688484492902216571.tmp/build.gradle.kts (49:5)), ScriptCompilationError(message=Unexpected symbol, location=/Users/adriangarciagarcia/.gradle/.tmp/gradle-kotlin-dsl-4688484492902216571.tmp/build.gradle.kts (49:19)), ScriptCompilationError(message=Unexpected symbol, location=/Users/adriangarciagarcia/.gradle/.tmp/gradle-kotlin-dsl-4688484492902216571.tmp/build.gradle.kts (49:20)), ScriptCompilationError(message=Unexpected symbol, location=/Users/adriangarciagarcia/.gradle/.tmp/gradle-kotlin-dsl-4688484492902216571.tmp/build.gradle.kts (49:28)), ScriptCompilationError(message=Unexpected symbol, location=/Users/adriangarciagarcia/.gradle/.tmp/gradle-kotlin-dsl-4688484492902216571.tmp/build.gradle.kts (49:29)), ScriptCompilationError(message=Unexpected symbol, location=/Users/adriangarciagarcia/.gradle/.tmp/gradle-kotlin-dsl-4688484492902216571.tmp/build.gradle.kts (49:33)), ScriptCompilationError(message=Unexpected symbol, location=/Users/adriangarciagarcia/.gradle/.tmp/gradle-kotlin-dsl-4688484492902216571.tmp/build.gradle.kts (49:34)), ScriptCompilationError(message=Unexpected symbol, location=/Users/adriangarciagarcia/.gradle/.tmp/gradle-kotlin-dsl-4688484492902216571.tmp/build.gradle.kts (49:42)), ScriptCompilationError(message=Unexpected symbol, location=/Users/adriangarciagarcia/.gradle/.tmp/gradle-kotlin-dsl-4688484492902216571.tmp/build.gradle.kts (49:43)), ScriptCompilationError(message=Unexpected symbol, location=/Users/adriangarciagarcia/.gradle/.tmp/gradle-kotlin-dsl-4688484492902216571.tmp/build.gradle.kts (49:50)), ScriptCompilationError(message=Unexpected symbol, location=/Users/adriangarciagarcia/.gradle/.tmp/gradle-kotlin-dsl-4688484492902216571.tmp/build.gradle.kts (49:51)), ScriptCompilationError(message=Unexpected symbol, location=/Users/adriangarciagarcia/.gradle/.tmp/gradle-kotlin-dsl-4688484492902216571.tmp/build.gradle.kts (49:54)), ScriptCompilationError(message=Unexpected symbol, location=/Users/adriangarciagarcia/.gradle/.tmp/gradle-kotlin-dsl-4688484492902216571.tmp/build.gradle.kts (49:55)), ScriptCompilationError(message=Unexpected symbol, location=/Users/adriangarciagarcia/.gradle/.tmp/gradle-kotlin-dsl-4688484492902216571.tmp/build.gradle.kts (50:5)), ScriptCompilationError(message=Unexpected symbol, location=/Users/adriangarciagarcia/.gradle/.tmp/gradle-kotlin-dsl-4688484492902216571.tmp/build.gradle.kts (50:19)), ScriptCompilationError(message=Unexpected symbol, location=/Users/adriangarciagarcia/.gradle/.tmp/gradle-kotlin-dsl-4688484492902216571.tmp/build.gradle.kts (50:20)), ScriptCompilationError(message=Unexpected symbol, location=/Users/adriangarciagarcia/.gradle/.tmp/gradle-kotlin-dsl-4688484492902216571.tmp/build.gradle.kts (50:24)), ScriptCompilationError(message=Unexpected symbol, location=/Users/adriangarciagarcia/.gradle/.tmp/gradle-kotlin-dsl-4688484492902216571.tmp/build.gradle.kts (50:25)), ScriptCompilationError(message=Unexpected symbol, location=/Users/adriangarciagarcia/.gradle/.tmp/gradle-kotlin-dsl-4688484492902216571.tmp/build.gradle.kts (50:33)), ScriptCompilationError(message=Unexpected symbol, location=/Users/adriangarciagarcia/.gradle/.tmp/gradle-kotlin-dsl-4688484492902216571.tmp/build.gradle.kts (50:34)), ScriptCompilationError(message=Unexpected symbol, location=/Users/adriangarciagarcia/.gradle/.tmp/gradle-kotlin-dsl-4688484492902216571.tmp/build.gradle.kts (50:41)), ScriptCompilationError(message=Unexpected symbol, location=/Users/adriangarciagarcia/.gradle/.tmp/gradle-kotlin-dsl-4688484492902216571.tmp/build.gradle.kts (50:42)), ScriptCompilationError(message=Unexpected symbol, location=/Users/adriangarciagarcia/.gradle/.tmp/gradle-kotlin-dsl-4688484492902216571.tmp/build.gradle.kts (50:44)), ScriptCompilationError(message=Unexpected symbol, location=/Users/adriangarciagarcia/.gradle/.tmp/gradle-kotlin-dsl-4688484492902216571.tmp/build.gradle.kts (51:5)), ScriptCompilationError(message=Unexpected symbol, location=/Users/adriangarciagarcia/.gradle/.tmp/gradle-kotlin-dsl-4688484492902216571.tmp/build.gradle.kts (51:19)), ScriptCompilationError(message=Unexpected symbol, location=/Users/adriangarciagarcia/.gradle/.tmp/gradle-kotlin-dsl-4688484492902216571.tmp/build.gradle.kts (51:20)), ScriptCompilationError(message=Unexpected symbol, location=/Users/adriangarciagarcia/.gradle/.tmp/gradle-kotlin-dsl-4688484492902216571.tmp/build.gradle.kts (51:24)), ScriptCompilationError(message=Unexpected symbol, location=/Users/adriangarciagarcia/.gradle/.tmp/gradle-kotlin-dsl-4688484492902216571.tmp/build.gradle.kts (51:25)), ScriptCompilationError(message=Unexpected symbol, location=/Users/adriangarciagarcia/.gradle/.tmp/gradle-kotlin-dsl-4688484492902216571.tmp/build.gradle.kts (51:33)), ScriptCompilationError(message=Unexpected symbol, location=/Users/adriangarciagarcia/.gradle/.tmp/gradle-kotlin-dsl-4688484492902216571.tmp/build.gradle.kts (51:34)), ScriptCompilationError(message=Unexpected symbol, location=/Users/adriangarciagarcia/.gradle/.tmp/gradle-kotlin-dsl-4688484492902216571.tmp/build.gradle.kts (51:41)), ScriptCompilationError(message=Unexpected symbol, location=/Users/adriangarciagarcia/.gradle/.tmp/gradle-kotlin-dsl-4688484492902216571.tmp/build.gradle.kts (51:42)), ScriptCompilationError(message=Unexpected symbol, location=/Users/adriangarciagarcia/.gradle/.tmp/gradle-kotlin-dsl-4688484492902216571.tmp/build.gradle.kts (51:44)), ScriptCompilationError(message=Unexpected symbol, location=/Users/adriangarciagarcia/.gradle/.tmp/gradle-kotlin-dsl-4688484492902216571.tmp/build.gradle.kts (51:45)), ScriptCompilationError(message=Unexpected symbol, location=/Users/adriangarciagarcia/.gradle/.tmp/gradle-kotlin-dsl-4688484492902216571.tmp/build.gradle.kts (51:53)), ScriptCompilationError(message=Unexpected symbol, location=/Users/adriangarciagarcia/.gradle/.tmp/gradle-kotlin-dsl-4688484492902216571.tmp/build.gradle.kts (52:5)), ScriptCompilationError(message=Unexpected symbol, location=/Users/adriangarciagarcia/.gradle/.tmp/gradle-kotlin-dsl-4688484492902216571.tmp/build.gradle.kts (52:19)), ScriptCompilationError(message=Unexpected symbol, location=/Users/adriangarciagarcia/.gradle/.tmp/gradle-kotlin-dsl-4688484492902216571.tmp/build.gradle.kts (52:20)), ScriptCompilationError(message=Unexpected symbol, location=/Users/adriangarciagarcia/.gradle/.tmp/gradle-kotlin-dsl-4688484492902216571.tmp/build.gradle.kts (52:24)), ScriptCompilationError(message=Unexpected symbol, location=/Users/adriangarciagarcia/.gradle/.tmp/gradle-kotlin-dsl-4688484492902216571.tmp/build.gradle.kts (52:25)), ScriptCompilationError(message=Unexpected symbol, location=/Users/adriangarciagarcia/.gradle/.tmp/gradle-kotlin-dsl-4688484492902216571.tmp/build.gradle.kts (52:33)), ScriptCompilationError(message=Unexpected symbol, location=/Users/adriangarciagarcia/.gradle/.tmp/gradle-kotlin-dsl-4688484492902216571.tmp/build.gradle.kts (52:34)), ScriptCompilationError(message=Unexpected symbol, location=/Users/adriangarciagarcia/.gradle/.tmp/gradle-kotlin-dsl-4688484492902216571.tmp/build.gradle.kts (52:41)), ScriptCompilationError(message=Unexpected symbol, location=/Users/adriangarciagarcia/.gradle/.tmp/gradle-kotlin-dsl-4688484492902216571.tmp/build.gradle.kts (52:42)), ScriptCompilationError(message=Unexpected symbol, location=/Users/adriangarciagarcia/.gradle/.tmp/gradle-kotlin-dsl-4688484492902216571.tmp/build.gradle.kts (52:44)), ScriptCompilationError(message=Unexpected symbol, location=/Users/adriangarciagarcia/.gradle/.tmp/gradle-kotlin-dsl-4688484492902216571.tmp/build.gradle.kts (52:45)), ScriptCompilationError(message=Unexpected symbol, location=/Users/adriangarciagarcia/.gradle/.tmp/gradle-kotlin-dsl-4688484492902216571.tmp/build.gradle.kts (52:52)), ScriptCompilationError(message=Unexpected symbol, location=/Users/adriangarciagarcia/.gradle/.tmp/gradle-kotlin-dsl-4688484492902216571.tmp/build.gradle.kts (52:53)), ScriptCompilationError(message=Unexpected symbol, location=/Users/adriangarciagarcia/.gradle/.tmp/gradle-kotlin-dsl-4688484492902216571.tmp/build.gradle.kts (52:60)), ScriptCompilationError(message=Unexpected symbol, location=/Users/adriangarciagarcia/.gradle/.tmp/gradle-kotlin-dsl-4688484492902216571.tmp/build.gradle.kts (53:5)), ScriptCompilationError(message=Unexpected symbol, location=/Users/adriangarciagarcia/.gradle/.tmp/gradle-kotlin-dsl-4688484492902216571.tmp/build.gradle.kts (53:19)), ScriptCompilationError(message=Unexpected symbol, location=/Users/adriangarciagarcia/.gradle/.tmp/gradle-kotlin-dsl-4688484492902216571.tmp/build.gradle.kts (53:20)), ScriptCompilationError(message=Unexpected symbol, location=/Users/adriangarciagarcia/.gradle/.tmp/gradle-kotlin-dsl-4688484492902216571.tmp/build.gradle.kts (53:24)), ScriptCompilationError(message=Unexpected symbol, location=/Users/adriangarciagarcia/.gradle/.tmp/gradle-kotlin-dsl-4688484492902216571.tmp/build.gradle.kts (53:25)), ScriptCompilationError(message=Unexpected symbol, location=/Users/adriangarciagarcia/.gradle/.tmp/gradle-kotlin-dsl-4688484492902216571.tmp/build.gradle.kts (53:33)), ScriptCompilationError(message=Unexpected symbol, location=/Users/adriangarciagarcia/.gradle/.tmp/gradle-kotlin-dsl-4688484492902216571.tmp/build.gradle.kts (53:34)), ScriptCompilationError(message=Unexpected symbol, location=/Users/adriangarciagarcia/.gradle/.tmp/gradle-kotlin-dsl-4688484492902216571.tmp/build.gradle.kts (53:41)), ScriptCompilationError(message=Unexpected symbol, location=/Users/adriangarciagarcia/.gradle/.tmp/gradle-kotlin-dsl-4688484492902216571.tmp/build.gradle.kts (53:42)), ScriptCompilationError(message=Unexpected symbol, location=/Users/adriangarciagarcia/.gradle/.tmp/gradle-kotlin-dsl-4688484492902216571.tmp/build.gradle.kts (53:51)), ScriptCompilationError(message=Unexpected symbol, location=/Users/adriangarciagarcia/.gradle/.tmp/gradle-kotlin-dsl-4688484492902216571.tmp/build.gradle.kts (56:5)), ScriptCompilationError(message=Unexpected symbol, location=/Users/adriangarciagarcia/.gradle/.tmp/gradle-kotlin-dsl-4688484492902216571.tmp/build.gradle.kts (56:19)), ScriptCompilationError(message=Unexpected symbol, location=/Users/adriangarciagarcia/.gradle/.tmp/gradle-kotlin-dsl-4688484492902216571.tmp/build.gradle.kts (56:20)), ScriptCompilationError(message=Unexpected symbol, location=/Users/adriangarciagarcia/.gradle/.tmp/gradle-kotlin-dsl-4688484492902216571.tmp/build.gradle.kts (56:24)), ScriptCompilationError(message=Unexpected symbol, location=/Users/adriangarciagarcia/.gradle/.tmp/gradle-kotlin-dsl-4688484492902216571.tmp/build.gradle.kts (56:25)), ScriptCompilationError(message=Unexpected symbol, location=/Users/adriangarciagarcia/.gradle/.tmp/gradle-kotlin-dsl-4688484492902216571.tmp/build.gradle.kts (56:33)), ScriptCompilationError(message=Unexpected symbol, location=/Users/adriangarciagarcia/.gradle/.tmp/gradle-kotlin-dsl-4688484492902216571.tmp/build.gradle.kts (56:34)), ScriptCompilationError(message=Unexpected symbol, location=/Users/adriangarciagarcia/.gradle/.tmp/gradle-kotlin-dsl-4688484492902216571.tmp/build.gradle.kts (56:38)), ScriptCompilationError(message=Unexpected symbol, location=/Users/adriangarciagarcia/.gradle/.tmp/gradle-kotlin-dsl-4688484492902216571.tmp/build.gradle.kts (56:39)), ScriptCompilationError(message=Unexpected symbol, location=/Users/adriangarciagarcia/.gradle/.tmp/gradle-kotlin-dsl-4688484492902216571.tmp/build.gradle.kts (56:46)), ScriptCompilationError(message=Unexpected symbol, location=/Users/adriangarciagarcia/.gradle/.tmp/gradle-kotlin-dsl-4688484492902216571.tmp/build.gradle.kts (57:5)), ScriptCompilationError(message=Unexpected symbol, location=/Users/adriangarciagarcia/.gradle/.tmp/gradle-kotlin-dsl-4688484492902216571.tmp/build.gradle.kts (57:19)), ScriptCompilationError(message=Unexpected symbol, location=/Users/adriangarciagarcia/.gradle/.tmp/gradle-kotlin-dsl-4688484492902216571.tmp/build.gradle.kts (57:20)), ScriptCompilationError(message=Unexpected symbol, location=/Users/adriangarciagarcia/.gradle/.tmp/gradle-kotlin-dsl-4688484492902216571.tmp/build.gradle.kts (57:24)), ScriptCompilationError(message=Unexpected symbol, location=/Users/adriangarciagarcia/.gradle/.tmp/gradle-kotlin-dsl-4688484492902216571.tmp/build.gradle.kts (57:25)), ScriptCompilationError(message=Unexpected symbol, location=/Users/adriangarciagarcia/.gradle/.tmp/gradle-kotlin-dsl-4688484492902216571.tmp/build.gradle.kts (57:33)), ScriptCompilationError(message=Unexpected symbol, location=/Users/adriangarciagarcia/.gradle/.tmp/gradle-kotlin-dsl-4688484492902216571.tmp/build.gradle.kts (57:34)), ScriptCompilationError(message=Unexpected symbol, location=/Users/adriangarciagarcia/.gradle/.tmp/gradle-kotlin-dsl-4688484492902216571.tmp/build.gradle.kts (57:38)), ScriptCompilationError(message=Unexpected symbol, location=/Users/adriangarciagarcia/.gradle/.tmp/gradle-kotlin-dsl-4688484492902216571.tmp/build.gradle.kts (57:39)), ScriptCompilationError(message=Unexpected symbol, location=/Users/adriangarciagarcia/.gradle/.tmp/gradle-kotlin-dsl-4688484492902216571.tmp/build.gradle.kts (57:42)), ScriptCompilationError(message=Unexpected symbol, location=/Users/adriangarciagarcia/.gradle/.tmp/gradle-kotlin-dsl-4688484492902216571.tmp/build.gradle.kts (58:5)), ScriptCompilationError(message=Unexpected symbol, location=/Users/adriangarciagarcia/.gradle/.tmp/gradle-kotlin-dsl-4688484492902216571.tmp/build.gradle.kts (58:19)), ScriptCompilationError(message=Unexpected symbol, location=/Users/adriangarciagarcia/.gradle/.tmp/gradle-kotlin-dsl-4688484492902216571.tmp/build.gradle.kts (58:20)), ScriptCompilationError(message=Unexpected symbol, location=/Users/adriangarciagarcia/.gradle/.tmp/gradle-kotlin-dsl-4688484492902216571.tmp/build.gradle.kts (58:24)), ScriptCompilationError(message=Unexpected symbol, location=/Users/adriangarciagarcia/.gradle/.tmp/gradle-kotlin-dsl-4688484492902216571.tmp/build.gradle.kts (58:25)), ScriptCompilationError(message=Unexpected symbol, location=/Users/adriangarciagarcia/.gradle/.tmp/gradle-kotlin-dsl-4688484492902216571.tmp/build.gradle.kts (58:35)), ScriptCompilationError(message=Unexpected symbol, location=/Users/adriangarciagarcia/.gradle/.tmp/gradle-kotlin-dsl-4688484492902216571.tmp/build.gradle.kts (58:36)), ScriptCompilationError(message=Unexpected symbol, location=/Users/adriangarciagarcia/.gradle/.tmp/gradle-kotlin-dsl-4688484492902216571.tmp/build.gradle.kts (58:43)), ScriptCompilationError(message=Unexpected symbol, location=/Users/adriangarciagarcia/.gradle/.tmp/gradle-kotlin-dsl-4688484492902216571.tmp/build.gradle.kts (59:5)), ScriptCompilationError(message=Unexpected symbol, location=/Users/adriangarciagarcia/.gradle/.tmp/gradle-kotlin-dsl-4688484492902216571.tmp/build.gradle.kts (59:8)), ScriptCompilationError(message=Unexpected symbol, location=/Users/adriangarciagarcia/.gradle/.tmp/gradle-kotlin-dsl-4688484492902216571.tmp/build.gradle.kts (59:9)), ScriptCompilationError(message=Unexpected symbol, location=/Users/adriangarciagarcia/.gradle/.tmp/gradle-kotlin-dsl-4688484492902216571.tmp/build.gradle.kts (59:13)), ScriptCompilationError(message=Unexpected symbol, location=/Users/adriangarciagarcia/.gradle/.tmp/gradle-kotlin-dsl-4688484492902216571.tmp/build.gradle.kts (59:14)), ScriptCompilationError(message=Unexpected symbol, location=/Users/adriangarciagarcia/.gradle/.tmp/gradle-kotlin-dsl-4688484492902216571.tmp/build.gradle.kts (59:22)), ScriptCompilationError(message=Unexpected symbol, location=/Users/adriangarciagarcia/.gradle/.tmp/gradle-kotlin-dsl-4688484492902216571.tmp/build.gradle.kts (59:23)), ScriptCompilationError(message=Unexpected symbol, location=/Users/adriangarciagarcia/.gradle/.tmp/gradle-kotlin-dsl-4688484492902216571.tmp/build.gradle.kts (59:27)), ScriptCompilationError(message=Unexpected symbol, location=/Users/adriangarciagarcia/.gradle/.tmp/gradle-kotlin-dsl-4688484492902216571.tmp/build.gradle.kts (59:28)), ScriptCompilationError(message=Unexpected symbol, location=/Users/adriangarciagarcia/.gradle/.tmp/gradle-kotlin-dsl-4688484492902216571.tmp/build.gradle.kts (59:36)), ScriptCompilationError(message=Unexpected symbol, location=/Users/adriangarciagarcia/.gradle/.tmp/gradle-kotlin-dsl-4688484492902216571.tmp/build.gradle.kts (62:5)), ScriptCompilationError(message=Unexpected symbol, location=/Users/adriangarciagarcia/.gradle/.tmp/gradle-kotlin-dsl-4688484492902216571.tmp/build.gradle.kts (62:19)), ScriptCompilationError(message=Unexpected symbol, location=/Users/adriangarciagarcia/.gradle/.tmp/gradle-kotlin-dsl-4688484492902216571.tmp/build.gradle.kts (62:20)), ScriptCompilationError(message=Unexpected symbol, location=/Users/adriangarciagarcia/.gradle/.tmp/gradle-kotlin-dsl-4688484492902216571.tmp/build.gradle.kts (62:24)), ScriptCompilationError(message=Unexpected symbol, location=/Users/adriangarciagarcia/.gradle/.tmp/gradle-kotlin-dsl-4688484492902216571.tmp/build.gradle.kts (62:25)), ScriptCompilationError(message=Unexpected symbol, location=/Users/adriangarciagarcia/.gradle/.tmp/gradle-kotlin-dsl-4688484492902216571.tmp/build.gradle.kts (62:33)), ScriptCompilationError(message=Unexpected symbol, location=/Users/adriangarciagarcia/.gradle/.tmp/gradle-kotlin-dsl-4688484492902216571.tmp/build.gradle.kts (62:34)), ScriptCompilationError(message=Unexpected symbol, location=/Users/adriangarciagarcia/.gradle/.tmp/gradle-kotlin-dsl-4688484492902216571.tmp/build.gradle.kts (62:43)), ScriptCompilationError(message=Unexpected symbol, location=/Users/adriangarciagarcia/.gradle/.tmp/gradle-kotlin-dsl-4688484492902216571.tmp/build.gradle.kts (62:44)), ScriptCompilationError(message=Unexpected symbol, location=/Users/adriangarciagarcia/.gradle/.tmp/gradle-kotlin-dsl-4688484492902216571.tmp/build.gradle.kts (62:55)), ScriptCompilationError(message=Unexpected symbol, location=/Users/adriangarciagarcia/.gradle/.tmp/gradle-kotlin-dsl-4688484492902216571.tmp/build.gradle.kts (65:5)), ScriptCompilationError(message=Unexpected symbol, location=/Users/adriangarciagarcia/.gradle/.tmp/gradle-kotlin-dsl-4688484492902216571.tmp/build.gradle.kts (65:19)), ScriptCompilationError(message=Unexpected symbol, location=/Users/adriangarciagarcia/.gradle/.tmp/gradle-kotlin-dsl-4688484492902216571.tmp/build.gradle.kts (65:20)), ScriptCompilationError(message=Unexpected symbol, location=/Users/adriangarciagarcia/.gradle/.tmp/gradle-kotlin-dsl-4688484492902216571.tmp/build.gradle.kts (65:24)), ScriptCompilationError(message=Unexpected symbol, location=/Users/adriangarciagarcia/.gradle/.tmp/gradle-kotlin-dsl-4688484492902216571.tmp/build.gradle.kts (65:25)), ScriptCompilationError(message=Unexpected symbol, location=/Users/adriangarciagarcia/.gradle/.tmp/gradle-kotlin-dsl-4688484492902216571.tmp/build.gradle.kts (65:33)), ScriptCompilationError(message=Unexpected symbol, location=/Users/adriangarciagarcia/.gradle/.tmp/gradle-kotlin-dsl-4688484492902216571.tmp/build.gradle.kts (65:34)), ScriptCompilationError(message=Unexpected symbol, location=/Users/adriangarciagarcia/.gradle/.tmp/gradle-kotlin-dsl-4688484492902216571.tmp/build.gradle.kts (65:44)), ScriptCompilationError(message=Unexpected symbol, location=/Users/adriangarciagarcia/.gradle/.tmp/gradle-kotlin-dsl-4688484492902216571.tmp/build.gradle.kts (65:45)), ScriptCompilationError(message=Unexpected symbol, location=/Users/adriangarciagarcia/.gradle/.tmp/gradle-kotlin-dsl-4688484492902216571.tmp/build.gradle.kts (65:52)), ScriptCompilationError(message=Unexpected symbol, location=/Users/adriangarciagarcia/.gradle/.tmp/gradle-kotlin-dsl-4688484492902216571.tmp/build.gradle.kts (68:5)), ScriptCompilationError(message=Unexpected symbol, location=/Users/adriangarciagarcia/.gradle/.tmp/gradle-kotlin-dsl-4688484492902216571.tmp/build.gradle.kts (68:19)), ScriptCompilationError(message=Unexpected symbol, location=/Users/adriangarciagarcia/.gradle/.tmp/gradle-kotlin-dsl-4688484492902216571.tmp/build.gradle.kts (68:20)), ScriptCompilationError(message=Unexpected symbol, location=/Users/adriangarciagarcia/.gradle/.tmp/gradle-kotlin-dsl-4688484492902216571.tmp/build.gradle.kts (68:24)), ScriptCompilationError(message=Unexpected symbol, location=/Users/adriangarciagarcia/.gradle/.tmp/gradle-kotlin-dsl-4688484492902216571.tmp/build.gradle.kts (68:25)), ScriptCompilationError(message=Unexpected symbol, location=/Users/adriangarciagarcia/.gradle/.tmp/gradle-kotlin-dsl-4688484492902216571.tmp/build.gradle.kts (68:33)), ScriptCompilationError(message=Unexpected symbol, location=/Users/adriangarciagarcia/.gradle/.tmp/gradle-kotlin-dsl-4688484492902216571.tmp/build.gradle.kts (68:34)), ScriptCompilationError(message=Unexpected symbol, location=/Users/adriangarciagarcia/.gradle/.tmp/gradle-kotlin-dsl-4688484492902216571.tmp/build.gradle.kts (68:43)), ScriptCompilationError(message=Unexpected symbol, location=/Users/adriangarciagarcia/.gradle/.tmp/gradle-kotlin-dsl-4688484492902216571.tmp/build.gradle.kts (68:44)), ScriptCompilationError(message=Unexpected symbol, location=/Users/adriangarciagarcia/.gradle/.tmp/gradle-kotlin-dsl-4688484492902216571.tmp/build.gradle.kts (68:53)), ScriptCompilationError(message=Unexpected symbol, location=/Users/adriangarciagarcia/.gradle/.tmp/gradle-kotlin-dsl-4688484492902216571.tmp/build.gradle.kts (68:54)), ScriptCompilationError(message=Unexpected symbol, location=/Users/adriangarciagarcia/.gradle/.tmp/gradle-kotlin-dsl-4688484492902216571.tmp/build.gradle.kts (68:61)), ScriptCompilationError(message=Unexpected symbol, location=/Users/adriangarciagarcia/.gradle/.tmp/gradle-kotlin-dsl-4688484492902216571.tmp/build.gradle.kts (71:5)), ScriptCompilationError(message=Unexpected symbol, location=/Users/adriangarciagarcia/.gradle/.tmp/gradle-kotlin-dsl-4688484492902216571.tmp/build.gradle.kts (71:19)), ScriptCompilationError(message=Unexpected symbol, location=/Users/adriangarciagarcia/.gradle/.tmp/gradle-kotlin-dsl-4688484492902216571.tmp/build.gradle.kts (71:20)), ScriptCompilationError(message=Unexpected symbol, location=/Users/adriangarciagarcia/.gradle/.tmp/gradle-kotlin-dsl-4688484492902216571.tmp/build.gradle.kts (71:24)), ScriptCompilationError(message=Unexpected symbol, location=/Users/adriangarciagarcia/.gradle/.tmp/gradle-kotlin-dsl-4688484492902216571.tmp/build.gradle.kts (71:25)), ScriptCompilationError(message=Unexpected symbol, location=/Users/adriangarciagarcia/.gradle/.tmp/gradle-kotlin-dsl-4688484492902216571.tmp/build.gradle.kts (71:33)), ScriptCompilationError(message=Unexpected symbol, location=/Users/adriangarciagarcia/.gradle/.tmp/gradle-kotlin-dsl-4688484492902216571.tmp/build.gradle.kts (71:34)), ScriptCompilationError(message=Unexpected symbol, location=/Users/adriangarciagarcia/.gradle/.tmp/gradle-kotlin-dsl-4688484492902216571.tmp/build.gradle.kts (71:41)), ScriptCompilationError(message=Unexpected symbol, location=/Users/adriangarciagarcia/.gradle/.tmp/gradle-kotlin-dsl-4688484492902216571.tmp/build.gradle.kts (71:42)), ScriptCompilationError(message=Unexpected symbol, location=/Users/adriangarciagarcia/.gradle/.tmp/gradle-kotlin-dsl-4688484492902216571.tmp/build.gradle.kts (71:50)), ScriptCompilationError(message=Unexpected symbol, location=/Users/adriangarciagarcia/.gradle/.tmp/gradle-kotlin-dsl-4688484492902216571.tmp/build.gradle.kts (71:51)), ScriptCompilationError(message=Unexpected symbol, location=/Users/adriangarciagarcia/.gradle/.tmp/gradle-kotlin-dsl-4688484492902216571.tmp/build.gradle.kts (71:56)), ScriptCompilationError(message=Unexpected symbol, location=/Users/adriangarciagarcia/.gradle/.tmp/gradle-kotlin-dsl-4688484492902216571.tmp/build.gradle.kts (71:57)), ScriptCompilationError(message=Unexpected symbol, location=/Users/adriangarciagarcia/.gradle/.tmp/gradle-kotlin-dsl-4688484492902216571.tmp/build.gradle.kts (71:65)), ScriptCompilationError(message=Unexpected symbol, location=/Users/adriangarciagarcia/.gradle/.tmp/gradle-kotlin-dsl-4688484492902216571.tmp/build.gradle.kts (73:5)), ScriptCompilationError(message=Unexpected symbol, location=/Users/adriangarciagarcia/.gradle/.tmp/gradle-kotlin-dsl-4688484492902216571.tmp/build.gradle.kts (73:23)), ScriptCompilationError(message=Unexpected symbol, location=/Users/adriangarciagarcia/.gradle/.tmp/gradle-kotlin-dsl-4688484492902216571.tmp/build.gradle.kts (73:24)), ScriptCompilationError(message=Unexpected symbol, location=/Users/adriangarciagarcia/.gradle/.tmp/gradle-kotlin-dsl-4688484492902216571.tmp/build.gradle.kts (73:28)), ScriptCompilationError(message=Unexpected symbol, location=/Users/adriangarciagarcia/.gradle/.tmp/gradle-kotlin-dsl-4688484492902216571.tmp/build.gradle.kts (73:29)), ScriptCompilationError(message=Unexpected symbol, location=/Users/adriangarciagarcia/.gradle/.tmp/gradle-kotlin-dsl-4688484492902216571.tmp/build.gradle.kts (73:34)), ScriptCompilationError(message=Unexpected symbol, location=/Users/adriangarciagarcia/.gradle/.tmp/gradle-kotlin-dsl-4688484492902216571.tmp/build.gradle.kts (74:5)), ScriptCompilationError(message=Unexpected symbol, location=/Users/adriangarciagarcia/.gradle/.tmp/gradle-kotlin-dsl-4688484492902216571.tmp/build.gradle.kts (74:30)), ScriptCompilationError(message=Unexpected symbol, location=/Users/adriangarciagarcia/.gradle/.tmp/gradle-kotlin-dsl-4688484492902216571.tmp/build.gradle.kts (74:31)), ScriptCompilationError(message=Unexpected symbol, location=/Users/adriangarciagarcia/.gradle/.tmp/gradle-kotlin-dsl-4688484492902216571.tmp/build.gradle.kts (74:35)), ScriptCompilationError(message=Unexpected symbol, location=/Users/adriangarciagarcia/.gradle/.tmp/gradle-kotlin-dsl-4688484492902216571.tmp/build.gradle.kts (74:36)), ScriptCompilationError(message=Unexpected symbol, location=/Users/adriangarciagarcia/.gradle/.tmp/gradle-kotlin-dsl-4688484492902216571.tmp/build.gradle.kts (74:44)), ScriptCompilationError(message=Unexpected symbol, location=/Users/adriangarciagarcia/.gradle/.tmp/gradle-kotlin-dsl-4688484492902216571.tmp/build.gradle.kts (74:45)), ScriptCompilationError(message=Unexpected symbol, location=/Users/adriangarciagarcia/.gradle/.tmp/gradle-kotlin-dsl-4688484492902216571.tmp/build.gradle.kts (74:50)), ScriptCompilationError(message=Unexpected symbol, location=/Users/adriangarciagarcia/.gradle/.tmp/gradle-kotlin-dsl-4688484492902216571.tmp/build.gradle.kts (75:5)), ScriptCompilationError(message=Unexpected symbol, location=/Users/adriangarciagarcia/.gradle/.tmp/gradle-kotlin-dsl-4688484492902216571.tmp/build.gradle.kts (75:30)), ScriptCompilationError(message=Unexpected symbol, location=/Users/adriangarciagarcia/.gradle/.tmp/gradle-kotlin-dsl-4688484492902216571.tmp/build.gradle.kts (75:31)), ScriptCompilationError(message=Unexpected symbol, location=/Users/adriangarciagarcia/.gradle/.tmp/gradle-kotlin-dsl-4688484492902216571.tmp/build.gradle.kts (75:35)), ScriptCompilationError(message=Unexpected symbol, location=/Users/adriangarciagarcia/.gradle/.tmp/gradle-kotlin-dsl-4688484492902216571.tmp/build.gradle.kts (75:36)), ScriptCompilationError(message=Unexpected symbol, location=/Users/adriangarciagarcia/.gradle/.tmp/gradle-kotlin-dsl-4688484492902216571.tmp/build.gradle.kts (75:44)), ScriptCompilationError(message=Unexpected symbol, location=/Users/adriangarciagarcia/.gradle/.tmp/gradle-kotlin-dsl-4688484492902216571.tmp/build.gradle.kts (75:45)), ScriptCompilationError(message=Unexpected symbol, location=/Users/adriangarciagarcia/.gradle/.tmp/gradle-kotlin-dsl-4688484492902216571.tmp/build.gradle.kts (75:53)), ScriptCompilationError(message=Unexpected symbol, location=/Users/adriangarciagarcia/.gradle/.tmp/gradle-kotlin-dsl-4688484492902216571.tmp/build.gradle.kts (75:54)), ScriptCompilationError(message=Unexpected symbol, location=/Users/adriangarciagarcia/.gradle/.tmp/gradle-kotlin-dsl-4688484492902216571.tmp/build.gradle.kts (75:58)), ScriptCompilationError(message=Unexpected symbol, location=/Users/adriangarciagarcia/.gradle/.tmp/gradle-kotlin-dsl-4688484492902216571.tmp/build.gradle.kts (76:5)), ScriptCompilationError(message=Unexpected symbol, location=/Users/adriangarciagarcia/.gradle/.tmp/gradle-kotlin-dsl-4688484492902216571.tmp/build.gradle.kts (76:30)), ScriptCompilationError(message=Unexpected symbol, location=/Users/adriangarciagarcia/.gradle/.tmp/gradle-kotlin-dsl-4688484492902216571.tmp/build.gradle.kts (76:31)), ScriptCompilationError(message=Unexpected symbol, location=/Users/adriangarciagarcia/.gradle/.tmp/gradle-kotlin-dsl-4688484492902216571.tmp/build.gradle.kts (76:39)), ScriptCompilationError(message=Unexpected symbol, location=/Users/adriangarciagarcia/.gradle/.tmp/gradle-kotlin-dsl-4688484492902216571.tmp/build.gradle.kts (76:40)), ScriptCompilationError(message=Unexpected symbol, location=/Users/adriangarciagarcia/.gradle/.tmp/gradle-kotlin-dsl-4688484492902216571.tmp/build.gradle.kts (76:44)), ScriptCompilationError(message=Unexpected symbol, location=/Users/adriangarciagarcia/.gradle/.tmp/gradle-kotlin-dsl-4688484492902216571.tmp/build.gradle.kts (76:45)), ScriptCompilationError(message=Unexpected symbol, location=/Users/adriangarciagarcia/.gradle/.tmp/gradle-kotlin-dsl-4688484492902216571.tmp/build.gradle.kts (76:53)), ScriptCompilationError(message=Unexpected symbol, location=/Users/adriangarciagarcia/.gradle/.tmp/gradle-kotlin-dsl-4688484492902216571.tmp/build.gradle.kts (76:54)), ScriptCompilationError(message=Unexpected symbol, location=/Users/adriangarciagarcia/.gradle/.tmp/gradle-kotlin-dsl-4688484492902216571.tmp/build.gradle.kts (76:61)), ScriptCompilationError(message=Unexpected symbol, location=/Users/adriangarciagarcia/.gradle/.tmp/gradle-kotlin-dsl-4688484492902216571.tmp/build.gradle.kts (76:62)), ScriptCompilationError(message=Unexpected symbol, location=/Users/adriangarciagarcia/.gradle/.tmp/gradle-kotlin-dsl-4688484492902216571.tmp/build.gradle.kts (76:65)), ScriptCompilationError(message=Unexpected symbol, location=/Users/adriangarciagarcia/.gradle/.tmp/gradle-kotlin-dsl-4688484492902216571.tmp/build.gradle.kts (76:66)), ScriptCompilationError(message=Unexpected symbol, location=/Users/adriangarciagarcia/.gradle/.tmp/gradle-kotlin-dsl-4688484492902216571.tmp/build.gradle.kts (77:5)), ScriptCompilationError(message=Unexpected symbol, location=/Users/adriangarciagarcia/.gradle/.tmp/gradle-kotlin-dsl-4688484492902216571.tmp/build.gradle.kts (77:30)), ScriptCompilationError(message=Unexpected symbol, location=/Users/adriangarciagarcia/.gradle/.tmp/gradle-kotlin-dsl-4688484492902216571.tmp/build.gradle.kts (77:31)), ScriptCompilationError(message=Unexpected symbol, location=/Users/adriangarciagarcia/.gradle/.tmp/gradle-kotlin-dsl-4688484492902216571.tmp/build.gradle.kts (77:35)), ScriptCompilationError(message=Unexpected symbol, location=/Users/adriangarciagarcia/.gradle/.tmp/gradle-kotlin-dsl-4688484492902216571.tmp/build.gradle.kts (77:36)), ScriptCompilationError(message=Unexpected symbol, location=/Users/adriangarciagarcia/.gradle/.tmp/gradle-kotlin-dsl-4688484492902216571.tmp/build.gradle.kts (77:44)), ScriptCompilationError(message=Unexpected symbol, location=/Users/adriangarciagarcia/.gradle/.tmp/gradle-kotlin-dsl-4688484492902216571.tmp/build.gradle.kts (77:45)), ScriptCompilationError(message=Unexpected symbol, location=/Users/adriangarciagarcia/.gradle/.tmp/gradle-kotlin-dsl-4688484492902216571.tmp/build.gradle.kts (77:52)), ScriptCompilationError(message=Unexpected symbol, location=/Users/adriangarciagarcia/.gradle/.tmp/gradle-kotlin-dsl-4688484492902216571.tmp/build.gradle.kts (77:53)), ScriptCompilationError(message=Unexpected symbol, location=/Users/adriangarciagarcia/.gradle/.tmp/gradle-kotlin-dsl-4688484492902216571.tmp/build.gradle.kts (77:55)), ScriptCompilationError(message=Unexpected symbol, location=/Users/adriangarciagarcia/.gradle/.tmp/gradle-kotlin-dsl-4688484492902216571.tmp/build.gradle.kts (77:56)), ScriptCompilationError(message=Unexpected symbol, location=/Users/adriangarciagarcia/.gradle/.tmp/gradle-kotlin-dsl-4688484492902216571.tmp/build.gradle.kts (77:60)), ScriptCompilationError(message=Unexpected symbol, location=/Users/adriangarciagarcia/.gradle/.tmp/gradle-kotlin-dsl-4688484492902216571.tmp/build.gradle.kts (77:61)), ScriptCompilationError(message=Unexpected symbol, location=/Users/adriangarciagarcia/.gradle/.tmp/gradle-kotlin-dsl-4688484492902216571.tmp/build.gradle.kts (77:67)), ScriptCompilationError(message=Unexpected symbol, location=/Users/adriangarciagarcia/.gradle/.tmp/gradle-kotlin-dsl-4688484492902216571.tmp/build.gradle.kts (78:5)), ScriptCompilationError(message=Unexpected symbol, location=/Users/adriangarciagarcia/.gradle/.tmp/gradle-kotlin-dsl-4688484492902216571.tmp/build.gradle.kts (78:24)), ScriptCompilationError(message=Unexpected symbol, location=/Users/adriangarciagarcia/.gradle/.tmp/gradle-kotlin-dsl-4688484492902216571.tmp/build.gradle.kts (78:25)), ScriptCompilationError(message=Unexpected symbol, location=/Users/adriangarciagarcia/.gradle/.tmp/gradle-kotlin-dsl-4688484492902216571.tmp/build.gradle.kts (78:29)), ScriptCompilationError(message=Unexpected symbol, location=/Users/adriangarciagarcia/.gradle/.tmp/gradle-kotlin-dsl-4688484492902216571.tmp/build.gradle.kts (78:30)), ScriptCompilationError(message=Unexpected symbol, location=/Users/adriangarciagarcia/.gradle/.tmp/gradle-kotlin-dsl-4688484492902216571.tmp/build.gradle.kts (78:38)), ScriptCompilationError(message=Unexpected symbol, location=/Users/adriangarciagarcia/.gradle/.tmp/gradle-kotlin-dsl-4688484492902216571.tmp/build.gradle.kts (78:39)), ScriptCompilationError(message=Unexpected symbol, location=/Users/adriangarciagarcia/.gradle/.tmp/gradle-kotlin-dsl-4688484492902216571.tmp/build.gradle.kts (78:46)), ScriptCompilationError(message=Unexpected symbol, location=/Users/adriangarciagarcia/.gradle/.tmp/gradle-kotlin-dsl-4688484492902216571.tmp/build.gradle.kts (78:47)), ScriptCompilationError(message=Unexpected symbol, location=/Users/adriangarciagarcia/.gradle/.tmp/gradle-kotlin-dsl-4688484492902216571.tmp/build.gradle.kts (78:49)), ScriptCompilationError(message=Unexpected symbol, location=/Users/adriangarciagarcia/.gradle/.tmp/gradle-kotlin-dsl-4688484492902216571.tmp/build.gradle.kts (78:50)), ScriptCompilationError(message=Unexpected symbol, location=/Users/adriangarciagarcia/.gradle/.tmp/gradle-kotlin-dsl-4688484492902216571.tmp/build.gradle.kts (78:57)), ScriptCompilationError(message=Unexpected symbol, location=/Users/adriangarciagarcia/.gradle/.tmp/gradle-kotlin-dsl-4688484492902216571.tmp/build.gradle.kts (79:5)), ScriptCompilationError(message=Unexpected symbol, location=/Users/adriangarciagarcia/.gradle/.tmp/gradle-kotlin-dsl-4688484492902216571.tmp/build.gradle.kts (79:24)), ScriptCompilationError(message=Unexpected symbol, location=/Users/adriangarciagarcia/.gradle/.tmp/gradle-kotlin-dsl-4688484492902216571.tmp/build.gradle.kts (79:25)), ScriptCompilationError(message=Unexpected symbol, location=/Users/adriangarciagarcia/.gradle/.tmp/gradle-kotlin-dsl-4688484492902216571.tmp/build.gradle.kts (79:29)), ScriptCompilationError(message=Unexpected symbol, location=/Users/adriangarciagarcia/.gradle/.tmp/gradle-kotlin-dsl-4688484492902216571.tmp/build.gradle.kts (79:30)), ScriptCompilationError(message=Unexpected symbol, location=/Users/adriangarciagarcia/.gradle/.tmp/gradle-kotlin-dsl-4688484492902216571.tmp/build.gradle.kts (79:38)), ScriptCompilationError(message=Unexpected symbol, location=/Users/adriangarciagarcia/.gradle/.tmp/gradle-kotlin-dsl-4688484492902216571.tmp/build.gradle.kts (79:39)), ScriptCompilationError(message=Unexpected symbol, location=/Users/adriangarciagarcia/.gradle/.tmp/gradle-kotlin-dsl-4688484492902216571.tmp/build.gradle.kts (79:46)), ScriptCompilationError(message=Unexpected symbol, location=/Users/adriangarciagarcia/.gradle/.tmp/gradle-kotlin-dsl-4688484492902216571.tmp/build.gradle.kts (79:47)), ScriptCompilationError(message=Unexpected symbol, location=/Users/adriangarciagarcia/.gradle/.tmp/gradle-kotlin-dsl-4688484492902216571.tmp/build.gradle.kts (79:49)), ScriptCompilationError(message=Unexpected symbol, location=/Users/adriangarciagarcia/.gradle/.tmp/gradle-kotlin-dsl-4688484492902216571.tmp/build.gradle.kts (79:50)), ScriptCompilationError(message=Unexpected symbol, location=/Users/adriangarciagarcia/.gradle/.tmp/gradle-kotlin-dsl-4688484492902216571.tmp/build.gradle.kts (79:54)), ScriptCompilationError(message=Unexpected symbol, location=/Users/adriangarciagarcia/.gradle/.tmp/gradle-kotlin-dsl-4688484492902216571.tmp/build.gradle.kts (79:55)), ScriptCompilationError(message=Unexpected symbol, location=/Users/adriangarciagarcia/.gradle/.tmp/gradle-kotlin-dsl-4688484492902216571.tmp/build.gradle.kts (79:63)), ScriptCompilationError(message=Unexpected symbol, location=/Users/adriangarciagarcia/.gradle/.tmp/gradle-kotlin-dsl-4688484492902216571.tmp/build.gradle.kts (80:1)), ScriptCompilationError(message=Unresolved reference: compose, location=/Users/adriangarciagarcia/.gradle/.tmp/gradle-kotlin-dsl-4688484492902216571.tmp/build.gradle.kts (38:9)), ScriptCompilationError(message=Unresolved reference: composeOptions, location=/Users/adriangarciagarcia/.gradle/.tmp/gradle-kotlin-dsl-4688484492902216571.tmp/build.gradle.kts (40:5)), ScriptCompilationError(message=Unresolved reference: kotlinCompilerExtensionVersion, location=/Users/adriangarciagarcia/.gradle/.tmp/gradle-kotlin-dsl-4688484492902216571.tmp/build.gradle.kts (41:9))])
	at org.gradle.kotlin.dsl.support.KotlinCompilerKt.reportToMessageCollectorAndThrowOnErrors(KotlinCompiler.kt:277)
	at org.gradle.kotlin.dsl.support.KotlinCompilerKt.compileKotlinScriptModuleTo(KotlinCompiler.kt:246)
	at org.gradle.kotlin.dsl.support.KotlinCompilerKt.compileKotlinScriptToDirectory(KotlinCompiler.kt:198)
	at org.gradle.kotlin.dsl.execution.ResidualProgramCompiler$compileScript$1.invoke(ResidualProgramCompiler.kt:713)
	at org.gradle.kotlin.dsl.execution.ResidualProgramCompiler$compileScript$1.invoke(ResidualProgramCompiler.kt:712)
	at org.gradle.kotlin.dsl.provider.StandardKotlinScriptEvaluator$InterpreterHost$runCompileBuildOperation$1.call(KotlinScriptEvaluator.kt:209)
	at org.gradle.kotlin.dsl.provider.StandardKotlinScriptEvaluator$InterpreterHost$runCompileBuildOperation$1.call(KotlinScriptEvaluator.kt:206)
	at org.gradle.internal.operations.DefaultBuildOperationRunner$CallableBuildOperationWorker.execute(DefaultBuildOperationRunner.java:210)
	at org.gradle.internal.operations.DefaultBuildOperationRunner$CallableBuildOperationWorker.execute(DefaultBuildOperationRunner.java:205)
	at org.gradle.internal.operations.DefaultBuildOperationRunner$2.execute(DefaultBuildOperationRunner.java:67)
	at org.gradle.internal.operations.DefaultBuildOperationRunner$2.execute(DefaultBuildOperationRunner.java:60)
	at org.gradle.internal.operations.DefaultBuildOperationRunner.execute(DefaultBuildOperationRunner.java:167)
	at org.gradle.internal.operations.DefaultBuildOperationRunner.execute(DefaultBuildOperationRunner.java:60)
	at org.gradle.internal.operations.DefaultBuildOperationRunner.call(DefaultBuildOperationRunner.java:54)
	at org.gradle.kotlin.dsl.provider.StandardKotlinScriptEvaluator$InterpreterHost.runCompileBuildOperation(KotlinScriptEvaluator.kt:206)
	at org.gradle.kotlin.dsl.execution.Interpreter$ProgramHost$compileSecondStageOf$cacheDir$1$1$1$1$1.invoke(Interpreter.kt:492)
	at org.gradle.kotlin.dsl.execution.Interpreter$ProgramHost$compileSecondStageOf$cacheDir$1$1$1$1$1.invoke(Interpreter.kt:492)
	at org.gradle.kotlin.dsl.execution.ResidualProgramCompiler.compileScript-C5AE47M(ResidualProgramCompiler.kt:712)
	at org.gradle.kotlin.dsl.execution.ResidualProgramCompiler.compileScript-C5AE47M$default(ResidualProgramCompiler.kt:705)
	at org.gradle.kotlin.dsl.execution.ResidualProgramCompiler.emitStage2ProgramFor(ResidualProgramCompiler.kt:364)
	at org.gradle.kotlin.dsl.execution.Interpreter$ProgramHost$compileSecondStageOf$cacheDir$1.invoke(Interpreter.kt:493)
	at org.gradle.kotlin.dsl.execution.Interpreter$ProgramHost$compileSecondStageOf$cacheDir$1.invoke(Interpreter.kt:469)
	at org.gradle.kotlin.dsl.provider.StandardKotlinScriptEvaluator$KotlinScriptCompilationAndInstrumentation.compile(KotlinScriptEvaluator.kt:440)
	at org.gradle.internal.scripts.BuildScriptCompilationAndInstrumentation.execute(BuildScriptCompilationAndInstrumentation.java:136)
	at org.gradle.internal.execution.steps.ExecuteStep.executeInternal(ExecuteStep.java:105)
	at org.gradle.internal.execution.steps.ExecuteStep.access$000(ExecuteStep.java:44)
	at org.gradle.internal.execution.steps.ExecuteStep$1.call(ExecuteStep.java:59)
	at org.gradle.internal.execution.steps.ExecuteStep$1.call(ExecuteStep.java:56)
	at org.gradle.internal.operations.DefaultBuildOperationRunner$CallableBuildOperationWorker.execute(DefaultBuildOperationRunner.java:210)
	at org.gradle.internal.operations.DefaultBuildOperationRunner$CallableBuildOperationWorker.execute(DefaultBuildOperationRunner.java:205)
	at org.gradle.internal.operations.DefaultBuildOperationRunner$2.execute(DefaultBuildOperationRunner.java:67)
	at org.gradle.internal.operations.DefaultBuildOperationRunner$2.execute(DefaultBuildOperationRunner.java:60)
	at org.gradle.internal.operations.DefaultBuildOperationRunner.execute(DefaultBuildOperationRunner.java:167)
	at org.gradle.internal.operations.DefaultBuildOperationRunner.execute(DefaultBuildOperationRunner.java:60)
	at org.gradle.internal.operations.DefaultBuildOperationRunner.call(DefaultBuildOperationRunner.java:54)
	at org.gradle.internal.execution.steps.ExecuteStep.execute(ExecuteStep.java:56)
	at org.gradle.internal.execution.steps.ExecuteStep.execute(ExecuteStep.java:44)
	at org.gradle.internal.execution.steps.CancelExecutionStep.execute(CancelExecutionStep.java:42)
	at org.gradle.internal.execution.steps.TimeoutStep.executeWithoutTimeout(TimeoutStep.java:75)
	at org.gradle.internal.execution.steps.TimeoutStep.execute(TimeoutStep.java:55)
	at org.gradle.internal.execution.steps.PreCreateOutputParentsStep.execute(PreCreateOutputParentsStep.java:50)
	at org.gradle.internal.execution.steps.PreCreateOutputParentsStep.execute(PreCreateOutputParentsStep.java:28)
	at org.gradle.internal.execution.steps.BroadcastChangingOutputsStep.execute(BroadcastChangingOutputsStep.java:61)
	at org.gradle.internal.execution.steps.BroadcastChangingOutputsStep.execute(BroadcastChangingOutputsStep.java:26)
	at org.gradle.internal.execution.steps.NoInputChangesStep.execute(NoInputChangesStep.java:30)
	at org.gradle.internal.execution.steps.NoInputChangesStep.execute(NoInputChangesStep.java:21)
	at org.gradle.internal.execution.steps.CaptureOutputsAfterExecutionStep.execute(CaptureOutputsAfterExecutionStep.java:69)
	at org.gradle.internal.execution.steps.CaptureOutputsAfterExecutionStep.execute(CaptureOutputsAfterExecutionStep.java:46)
	at org.gradle.internal.execution.steps.BuildCacheStep.executeWithoutCache(BuildCacheStep.java:189)
	at org.gradle.internal.execution.steps.BuildCacheStep.lambda$execute$1(BuildCacheStep.java:75)
	at org.gradle.internal.Either$Right.fold(Either.java:175)
	at org.gradle.internal.execution.caching.CachingState.fold(CachingState.java:62)
	at org.gradle.internal.execution.steps.BuildCacheStep.execute(BuildCacheStep.java:73)
	at org.gradle.internal.execution.steps.BuildCacheStep.execute(BuildCacheStep.java:48)
	at org.gradle.internal.execution.steps.NeverUpToDateStep.execute(NeverUpToDateStep.java:34)
	at org.gradle.internal.execution.steps.NeverUpToDateStep.execute(NeverUpToDateStep.java:22)
	at org.gradle.internal.execution.steps.legacy.MarkSnapshottingInputsFinishedStep.execute(MarkSnapshottingInputsFinishedStep.java:37)
	at org.gradle.internal.execution.steps.legacy.MarkSnapshottingInputsFinishedStep.execute(MarkSnapshottingInputsFinishedStep.java:27)
	at org.gradle.internal.execution.steps.ResolveNonIncrementalCachingStateStep.executeDelegate(ResolveNonIncrementalCachingStateStep.java:50)
	at org.gradle.internal.execution.steps.AbstractResolveCachingStateStep.execute(AbstractResolveCachingStateStep.java:71)
	at org.gradle.internal.execution.steps.AbstractResolveCachingStateStep.execute(AbstractResolveCachingStateStep.java:39)
	at org.gradle.internal.execution.steps.ValidateStep.execute(ValidateStep.java:107)
	at org.gradle.internal.execution.steps.ValidateStep.execute(ValidateStep.java:56)
	at org.gradle.internal.execution.steps.AbstractCaptureStateBeforeExecutionStep.execute(AbstractCaptureStateBeforeExecutionStep.java:64)
	at org.gradle.internal.execution.steps.AbstractCaptureStateBeforeExecutionStep.execute(AbstractCaptureStateBeforeExecutionStep.java:43)
	at org.gradle.internal.execution.steps.legacy.MarkSnapshottingInputsStartedStep.execute(MarkSnapshottingInputsStartedStep.java:38)
	at org.gradle.internal.execution.steps.AssignImmutableWorkspaceStep.lambda$executeInTemporaryWorkspace$3(AssignImmutableWorkspaceStep.java:209)
	at org.gradle.internal.execution.workspace.impl.CacheBasedImmutableWorkspaceProvider$1.withTemporaryWorkspace(CacheBasedImmutableWorkspaceProvider.java:116)
	at org.gradle.internal.execution.steps.AssignImmutableWorkspaceStep.executeInTemporaryWorkspace(AssignImmutableWorkspaceStep.java:199)
	at org.gradle.internal.execution.steps.AssignImmutableWorkspaceStep.lambda$execute$0(AssignImmutableWorkspaceStep.java:121)
	at org.gradle.internal.execution.steps.AssignImmutableWorkspaceStep.execute(AssignImmutableWorkspaceStep.java:121)
	at org.gradle.internal.execution.steps.AssignImmutableWorkspaceStep.execute(AssignImmutableWorkspaceStep.java:90)
	at org.gradle.internal.execution.steps.ChoosePipelineStep.execute(ChoosePipelineStep.java:38)
	at org.gradle.internal.execution.steps.ChoosePipelineStep.execute(ChoosePipelineStep.java:23)
	at org.gradle.internal.execution.steps.ExecuteWorkBuildOperationFiringStep.lambda$execute$2(ExecuteWorkBuildOperationFiringStep.java:67)
	at org.gradle.internal.execution.steps.ExecuteWorkBuildOperationFiringStep.execute(ExecuteWorkBuildOperationFiringStep.java:67)
	at org.gradle.internal.execution.steps.ExecuteWorkBuildOperationFiringStep.execute(ExecuteWorkBuildOperationFiringStep.java:39)
	at org.gradle.internal.execution.steps.IdentityCacheStep.execute(IdentityCacheStep.java:46)
	at org.gradle.internal.execution.steps.IdentityCacheStep.execute(IdentityCacheStep.java:34)
	at org.gradle.internal.execution.steps.IdentifyStep.execute(IdentifyStep.java:48)
	at org.gradle.internal.execution.steps.IdentifyStep.execute(IdentifyStep.java:35)
	at org.gradle.internal.execution.impl.DefaultExecutionEngine$1.execute(DefaultExecutionEngine.java:61)
	at org.gradle.kotlin.dsl.provider.StandardKotlinScriptEvaluator$InterpreterHost.cachedDirFor(KotlinScriptEvaluator.kt:304)
	at org.gradle.kotlin.dsl.execution.Interpreter$ProgramHost.compileSecondStageOf(Interpreter.kt:469)
	at Program.loadSecondStageFor(Unknown Source)
	at org.gradle.kotlin.dsl.execution.Interpreter$ProgramHost.evaluateSecondStageOf(Interpreter.kt:433)
	at Program.execute(Unknown Source)
	at org.gradle.kotlin.dsl.execution.Interpreter$ProgramHost.eval(Interpreter.kt:516)
	at org.gradle.kotlin.dsl.execution.Interpreter.eval(Interpreter.kt:194)
	at org.gradle.kotlin.dsl.provider.StandardKotlinScriptEvaluator.evaluate(KotlinScriptEvaluator.kt:133)
	at org.gradle.kotlin.dsl.provider.KotlinScriptPluginFactory$create$1.invoke(KotlinScriptPluginFactory.kt:61)
	at org.gradle.kotlin.dsl.provider.KotlinScriptPluginFactory$create$1.invoke(KotlinScriptPluginFactory.kt:52)
	at org.gradle.kotlin.dsl.provider.KotlinScriptPlugin.apply(KotlinScriptPlugin.kt:35)
	at org.gradle.configuration.BuildOperationScriptPlugin$1.run(BuildOperationScriptPlugin.java:68)
	at org.gradle.internal.operations.DefaultBuildOperationRunner$1.execute(DefaultBuildOperationRunner.java:30)
	at org.gradle.internal.operations.DefaultBuildOperationRunner$1.execute(DefaultBuildOperationRunner.java:27)
	at org.gradle.internal.operations.DefaultBuildOperationRunner$2.execute(DefaultBuildOperationRunner.java:67)
	at org.gradle.internal.operations.DefaultBuildOperationRunner$2.execute(DefaultBuildOperationRunner.java:60)
	at org.gradle.internal.operations.DefaultBuildOperationRunner.execute(DefaultBuildOperationRunner.java:167)
	at org.gradle.internal.operations.DefaultBuildOperationRunner.execute(DefaultBuildOperationRunner.java:60)
	at org.gradle.internal.operations.DefaultBuildOperationRunner.run(DefaultBuildOperationRunner.java:48)
	at org.gradle.configuration.BuildOperationScriptPlugin.lambda$apply$0(BuildOperationScriptPlugin.java:65)
	at org.gradle.internal.code.DefaultUserCodeApplicationContext.apply(DefaultUserCodeApplicationContext.java:44)
	at org.gradle.configuration.BuildOperationScriptPlugin.apply(BuildOperationScriptPlugin.java:65)
	at org.gradle.api.internal.project.DefaultProjectStateRegistry$ProjectStateImpl.lambda$applyToMutableState$1(DefaultProjectStateRegistry.java:435)
	at org.gradle.api.internal.project.DefaultProjectStateRegistry$ProjectStateImpl.fromMutableState(DefaultProjectStateRegistry.java:453)
	at org.gradle.api.internal.project.DefaultProjectStateRegistry$ProjectStateImpl.applyToMutableState(DefaultProjectStateRegistry.java:434)
	at org.gradle.configuration.project.BuildScriptProcessor.execute(BuildScriptProcessor.java:46)
	at org.gradle.configuration.project.BuildScriptProcessor.execute(BuildScriptProcessor.java:27)
	at org.gradle.configuration.project.ConfigureActionsProjectEvaluator.evaluate(ConfigureActionsProjectEvaluator.java:35)
	at org.gradle.configuration.project.LifecycleProjectEvaluator$EvaluateProject.lambda$run$0(LifecycleProjectEvaluator.java:109)
	at org.gradle.api.internal.project.DefaultProjectStateRegistry$ProjectStateImpl.lambda$applyToMutableState$1(DefaultProjectStateRegistry.java:435)
	at org.gradle.api.internal.project.DefaultProjectStateRegistry$ProjectStateImpl.lambda$fromMutableState$2(DefaultProjectStateRegistry.java:458)
	at org.gradle.internal.work.DefaultWorkerLeaseService.withReplacedLocks(DefaultWorkerLeaseService.java:359)
	at org.gradle.api.internal.project.DefaultProjectStateRegistry$ProjectStateImpl.fromMutableState(DefaultProjectStateRegistry.java:458)
	at org.gradle.api.internal.project.DefaultProjectStateRegistry$ProjectStateImpl.applyToMutableState(DefaultProjectStateRegistry.java:434)
	at org.gradle.configuration.project.LifecycleProjectEvaluator$EvaluateProject.run(LifecycleProjectEvaluator.java:100)
	at org.gradle.internal.operations.DefaultBuildOperationRunner$1.execute(DefaultBuildOperationRunner.java:30)
	at org.gradle.internal.operations.DefaultBuildOperationRunner$1.execute(DefaultBuildOperationRunner.java:27)
	at org.gradle.internal.operations.DefaultBuildOperationRunner$2.execute(DefaultBuildOperationRunner.java:67)
	at org.gradle.internal.operations.DefaultBuildOperationRunner$2.execute(DefaultBuildOperationRunner.java:60)
	at org.gradle.internal.operations.DefaultBuildOperationRunner.execute(DefaultBuildOperationRunner.java:167)
	at org.gradle.internal.operations.DefaultBuildOperationRunner.execute(DefaultBuildOperationRunner.java:60)
	at org.gradle.internal.operations.DefaultBuildOperationRunner.run(DefaultBuildOperationRunner.java:48)
	at org.gradle.configuration.project.LifecycleProjectEvaluator.evaluate(LifecycleProjectEvaluator.java:72)
	at org.gradle.api.internal.project.DefaultProject.evaluateUnchecked(DefaultProject.java:828)
	at org.gradle.api.internal.project.ProjectLifecycleController.lambda$ensureSelfConfigured$2(ProjectLifecycleController.java:89)
	at org.gradle.internal.model.StateTransitionController.lambda$doTransition$14(StateTransitionController.java:255)
	at org.gradle.internal.model.StateTransitionController.doTransition(StateTransitionController.java:266)
	at org.gradle.internal.model.StateTransitionController.doTransition(StateTransitionController.java:254)
	at org.gradle.internal.model.StateTransitionController.lambda$maybeTransitionIfNotCurrentlyTransitioning$10(StateTransitionController.java:199)
	at org.gradle.internal.work.DefaultSynchronizer.withLock(DefaultSynchronizer.java:36)
	at org.gradle.internal.model.StateTransitionController.maybeTransitionIfNotCurrentlyTransitioning(StateTransitionController.java:195)
	at org.gradle.api.internal.project.ProjectLifecycleController.ensureSelfConfigured(ProjectLifecycleController.java:89)
	at org.gradle.api.internal.project.DefaultProjectStateRegistry$ProjectStateImpl.ensureConfigured(DefaultProjectStateRegistry.java:400)
	at org.gradle.execution.TaskPathProjectEvaluator.configure(TaskPathProjectEvaluator.java:70)
	at org.gradle.execution.TaskPathProjectEvaluator.configureHierarchy(TaskPathProjectEvaluator.java:86)
	at org.gradle.configuration.DefaultProjectsPreparer.prepareProjects(DefaultProjectsPreparer.java:50)
	at org.gradle.configuration.BuildTreePreparingProjectsPreparer.prepareProjects(BuildTreePreparingProjectsPreparer.java:65)
	at org.gradle.configuration.BuildOperationFiringProjectsPreparer$ConfigureBuild.run(BuildOperationFiringProjectsPreparer.java:52)
	at org.gradle.internal.operations.DefaultBuildOperationRunner$1.execute(DefaultBuildOperationRunner.java:30)
	at org.gradle.internal.operations.DefaultBuildOperationRunner$1.execute(DefaultBuildOperationRunner.java:27)
	at org.gradle.internal.operations.DefaultBuildOperationRunner$2.execute(DefaultBuildOperationRunner.java:67)
	at org.gradle.internal.operations.DefaultBuildOperationRunner$2.execute(DefaultBuildOperationRunner.java:60)
	at org.gradle.internal.operations.DefaultBuildOperationRunner.execute(DefaultBuildOperationRunner.java:167)
	at org.gradle.internal.operations.DefaultBuildOperationRunner.execute(DefaultBuildOperationRunner.java:60)
	at org.gradle.internal.operations.DefaultBuildOperationRunner.run(DefaultBuildOperationRunner.java:48)
	at org.gradle.configuration.BuildOperationFiringProjectsPreparer.prepareProjects(BuildOperationFiringProjectsPreparer.java:40)
	at org.gradle.initialization.VintageBuildModelController.lambda$prepareProjects$2(VintageBuildModelController.java:84)
	at org.gradle.internal.model.StateTransitionController.lambda$doTransition$14(StateTransitionController.java:255)
	at org.gradle.internal.model.StateTransitionController.doTransition(StateTransitionController.java:266)
	at org.gradle.internal.model.StateTransitionController.doTransition(StateTransitionController.java:254)
	at org.gradle.internal.model.StateTransitionController.lambda$transitionIfNotPreviously$11(StateTransitionController.java:213)
	at org.gradle.internal.work.DefaultSynchronizer.withLock(DefaultSynchronizer.java:36)
	at org.gradle.internal.model.StateTransitionController.transitionIfNotPreviously(StateTransitionController.java:209)
	at org.gradle.initialization.VintageBuildModelController.prepareProjects(VintageBuildModelController.java:84)
	at org.gradle.initialization.VintageBuildModelController.prepareToScheduleTasks(VintageBuildModelController.java:71)
	at org.gradle.internal.build.DefaultBuildLifecycleController.lambda$prepareToScheduleTasks$6(DefaultBuildLifecycleController.java:175)
	at org.gradle.internal.model.StateTransitionController.lambda$doTransition$14(StateTransitionController.java:255)
	at org.gradle.internal.model.StateTransitionController.doTransition(StateTransitionController.java:266)
	at org.gradle.internal.model.StateTransitionController.doTransition(StateTransitionController.java:254)
	at org.gradle.internal.model.StateTransitionController.lambda$maybeTransition$9(StateTransitionController.java:190)
	at org.gradle.internal.work.DefaultSynchronizer.withLock(DefaultSynchronizer.java:36)
	at org.gradle.internal.model.StateTransitionController.maybeTransition(StateTransitionController.java:186)
	at org.gradle.internal.build.DefaultBuildLifecycleController.prepareToScheduleTasks(DefaultBuildLifecycleController.java:173)
	at org.gradle.internal.buildtree.DefaultBuildTreeWorkPreparer.scheduleRequestedTasks(DefaultBuildTreeWorkPreparer.java:36)
	at org.gradle.internal.cc.impl.VintageBuildTreeWorkController$scheduleAndRunRequestedTasks$1.apply(VintageBuildTreeWorkController.kt:36)
	at org.gradle.internal.cc.impl.VintageBuildTreeWorkController$scheduleAndRunRequestedTasks$1.apply(VintageBuildTreeWorkController.kt:35)
	at org.gradle.composite.internal.DefaultIncludedBuildTaskGraph.withNewWorkGraph(DefaultIncludedBuildTaskGraph.java:112)
	at org.gradle.internal.cc.impl.VintageBuildTreeWorkController.scheduleAndRunRequestedTasks(VintageBuildTreeWorkController.kt:35)
	at org.gradle.internal.buildtree.DefaultBuildTreeLifecycleController.lambda$scheduleAndRunTasks$1(DefaultBuildTreeLifecycleController.java:77)
	at org.gradle.internal.buildtree.DefaultBuildTreeLifecycleController.lambda$runBuild$4(DefaultBuildTreeLifecycleController.java:120)
	at org.gradle.internal.model.StateTransitionController.lambda$transition$6(StateTransitionController.java:169)
	at org.gradle.internal.model.StateTransitionController.doTransition(StateTransitionController.java:266)
	at org.gradle.internal.model.StateTransitionController.lambda$transition$7(StateTransitionController.java:169)
	at org.gradle.internal.work.DefaultSynchronizer.withLock(DefaultSynchronizer.java:46)
	at org.gradle.internal.model.StateTransitionController.transition(StateTransitionController.java:169)
	at org.gradle.internal.buildtree.DefaultBuildTreeLifecycleController.runBuild(DefaultBuildTreeLifecycleController.java:117)
	at org.gradle.internal.buildtree.DefaultBuildTreeLifecycleController.scheduleAndRunTasks(DefaultBuildTreeLifecycleController.java:77)
	at org.gradle.internal.buildtree.DefaultBuildTreeLifecycleController.scheduleAndRunTasks(DefaultBuildTreeLifecycleController.java:72)
	at org.gradle.tooling.internal.provider.ExecuteBuildActionRunner.run(ExecuteBuildActionRunner.java:31)
	at org.gradle.launcher.exec.ChainingBuildActionRunner.run(ChainingBuildActionRunner.java:35)
	at org.gradle.internal.buildtree.ProblemReportingBuildActionRunner.run(ProblemReportingBuildActionRunner.java:49)
	at org.gradle.launcher.exec.BuildOutcomeReportingBuildActionRunner.run(BuildOutcomeReportingBuildActionRunner.java:71)
	at org.gradle.tooling.internal.provider.FileSystemWatchingBuildActionRunner.run(FileSystemWatchingBuildActionRunner.java:135)
	at org.gradle.launcher.exec.BuildCompletionNotifyingBuildActionRunner.run(BuildCompletionNotifyingBuildActionRunner.java:41)
	at org.gradle.launcher.exec.RootBuildLifecycleBuildActionExecutor.lambda$execute$0(RootBuildLifecycleBuildActionExecutor.java:54)
	at org.gradle.composite.internal.DefaultRootBuildState.run(DefaultRootBuildState.java:130)
	at org.gradle.launcher.exec.RootBuildLifecycleBuildActionExecutor.execute(RootBuildLifecycleBuildActionExecutor.java:54)
	at org.gradle.internal.buildtree.InitDeprecationLoggingActionExecutor.execute(InitDeprecationLoggingActionExecutor.java:62)
	at org.gradle.internal.buildtree.InitProblems.execute(InitProblems.java:36)
	at org.gradle.internal.buildtree.DefaultBuildTreeContext.execute(DefaultBuildTreeContext.java:40)
	at org.gradle.launcher.exec.BuildTreeLifecycleBuildActionExecutor.lambda$execute$0(BuildTreeLifecycleBuildActionExecutor.java:71)
	at org.gradle.internal.buildtree.BuildTreeState.run(BuildTreeState.java:60)
	at org.gradle.launcher.exec.BuildTreeLifecycleBuildActionExecutor.execute(BuildTreeLifecycleBuildActionExecutor.java:71)
	at org.gradle.launcher.exec.RunAsBuildOperationBuildActionExecutor$2.call(RunAsBuildOperationBuildActionExecutor.java:67)
	at org.gradle.launcher.exec.RunAsBuildOperationBuildActionExecutor$2.call(RunAsBuildOperationBuildActionExecutor.java:63)
	at org.gradle.internal.operations.DefaultBuildOperationRunner$CallableBuildOperationWorker.execute(DefaultBuildOperationRunner.java:210)
	at org.gradle.internal.operations.DefaultBuildOperationRunner$CallableBuildOperationWorker.execute(DefaultBuildOperationRunner.java:205)
	at org.gradle.internal.operations.DefaultBuildOperationRunner$2.execute(DefaultBuildOperationRunner.java:67)
	at org.gradle.internal.operations.DefaultBuildOperationRunner$2.execute(DefaultBuildOperationRunner.java:60)
	at org.gradle.internal.operations.DefaultBuildOperationRunner.execute(DefaultBuildOperationRunner.java:167)
	at org.gradle.internal.operations.DefaultBuildOperationRunner.execute(DefaultBuildOperationRunner.java:60)
	at org.gradle.internal.operations.DefaultBuildOperationRunner.call(DefaultBuildOperationRunner.java:54)
	at org.gradle.launcher.exec.RunAsBuildOperationBuildActionExecutor.execute(RunAsBuildOperationBuildActionExecutor.java:63)
	at org.gradle.launcher.exec.RunAsWorkerThreadBuildActionExecutor.lambda$execute$0(RunAsWorkerThreadBuildActionExecutor.java:36)
	at org.gradle.internal.work.DefaultWorkerLeaseService.withLocks(DefaultWorkerLeaseService.java:263)
	at org.gradle.internal.work.DefaultWorkerLeaseService.runAsWorkerThread(DefaultWorkerLeaseService.java:127)
	at org.gradle.launcher.exec.RunAsWorkerThreadBuildActionExecutor.execute(RunAsWorkerThreadBuildActionExecutor.java:36)
	at org.gradle.tooling.internal.provider.continuous.ContinuousBuildActionExecutor.execute(ContinuousBuildActionExecutor.java:110)
	at org.gradle.tooling.internal.provider.SubscribableBuildActionExecutor.execute(SubscribableBuildActionExecutor.java:64)
	at org.gradle.internal.session.DefaultBuildSessionContext.execute(DefaultBuildSessionContext.java:46)
	at org.gradle.internal.buildprocess.execution.BuildSessionLifecycleBuildActionExecutor$ActionImpl.apply(BuildSessionLifecycleBuildActionExecutor.java:92)
	at org.gradle.internal.buildprocess.execution.BuildSessionLifecycleBuildActionExecutor$ActionImpl.apply(BuildSessionLifecycleBuildActionExecutor.java:80)
	at org.gradle.internal.session.BuildSessionState.run(BuildSessionState.java:73)
	at org.gradle.internal.buildprocess.execution.BuildSessionLifecycleBuildActionExecutor.execute(BuildSessionLifecycleBuildActionExecutor.java:62)
	at org.gradle.internal.buildprocess.execution.BuildSessionLifecycleBuildActionExecutor.execute(BuildSessionLifecycleBuildActionExecutor.java:41)
	at org.gradle.internal.buildprocess.execution.StartParamsValidatingActionExecutor.execute(StartParamsValidatingActionExecutor.java:64)
	at org.gradle.internal.buildprocess.execution.StartParamsValidatingActionExecutor.execute(StartParamsValidatingActionExecutor.java:32)
	at org.gradle.internal.buildprocess.execution.SessionFailureReportingActionExecutor.execute(SessionFailureReportingActionExecutor.java:51)
	at org.gradle.internal.buildprocess.execution.SessionFailureReportingActionExecutor.execute(SessionFailureReportingActionExecutor.java:39)
	at org.gradle.internal.buildprocess.execution.SetupLoggingActionExecutor.execute(SetupLoggingActionExecutor.java:47)
	at org.gradle.internal.buildprocess.execution.SetupLoggingActionExecutor.execute(SetupLoggingActionExecutor.java:31)
	at org.gradle.launcher.daemon.server.exec.ExecuteBuild.doBuild(ExecuteBuild.java:70)
	at org.gradle.launcher.daemon.server.exec.BuildCommandOnly.execute(BuildCommandOnly.java:37)
	at org.gradle.launcher.daemon.server.api.DaemonCommandExecution.proceed(DaemonCommandExecution.java:104)
	at org.gradle.launcher.daemon.server.exec.WatchForDisconnection.execute(WatchForDisconnection.java:39)
	at org.gradle.launcher.daemon.server.api.DaemonCommandExecution.proceed(DaemonCommandExecution.java:104)
	at org.gradle.launcher.daemon.server.exec.ResetDeprecationLogger.execute(ResetDeprecationLogger.java:29)
	at org.gradle.launcher.daemon.server.api.DaemonCommandExecution.proceed(DaemonCommandExecution.java:104)
	at org.gradle.launcher.daemon.server.exec.RequestStopIfSingleUsedDaemon.execute(RequestStopIfSingleUsedDaemon.java:35)
	at org.gradle.launcher.daemon.server.api.DaemonCommandExecution.proceed(DaemonCommandExecution.java:104)
	at org.gradle.launcher.daemon.server.exec.ForwardClientInput.lambda$execute$0(ForwardClientInput.java:40)
	at org.gradle.internal.daemon.clientinput.ClientInputForwarder.forwardInput(ClientInputForwarder.java:80)
	at org.gradle.launcher.daemon.server.exec.ForwardClientInput.execute(ForwardClientInput.java:37)
	at org.gradle.launcher.daemon.server.api.DaemonCommandExecution.proceed(DaemonCommandExecution.java:104)
	at org.gradle.launcher.daemon.server.exec.LogAndCheckHealth.execute(LogAndCheckHealth.java:64)
	at org.gradle.launcher.daemon.server.api.DaemonCommandExecution.proceed(DaemonCommandExecution.java:104)
	at org.gradle.launcher.daemon.server.exec.LogToClient.doBuild(LogToClient.java:63)
	at org.gradle.launcher.daemon.server.exec.BuildCommandOnly.execute(BuildCommandOnly.java:37)
	at org.gradle.launcher.daemon.server.api.DaemonCommandExecution.proceed(DaemonCommandExecution.java:104)
	at org.gradle.launcher.daemon.server.exec.EstablishBuildEnvironment.doBuild(EstablishBuildEnvironment.java:84)
	at org.gradle.launcher.daemon.server.exec.BuildCommandOnly.execute(BuildCommandOnly.java:37)
	at org.gradle.launcher.daemon.server.api.DaemonCommandExecution.proceed(DaemonCommandExecution.java:104)
	at org.gradle.launcher.daemon.server.exec.StartBuildOrRespondWithBusy$1.run(StartBuildOrRespondWithBusy.java:52)
	at org.gradle.launcher.daemon.server.DaemonStateCoordinator.lambda$runCommand$0(DaemonStateCoordinator.java:321)
	at org.gradle.internal.concurrent.ExecutorPolicy$CatchAndRecordFailures.onExecute(ExecutorPolicy.java:64)
	at org.gradle.internal.concurrent.AbstractManagedExecutor$1.run(AbstractManagedExecutor.java:48)

==============================================================================

2: Task failed with an exception.
-----------
* Where:
Build file '/Users/adriangarciagarcia/AndroidStudioProjects/MiniProyectoPersistenciaDatos/app/build.gradle.kts' line: 38

* What went wrong:
Script compilation errors:

  Line 38:         compose = true
                   ^ Unresolved reference: compose

  Line 40:     composeOptions {
               ^ Unresolved reference: composeOptions

  Line 41:         kotlinCompilerExtensionVersion = "1.5.10"
                   ^ Unresolved reference: kotlinCompilerExtensionVersion

  Line 43: }
           ^ Unexpected symbol

  Line 45: dependencies {
           ^ Unexpected symbol

  Line 45: dependencies {
                        ^ Unexpected symbol

  Line 46:     implementation(libs.androidx.core.ktx)
               ^ Unexpected symbol

  Line 46:     implementation(libs.androidx.core.ktx)
                             ^ Unexpected symbol

  Line 46:     implementation(libs.androidx.core.ktx)
                              ^ Unexpected symbol

  Line 46:     implementation(libs.androidx.core.ktx)
                                  ^ Unexpected symbol

  Line 46:     implementation(libs.androidx.core.ktx)
                                   ^ Unexpected symbol

  Line 46:     implementation(libs.androidx.core.ktx)
                                           ^ Unexpected symbol

  Line 46:     implementation(libs.androidx.core.ktx)
                                            ^ Unexpected symbol

  Line 46:     implementation(libs.androidx.core.ktx)
                                                ^ Unexpected symbol

  Line 46:     implementation(libs.androidx.core.ktx)
                                                 ^ Unexpected symbol

  Line 46:     implementation(libs.androidx.core.ktx)
                                                    ^ Unexpected symbol

  Line 47:     implementation(libs.androidx.lifecycle.runtime.ktx)
               ^ Unexpected symbol

  Line 47:     implementation(libs.androidx.lifecycle.runtime.ktx)
                             ^ Unexpected symbol

  Line 47:     implementation(libs.androidx.lifecycle.runtime.ktx)
                              ^ Unexpected symbol

  Line 47:     implementation(libs.androidx.lifecycle.runtime.ktx)
                                  ^ Unexpected symbol

  Line 47:     implementation(libs.androidx.lifecycle.runtime.ktx)
                                   ^ Unexpected symbol

  Line 47:     implementation(libs.androidx.lifecycle.runtime.ktx)
                                           ^ Unexpected symbol

  Line 47:     implementation(libs.androidx.lifecycle.runtime.ktx)
                                            ^ Unexpected symbol

  Line 47:     implementation(libs.androidx.lifecycle.runtime.ktx)
                                                     ^ Unexpected symbol

  Line 47:     implementation(libs.androidx.lifecycle.runtime.ktx)
                                                      ^ Unexpected symbol

  Line 47:     implementation(libs.androidx.lifecycle.runtime.ktx)
                                                             ^ Unexpected symbol

  Line 47:     implementation(libs.androidx.lifecycle.runtime.ktx)
                                                              ^ Unexpected symbol

  Line 47:     implementation(libs.androidx.lifecycle.runtime.ktx)
                                                                 ^ Unexpected symbol

  Line 48:     implementation(libs.androidx.activity.compose)
               ^ Unexpected symbol

  Line 48:     implementation(libs.androidx.activity.compose)
                             ^ Unexpected symbol

  Line 48:     implementation(libs.androidx.activity.compose)
                              ^ Unexpected symbol

  Line 48:     implementation(libs.androidx.activity.compose)
                                  ^ Unexpected symbol

  Line 48:     implementation(libs.androidx.activity.compose)
                                   ^ Unexpected symbol

  Line 48:     implementation(libs.androidx.activity.compose)
                                           ^ Unexpected symbol

  Line 48:     implementation(libs.androidx.activity.compose)
                                            ^ Unexpected symbol

  Line 48:     implementation(libs.androidx.activity.compose)
                                                    ^ Unexpected symbol

  Line 48:     implementation(libs.androidx.activity.compose)
                                                     ^ Unexpected symbol

  Line 48:     implementation(libs.androidx.activity.compose)
                                                            ^ Unexpected symbol

  Line 49:     implementation(platform(libs.androidx.compose.bom))
               ^ Unexpected symbol

  Line 49:     implementation(platform(libs.androidx.compose.bom))
                             ^ Unexpected symbol

  Line 49:     implementation(platform(libs.androidx.compose.bom))
                              ^ Unexpected symbol

  Line 49:     implementation(platform(libs.androidx.compose.bom))
                                      ^ Unexpected symbol

  Line 49:     implementation(platform(libs.androidx.compose.bom))
                                       ^ Unexpected symbol

  Line 49:     implementation(platform(libs.androidx.compose.bom))
                                           ^ Unexpected symbol

  Line 49:     implementation(platform(libs.androidx.compose.bom))
                                            ^ Unexpected symbol

  Line 49:     implementation(platform(libs.androidx.compose.bom))
                                                    ^ Unexpected symbol

  Line 49:     implementation(platform(libs.androidx.compose.bom))
                                                     ^ Unexpected symbol

  Line 49:     implementation(platform(libs.androidx.compose.bom))
                                                            ^ Unexpected symbol

  Line 49:     implementation(platform(libs.androidx.compose.bom))
                                                             ^ Unexpected symbol

  Line 49:     implementation(platform(libs.androidx.compose.bom))
                                                                ^ Unexpected symbol

  Line 49:     implementation(platform(libs.androidx.compose.bom))
                                                                 ^ Unexpected symbol

  Line 50:     implementation(libs.androidx.compose.ui)
               ^ Unexpected symbol

  Line 50:     implementation(libs.androidx.compose.ui)
                             ^ Unexpected symbol

  Line 50:     implementation(libs.androidx.compose.ui)
                              ^ Unexpected symbol

  Line 50:     implementation(libs.androidx.compose.ui)
                                  ^ Unexpected symbol

  Line 50:     implementation(libs.androidx.compose.ui)
                                   ^ Unexpected symbol

  Line 50:     implementation(libs.androidx.compose.ui)
                                           ^ Unexpected symbol

  Line 50:     implementation(libs.androidx.compose.ui)
                                            ^ Unexpected symbol

  Line 50:     implementation(libs.androidx.compose.ui)
                                                   ^ Unexpected symbol

  Line 50:     implementation(libs.androidx.compose.ui)
                                                    ^ Unexpected symbol

  Line 50:     implementation(libs.androidx.compose.ui)
                                                      ^ Unexpected symbol

  Line 51:     implementation(libs.androidx.compose.ui.graphics)
               ^ Unexpected symbol

  Line 51:     implementation(libs.androidx.compose.ui.graphics)
                             ^ Unexpected symbol

  Line 51:     implementation(libs.androidx.compose.ui.graphics)
                              ^ Unexpected symbol

  Line 51:     implementation(libs.androidx.compose.ui.graphics)
                                  ^ Unexpected symbol

  Line 51:     implementation(libs.androidx.compose.ui.graphics)
                                   ^ Unexpected symbol

  Line 51:     implementation(libs.androidx.compose.ui.graphics)
                                           ^ Unexpected symbol

  Line 51:     implementation(libs.androidx.compose.ui.graphics)
                                            ^ Unexpected symbol

  Line 51:     implementation(libs.androidx.compose.ui.graphics)
                                                   ^ Unexpected symbol

  Line 51:     implementation(libs.androidx.compose.ui.graphics)
                                                    ^ Unexpected symbol

  Line 51:     implementation(libs.androidx.compose.ui.graphics)
                                                      ^ Unexpected symbol

  Line 51:     implementation(libs.androidx.compose.ui.graphics)
                                                       ^ Unexpected symbol

  Line 51:     implementation(libs.androidx.compose.ui.graphics)
                                                               ^ Unexpected symbol

  Line 52:     implementation(libs.androidx.compose.ui.tooling.preview)
               ^ Unexpected symbol

  Line 52:     implementation(libs.androidx.compose.ui.tooling.preview)
                             ^ Unexpected symbol

  Line 52:     implementation(libs.androidx.compose.ui.tooling.preview)
                              ^ Unexpected symbol

  Line 52:     implementation(libs.androidx.compose.ui.tooling.preview)
                                  ^ Unexpected symbol

  Line 52:     implementation(libs.androidx.compose.ui.tooling.preview)
                                   ^ Unexpected symbol

  Line 52:     implementation(libs.androidx.compose.ui.tooling.preview)
                                           ^ Unexpected symbol

  Line 52:     implementation(libs.androidx.compose.ui.tooling.preview)
                                            ^ Unexpected symbol

  Line 52:     implementation(libs.androidx.compose.ui.tooling.preview)
                                                   ^ Unexpected symbol

  Line 52:     implementation(libs.androidx.compose.ui.tooling.preview)
                                                    ^ Unexpected symbol

  Line 52:     implementation(libs.androidx.compose.ui.tooling.preview)
                                                      ^ Unexpected symbol

  Line 52:     implementation(libs.androidx.compose.ui.tooling.preview)
                                                       ^ Unexpected symbol

  Line 52:     implementation(libs.androidx.compose.ui.tooling.preview)
                                                              ^ Unexpected symbol

  Line 52:     implementation(libs.androidx.compose.ui.tooling.preview)
                                                               ^ Unexpected symbol

  Line 52:     implementation(libs.androidx.compose.ui.tooling.preview)
                                                                      ^ Unexpected symbol

  Line 53:     implementation(libs.androidx.compose.material3)
               ^ Unexpected symbol

  Line 53:     implementation(libs.androidx.compose.material3)
                             ^ Unexpected symbol

  Line 53:     implementation(libs.androidx.compose.material3)
                              ^ Unexpected symbol

  Line 53:     implementation(libs.androidx.compose.material3)
                                  ^ Unexpected symbol

  Line 53:     implementation(libs.androidx.compose.material3)
                                   ^ Unexpected symbol

  Line 53:     implementation(libs.androidx.compose.material3)
                                           ^ Unexpected symbol

  Line 53:     implementation(libs.androidx.compose.material3)
                                            ^ Unexpected symbol

  Line 53:     implementation(libs.androidx.compose.material3)
                                                   ^ Unexpected symbol

  Line 53:     implementation(libs.androidx.compose.material3)
                                                    ^ Unexpected symbol

  Line 53:     implementation(libs.androidx.compose.material3)
                                                             ^ Unexpected symbol

  Line 56:     implementation(libs.androidx.room.runtime)
               ^ Unexpected symbol

  Line 56:     implementation(libs.androidx.room.runtime)
                             ^ Unexpected symbol

  Line 56:     implementation(libs.androidx.room.runtime)
                              ^ Unexpected symbol

  Line 56:     implementation(libs.androidx.room.runtime)
                                  ^ Unexpected symbol

  Line 56:     implementation(libs.androidx.room.runtime)
                                   ^ Unexpected symbol

  Line 56:     implementation(libs.androidx.room.runtime)
                                           ^ Unexpected symbol

  Line 56:     implementation(libs.androidx.room.runtime)
                                            ^ Unexpected symbol

  Line 56:     implementation(libs.androidx.room.runtime)
                                                ^ Unexpected symbol

  Line 56:     implementation(libs.androidx.room.runtime)
                                                 ^ Unexpected symbol

  Line 56:     implementation(libs.androidx.room.runtime)
                                                        ^ Unexpected symbol

  Line 57:     implementation(libs.androidx.room.ktx)
               ^ Unexpected symbol

  Line 57:     implementation(libs.androidx.room.ktx)
                             ^ Unexpected symbol

  Line 57:     implementation(libs.androidx.room.ktx)
                              ^ Unexpected symbol

  Line 57:     implementation(libs.androidx.room.ktx)
                                  ^ Unexpected symbol

  Line 57:     implementation(libs.androidx.room.ktx)
                                   ^ Unexpected symbol

  Line 57:     implementation(libs.androidx.room.ktx)
                                           ^ Unexpected symbol

  Line 57:     implementation(libs.androidx.room.ktx)
                                            ^ Unexpected symbol

  Line 57:     implementation(libs.androidx.room.ktx)
                                                ^ Unexpected symbol

  Line 57:     implementation(libs.androidx.room.ktx)
                                                 ^ Unexpected symbol

  Line 57:     implementation(libs.androidx.room.ktx)
                                                    ^ Unexpected symbol

  Line 58:     implementation(libs.navigation.compose)
               ^ Unexpected symbol

  Line 58:     implementation(libs.navigation.compose)
                             ^ Unexpected symbol

  Line 58:     implementation(libs.navigation.compose)
                              ^ Unexpected symbol

  Line 58:     implementation(libs.navigation.compose)
                                  ^ Unexpected symbol

  Line 58:     implementation(libs.navigation.compose)
                                   ^ Unexpected symbol

  Line 58:     implementation(libs.navigation.compose)
                                             ^ Unexpected symbol

  Line 58:     implementation(libs.navigation.compose)
                                              ^ Unexpected symbol

  Line 58:     implementation(libs.navigation.compose)
                                                     ^ Unexpected symbol

  Line 59:     ksp(libs.androidx.room.compiler)
               ^ Unexpected symbol

  Line 59:     ksp(libs.androidx.room.compiler)
                  ^ Unexpected symbol

  Line 59:     ksp(libs.androidx.room.compiler)
                   ^ Unexpected symbol

  Line 59:     ksp(libs.androidx.room.compiler)
                       ^ Unexpected symbol

  Line 59:     ksp(libs.androidx.room.compiler)
                        ^ Unexpected symbol

  Line 59:     ksp(libs.androidx.room.compiler)
                                ^ Unexpected symbol

  Line 59:     ksp(libs.androidx.room.compiler)
                                 ^ Unexpected symbol

  Line 59:     ksp(libs.androidx.room.compiler)
                                     ^ Unexpected symbol

  Line 59:     ksp(libs.androidx.room.compiler)
                                      ^ Unexpected symbol

  Line 59:     ksp(libs.androidx.room.compiler)
                                              ^ Unexpected symbol

  Line 62:     implementation(libs.androidx.datastore.preferences)
               ^ Unexpected symbol

  Line 62:     implementation(libs.androidx.datastore.preferences)
                             ^ Unexpected symbol

  Line 62:     implementation(libs.androidx.datastore.preferences)
                              ^ Unexpected symbol

  Line 62:     implementation(libs.androidx.datastore.preferences)
                                  ^ Unexpected symbol

  Line 62:     implementation(libs.androidx.datastore.preferences)
                                   ^ Unexpected symbol

  Line 62:     implementation(libs.androidx.datastore.preferences)
                                           ^ Unexpected symbol

  Line 62:     implementation(libs.androidx.datastore.preferences)
                                            ^ Unexpected symbol

  Line 62:     implementation(libs.androidx.datastore.preferences)
                                                     ^ Unexpected symbol

  Line 62:     implementation(libs.androidx.datastore.preferences)
                                                      ^ Unexpected symbol

  Line 62:     implementation(libs.androidx.datastore.preferences)
                                                                 ^ Unexpected symbol

  Line 65:     implementation(libs.androidx.navigation.compose)
               ^ Unexpected symbol

  Line 65:     implementation(libs.androidx.navigation.compose)
                             ^ Unexpected symbol

  Line 65:     implementation(libs.androidx.navigation.compose)
                              ^ Unexpected symbol

  Line 65:     implementation(libs.androidx.navigation.compose)
                                  ^ Unexpected symbol

  Line 65:     implementation(libs.androidx.navigation.compose)
                                   ^ Unexpected symbol

  Line 65:     implementation(libs.androidx.navigation.compose)
                                           ^ Unexpected symbol

  Line 65:     implementation(libs.androidx.navigation.compose)
                                            ^ Unexpected symbol

  Line 65:     implementation(libs.androidx.navigation.compose)
                                                      ^ Unexpected symbol

  Line 65:     implementation(libs.androidx.navigation.compose)
                                                       ^ Unexpected symbol

  Line 65:     implementation(libs.androidx.navigation.compose)
                                                              ^ Unexpected symbol

  Line 68:     implementation(libs.androidx.lifecycle.viewmodel.compose)
               ^ Unexpected symbol

  Line 68:     implementation(libs.androidx.lifecycle.viewmodel.compose)
                             ^ Unexpected symbol

  Line 68:     implementation(libs.androidx.lifecycle.viewmodel.compose)
                              ^ Unexpected symbol

  Line 68:     implementation(libs.androidx.lifecycle.viewmodel.compose)
                                  ^ Unexpected symbol

  Line 68:     implementation(libs.androidx.lifecycle.viewmodel.compose)
                                   ^ Unexpected symbol

  Line 68:     implementation(libs.androidx.lifecycle.viewmodel.compose)
                                           ^ Unexpected symbol

  Line 68:     implementation(libs.androidx.lifecycle.viewmodel.compose)
                                            ^ Unexpected symbol

  Line 68:     implementation(libs.androidx.lifecycle.viewmodel.compose)
                                                     ^ Unexpected symbol

  Line 68:     implementation(libs.androidx.lifecycle.viewmodel.compose)
                                                      ^ Unexpected symbol

  Line 68:     implementation(libs.androidx.lifecycle.viewmodel.compose)
                                                               ^ Unexpected symbol

  Line 68:     implementation(libs.androidx.lifecycle.viewmodel.compose)
                                                                ^ Unexpected symbol

  Line 68:     implementation(libs.androidx.lifecycle.viewmodel.compose)
                                                                       ^ Unexpected symbol

  Line 71:     implementation(libs.androidx.compose.material.icons.extended)
               ^ Unexpected symbol

  Line 71:     implementation(libs.androidx.compose.material.icons.extended)
                             ^ Unexpected symbol

  Line 71:     implementation(libs.androidx.compose.material.icons.extended)
                              ^ Unexpected symbol

  Line 71:     implementation(libs.androidx.compose.material.icons.extended)
                                  ^ Unexpected symbol

  Line 71:     implementation(libs.androidx.compose.material.icons.extended)
                                   ^ Unexpected symbol

  Line 71:     implementation(libs.androidx.compose.material.icons.extended)
                                           ^ Unexpected symbol

  Line 71:     implementation(libs.androidx.compose.material.icons.extended)
                                            ^ Unexpected symbol

  Line 71:     implementation(libs.androidx.compose.material.icons.extended)
                                                   ^ Unexpected symbol

  Line 71:     implementation(libs.androidx.compose.material.icons.extended)
                                                    ^ Unexpected symbol

  Line 71:     implementation(libs.androidx.compose.material.icons.extended)
                                                            ^ Unexpected symbol

  Line 71:     implementation(libs.androidx.compose.material.icons.extended)
                                                             ^ Unexpected symbol

  Line 71:     implementation(libs.androidx.compose.material.icons.extended)
                                                                  ^ Unexpected symbol

  Line 71:     implementation(libs.androidx.compose.material.icons.extended)
                                                                   ^ Unexpected symbol

  Line 71:     implementation(libs.androidx.compose.material.icons.extended)
                                                                           ^ Unexpected symbol

  Line 73:     testImplementation(libs.junit)
               ^ Unexpected symbol

  Line 73:     testImplementation(libs.junit)
                                 ^ Unexpected symbol

  Line 73:     testImplementation(libs.junit)
                                  ^ Unexpected symbol

  Line 73:     testImplementation(libs.junit)
                                      ^ Unexpected symbol

  Line 73:     testImplementation(libs.junit)
                                       ^ Unexpected symbol

  Line 73:     testImplementation(libs.junit)
                                            ^ Unexpected symbol

  Line 74:     androidTestImplementation(libs.androidx.junit)
               ^ Unexpected symbol

  Line 74:     androidTestImplementation(libs.androidx.junit)
                                        ^ Unexpected symbol

  Line 74:     androidTestImplementation(libs.androidx.junit)
                                         ^ Unexpected symbol

  Line 74:     androidTestImplementation(libs.androidx.junit)
                                             ^ Unexpected symbol

  Line 74:     androidTestImplementation(libs.androidx.junit)
                                              ^ Unexpected symbol

  Line 74:     androidTestImplementation(libs.androidx.junit)
                                                      ^ Unexpected symbol

  Line 74:     androidTestImplementation(libs.androidx.junit)
                                                       ^ Unexpected symbol

  Line 74:     androidTestImplementation(libs.androidx.junit)
                                                            ^ Unexpected symbol

  Line 75:     androidTestImplementation(libs.androidx.espresso.core)
               ^ Unexpected symbol

  Line 75:     androidTestImplementation(libs.androidx.espresso.core)
                                        ^ Unexpected symbol

  Line 75:     androidTestImplementation(libs.androidx.espresso.core)
                                         ^ Unexpected symbol

  Line 75:     androidTestImplementation(libs.androidx.espresso.core)
                                             ^ Unexpected symbol

  Line 75:     androidTestImplementation(libs.androidx.espresso.core)
                                              ^ Unexpected symbol

  Line 75:     androidTestImplementation(libs.androidx.espresso.core)
                                                      ^ Unexpected symbol

  Line 75:     androidTestImplementation(libs.androidx.espresso.core)
                                                       ^ Unexpected symbol

  Line 75:     androidTestImplementation(libs.androidx.espresso.core)
                                                               ^ Unexpected symbol

  Line 75:     androidTestImplementation(libs.androidx.espresso.core)
                                                                ^ Unexpected symbol

  Line 75:     androidTestImplementation(libs.androidx.espresso.core)
                                                                    ^ Unexpected symbol

  Line 76:     androidTestImplementation(platform(libs.androidx.compose.bom))
               ^ Unexpected symbol

  Line 76:     androidTestImplementation(platform(libs.androidx.compose.bom))
                                        ^ Unexpected symbol

  Line 76:     androidTestImplementation(platform(libs.androidx.compose.bom))
                                         ^ Unexpected symbol

  Line 76:     androidTestImplementation(platform(libs.androidx.compose.bom))
                                                 ^ Unexpected symbol

  Line 76:     androidTestImplementation(platform(libs.androidx.compose.bom))
                                                  ^ Unexpected symbol

  Line 76:     androidTestImplementation(platform(libs.androidx.compose.bom))
                                                      ^ Unexpected symbol

  Line 76:     androidTestImplementation(platform(libs.androidx.compose.bom))
                                                       ^ Unexpected symbol

  Line 76:     androidTestImplementation(platform(libs.androidx.compose.bom))
                                                               ^ Unexpected symbol

  Line 76:     androidTestImplementation(platform(libs.androidx.compose.bom))
                                                                ^ Unexpected symbol

  Line 76:     androidTestImplementation(platform(libs.androidx.compose.bom))
                                                                       ^ Unexpected symbol

  Line 76:     androidTestImplementation(platform(libs.androidx.compose.bom))
                                                                        ^ Unexpected symbol

  Line 76:     androidTestImplementation(platform(libs.androidx.compose.bom))
                                                                           ^ Unexpected symbol

  Line 76:     androidTestImplementation(platform(libs.androidx.compose.bom))
                                                                            ^ Unexpected symbol

  Line 77:     androidTestImplementation(libs.androidx.compose.ui.test.junit4)
               ^ Unexpected symbol

  Line 77:     androidTestImplementation(libs.androidx.compose.ui.test.junit4)
                                        ^ Unexpected symbol

  Line 77:     androidTestImplementation(libs.androidx.compose.ui.test.junit4)
                                         ^ Unexpected symbol

  Line 77:     androidTestImplementation(libs.androidx.compose.ui.test.junit4)
                                             ^ Unexpected symbol

  Line 77:     androidTestImplementation(libs.androidx.compose.ui.test.junit4)
                                              ^ Unexpected symbol

  Line 77:     androidTestImplementation(libs.androidx.compose.ui.test.junit4)
                                                      ^ Unexpected symbol

  Line 77:     androidTestImplementation(libs.androidx.compose.ui.test.junit4)
                                                       ^ Unexpected symbol

  Line 77:     androidTestImplementation(libs.androidx.compose.ui.test.junit4)
                                                              ^ Unexpected symbol

  Line 77:     androidTestImplementation(libs.androidx.compose.ui.test.junit4)
                                                               ^ Unexpected symbol

  Line 77:     androidTestImplementation(libs.androidx.compose.ui.test.junit4)
                                                                 ^ Unexpected symbol

  Line 77:     androidTestImplementation(libs.androidx.compose.ui.test.junit4)
                                                                  ^ Unexpected symbol

  Line 77:     androidTestImplementation(libs.androidx.compose.ui.test.junit4)
                                                                      ^ Unexpected symbol

  Line 77:     androidTestImplementation(libs.androidx.compose.ui.test.junit4)
                                                                       ^ Unexpected symbol

  Line 77:     androidTestImplementation(libs.androidx.compose.ui.test.junit4)
                                                                             ^ Unexpected symbol

  Line 78:     debugImplementation(libs.androidx.compose.ui.tooling)
               ^ Unexpected symbol

  Line 78:     debugImplementation(libs.androidx.compose.ui.tooling)
                                  ^ Unexpected symbol

  Line 78:     debugImplementation(libs.androidx.compose.ui.tooling)
                                   ^ Unexpected symbol

  Line 78:     debugImplementation(libs.androidx.compose.ui.tooling)
                                       ^ Unexpected symbol

  Line 78:     debugImplementation(libs.androidx.compose.ui.tooling)
                                        ^ Unexpected symbol

  Line 78:     debugImplementation(libs.androidx.compose.ui.tooling)
                                                ^ Unexpected symbol

  Line 78:     debugImplementation(libs.androidx.compose.ui.tooling)
                                                 ^ Unexpected symbol

  Line 78:     debugImplementation(libs.androidx.compose.ui.tooling)
                                                        ^ Unexpected symbol

  Line 78:     debugImplementation(libs.androidx.compose.ui.tooling)
                                                         ^ Unexpected symbol

  Line 78:     debugImplementation(libs.androidx.compose.ui.tooling)
                                                           ^ Unexpected symbol

  Line 78:     debugImplementation(libs.androidx.compose.ui.tooling)
                                                            ^ Unexpected symbol

  Line 78:     debugImplementation(libs.androidx.compose.ui.tooling)
                                                                   ^ Unexpected symbol

  Line 79:     debugImplementation(libs.androidx.compose.ui.test.manifest)
               ^ Unexpected symbol

  Line 79:     debugImplementation(libs.androidx.compose.ui.test.manifest)
                                  ^ Unexpected symbol

  Line 79:     debugImplementation(libs.androidx.compose.ui.test.manifest)
                                   ^ Unexpected symbol

  Line 79:     debugImplementation(libs.androidx.compose.ui.test.manifest)
                                       ^ Unexpected symbol

  Line 79:     debugImplementation(libs.androidx.compose.ui.test.manifest)
                                        ^ Unexpected symbol

  Line 79:     debugImplementation(libs.androidx.compose.ui.test.manifest)
                                                ^ Unexpected symbol

  Line 79:     debugImplementation(libs.androidx.compose.ui.test.manifest)
                                                 ^ Unexpected symbol

  Line 79:     debugImplementation(libs.androidx.compose.ui.test.manifest)
                                                        ^ Unexpected symbol

  Line 79:     debugImplementation(libs.androidx.compose.ui.test.manifest)
                                                         ^ Unexpected symbol

  Line 79:     debugImplementation(libs.androidx.compose.ui.test.manifest)
                                                           ^ Unexpected symbol

  Line 79:     debugImplementation(libs.androidx.compose.ui.test.manifest)
                                                            ^ Unexpected symbol

  Line 79:     debugImplementation(libs.androidx.compose.ui.test.manifest)
                                                                ^ Unexpected symbol

  Line 79:     debugImplementation(libs.androidx.compose.ui.test.manifest)
                                                                 ^ Unexpected symbol

  Line 79:     debugImplementation(libs.androidx.compose.ui.test.manifest)
                                                                         ^ Unexpected symbol

  Line 80: }
           ^ Unexpected symbol

259 errors

* Try:
> Run with --info or --debug option to get more log output.
> Run with --scan to get full insights.
> Get more help at https://help.gradle.org.

* Exception is:
ScriptCompilationException(scriptCompilationErrors=[ScriptCompilationError(message=Unexpected symbol, location=/Users/adriangarciagarcia/.gradle/.tmp/gradle-kotlin-dsl-4688484492902216571.tmp/build.gradle.kts (43:1)), ScriptCompilationError(message=Unexpected symbol, location=/Users/adriangarciagarcia/.gradle/.tmp/gradle-kotlin-dsl-4688484492902216571.tmp/build.gradle.kts (45:1)), ScriptCompilationError(message=Unexpected symbol, location=/Users/adriangarciagarcia/.gradle/.tmp/gradle-kotlin-dsl-4688484492902216571.tmp/build.gradle.kts (45:14)), ScriptCompilationError(message=Unexpected symbol, location=/Users/adriangarciagarcia/.gradle/.tmp/gradle-kotlin-dsl-4688484492902216571.tmp/build.gradle.kts (46:5)), ScriptCompilationError(message=Unexpected symbol, location=/Users/adriangarciagarcia/.gradle/.tmp/gradle-kotlin-dsl-4688484492902216571.tmp/build.gradle.kts (46:19)), ScriptCompilationError(message=Unexpected symbol, location=/Users/adriangarciagarcia/.gradle/.tmp/gradle-kotlin-dsl-4688484492902216571.tmp/build.gradle.kts (46:20)), ScriptCompilationError(message=Unexpected symbol, location=/Users/adriangarciagarcia/.gradle/.tmp/gradle-kotlin-dsl-4688484492902216571.tmp/build.gradle.kts (46:24)), ScriptCompilationError(message=Unexpected symbol, location=/Users/adriangarciagarcia/.gradle/.tmp/gradle-kotlin-dsl-4688484492902216571.tmp/build.gradle.kts (46:25)), ScriptCompilationError(message=Unexpected symbol, location=/Users/adriangarciagarcia/.gradle/.tmp/gradle-kotlin-dsl-4688484492902216571.tmp/build.gradle.kts (46:33)), ScriptCompilationError(message=Unexpected symbol, location=/Users/adriangarciagarcia/.gradle/.tmp/gradle-kotlin-dsl-4688484492902216571.tmp/build.gradle.kts (46:34)), ScriptCompilationError(message=Unexpected symbol, location=/Users/adriangarciagarcia/.gradle/.tmp/gradle-kotlin-dsl-4688484492902216571.tmp/build.gradle.kts (46:38)), ScriptCompilationError(message=Unexpected symbol, location=/Users/adriangarciagarcia/.gradle/.tmp/gradle-kotlin-dsl-4688484492902216571.tmp/build.gradle.kts (46:39)), ScriptCompilationError(message=Unexpected symbol, location=/Users/adriangarciagarcia/.gradle/.tmp/gradle-kotlin-dsl-4688484492902216571.tmp/build.gradle.kts (46:42)), ScriptCompilationError(message=Unexpected symbol, location=/Users/adriangarciagarcia/.gradle/.tmp/gradle-kotlin-dsl-4688484492902216571.tmp/build.gradle.kts (47:5)), ScriptCompilationError(message=Unexpected symbol, location=/Users/adriangarciagarcia/.gradle/.tmp/gradle-kotlin-dsl-4688484492902216571.tmp/build.gradle.kts (47:19)), ScriptCompilationError(message=Unexpected symbol, location=/Users/adriangarciagarcia/.gradle/.tmp/gradle-kotlin-dsl-4688484492902216571.tmp/build.gradle.kts (47:20)), ScriptCompilationError(message=Unexpected symbol, location=/Users/adriangarciagarcia/.gradle/.tmp/gradle-kotlin-dsl-4688484492902216571.tmp/build.gradle.kts (47:24)), ScriptCompilationError(message=Unexpected symbol, location=/Users/adriangarciagarcia/.gradle/.tmp/gradle-kotlin-dsl-4688484492902216571.tmp/build.gradle.kts (47:25)), ScriptCompilationError(message=Unexpected symbol, location=/Users/adriangarciagarcia/.gradle/.tmp/gradle-kotlin-dsl-4688484492902216571.tmp/build.gradle.kts (47:33)), ScriptCompilationError(message=Unexpected symbol, location=/Users/adriangarciagarcia/.gradle/.tmp/gradle-kotlin-dsl-4688484492902216571.tmp/build.gradle.kts (47:34)), ScriptCompilationError(message=Unexpected symbol, location=/Users/adriangarciagarcia/.gradle/.tmp/gradle-kotlin-dsl-4688484492902216571.tmp/build.gradle.kts (47:43)), ScriptCompilationError(message=Unexpected symbol, location=/Users/adriangarciagarcia/.gradle/.tmp/gradle-kotlin-dsl-4688484492902216571.tmp/build.gradle.kts (47:44)), ScriptCompilationError(message=Unexpected symbol, location=/Users/adriangarciagarcia/.gradle/.tmp/gradle-kotlin-dsl-4688484492902216571.tmp/build.gradle.kts (47:51)), ScriptCompilationError(message=Unexpected symbol, location=/Users/adriangarciagarcia/.gradle/.tmp/gradle-kotlin-dsl-4688484492902216571.tmp/build.gradle.kts (47:52)), ScriptCompilationError(message=Unexpected symbol, location=/Users/adriangarciagarcia/.gradle/.tmp/gradle-kotlin-dsl-4688484492902216571.tmp/build.gradle.kts (47:55)), ScriptCompilationError(message=Unexpected symbol, location=/Users/adriangarciagarcia/.gradle/.tmp/gradle-kotlin-dsl-4688484492902216571.tmp/build.gradle.kts (48:5)), ScriptCompilationError(message=Unexpected symbol, location=/Users/adriangarciagarcia/.gradle/.tmp/gradle-kotlin-dsl-4688484492902216571.tmp/build.gradle.kts (48:19)), ScriptCompilationError(message=Unexpected symbol, location=/Users/adriangarciagarcia/.gradle/.tmp/gradle-kotlin-dsl-4688484492902216571.tmp/build.gradle.kts (48:20)), ScriptCompilationError(message=Unexpected symbol, location=/Users/adriangarciagarcia/.gradle/.tmp/gradle-kotlin-dsl-4688484492902216571.tmp/build.gradle.kts (48:24)), ScriptCompilationError(message=Unexpected symbol, location=/Users/adriangarciagarcia/.gradle/.tmp/gradle-kotlin-dsl-4688484492902216571.tmp/build.gradle.kts (48:25)), ScriptCompilationError(message=Unexpected symbol, location=/Users/adriangarciagarcia/.gradle/.tmp/gradle-kotlin-dsl-4688484492902216571.tmp/build.gradle.kts (48:33)), ScriptCompilationError(message=Unexpected symbol, location=/Users/adriangarciagarcia/.gradle/.tmp/gradle-kotlin-dsl-4688484492902216571.tmp/build.gradle.kts (48:34)), ScriptCompilationError(message=Unexpected symbol, location=/Users/adriangarciagarcia/.gradle/.tmp/gradle-kotlin-dsl-4688484492902216571.tmp/build.gradle.kts (48:42)), ScriptCompilationError(message=Unexpected symbol, location=/Users/adriangarciagarcia/.gradle/.tmp/gradle-kotlin-dsl-4688484492902216571.tmp/build.gradle.kts (48:43)), ScriptCompilationError(message=Unexpected symbol, location=/Users/adriangarciagarcia/.gradle/.tmp/gradle-kotlin-dsl-4688484492902216571.tmp/build.gradle.kts (48:50)), ScriptCompilationError(message=Unexpected symbol, location=/Users/adriangarciagarcia/.gradle/.tmp/gradle-kotlin-dsl-4688484492902216571.tmp/build.gradle.kts (49:5)), ScriptCompilationError(message=Unexpected symbol, location=/Users/adriangarciagarcia/.gradle/.tmp/gradle-kotlin-dsl-4688484492902216571.tmp/build.gradle.kts (49:19)), ScriptCompilationError(message=Unexpected symbol, location=/Users/adriangarciagarcia/.gradle/.tmp/gradle-kotlin-dsl-4688484492902216571.tmp/build.gradle.kts (49:20)), ScriptCompilationError(message=Unexpected symbol, location=/Users/adriangarciagarcia/.gradle/.tmp/gradle-kotlin-dsl-4688484492902216571.tmp/build.gradle.kts (49:28)), ScriptCompilationError(message=Unexpected symbol, location=/Users/adriangarciagarcia/.gradle/.tmp/gradle-kotlin-dsl-4688484492902216571.tmp/build.gradle.kts (49:29)), ScriptCompilationError(message=Unexpected symbol, location=/Users/adriangarciagarcia/.gradle/.tmp/gradle-kotlin-dsl-4688484492902216571.tmp/build.gradle.kts (49:33)), ScriptCompilationError(message=Unexpected symbol, location=/Users/adriangarciagarcia/.gradle/.tmp/gradle-kotlin-dsl-4688484492902216571.tmp/build.gradle.kts (49:34)), ScriptCompilationError(message=Unexpected symbol, location=/Users/adriangarciagarcia/.gradle/.tmp/gradle-kotlin-dsl-4688484492902216571.tmp/build.gradle.kts (49:42)), ScriptCompilationError(message=Unexpected symbol, location=/Users/adriangarciagarcia/.gradle/.tmp/gradle-kotlin-dsl-4688484492902216571.tmp/build.gradle.kts (49:43)), ScriptCompilationError(message=Unexpected symbol, location=/Users/adriangarciagarcia/.gradle/.tmp/gradle-kotlin-dsl-4688484492902216571.tmp/build.gradle.kts (49:50)), ScriptCompilationError(message=Unexpected symbol, location=/Users/adriangarciagarcia/.gradle/.tmp/gradle-kotlin-dsl-4688484492902216571.tmp/build.gradle.kts (49:51)), ScriptCompilationError(message=Unexpected symbol, location=/Users/adriangarciagarcia/.gradle/.tmp/gradle-kotlin-dsl-4688484492902216571.tmp/build.gradle.kts (49:54)), ScriptCompilationError(message=Unexpected symbol, location=/Users/adriangarciagarcia/.gradle/.tmp/gradle-kotlin-dsl-4688484492902216571.tmp/build.gradle.kts (49:55)), ScriptCompilationError(message=Unexpected symbol, location=/Users/adriangarciagarcia/.gradle/.tmp/gradle-kotlin-dsl-4688484492902216571.tmp/build.gradle.kts (50:5)), ScriptCompilationError(message=Unexpected symbol, location=/Users/adriangarciagarcia/.gradle/.tmp/gradle-kotlin-dsl-4688484492902216571.tmp/build.gradle.kts (50:19)), ScriptCompilationError(message=Unexpected symbol, location=/Users/adriangarciagarcia/.gradle/.tmp/gradle-kotlin-dsl-4688484492902216571.tmp/build.gradle.kts (50:20)), ScriptCompilationError(message=Unexpected symbol, location=/Users/adriangarciagarcia/.gradle/.tmp/gradle-kotlin-dsl-4688484492902216571.tmp/build.gradle.kts (50:24)), ScriptCompilationError(message=Unexpected symbol, location=/Users/adriangarciagarcia/.gradle/.tmp/gradle-kotlin-dsl-4688484492902216571.tmp/build.gradle.kts (50:25)), ScriptCompilationError(message=Unexpected symbol, location=/Users/adriangarciagarcia/.gradle/.tmp/gradle-kotlin-dsl-4688484492902216571.tmp/build.gradle.kts (50:33)), ScriptCompilationError(message=Unexpected symbol, location=/Users/adriangarciagarcia/.gradle/.tmp/gradle-kotlin-dsl-4688484492902216571.tmp/build.gradle.kts (50:34)), ScriptCompilationError(message=Unexpected symbol, location=/Users/adriangarciagarcia/.gradle/.tmp/gradle-kotlin-dsl-4688484492902216571.tmp/build.gradle.kts (50:41)), ScriptCompilationError(message=Unexpected symbol, location=/Users/adriangarciagarcia/.gradle/.tmp/gradle-kotlin-dsl-4688484492902216571.tmp/build.gradle.kts (50:42)), ScriptCompilationError(message=Unexpected symbol, location=/Users/adriangarciagarcia/.gradle/.tmp/gradle-kotlin-dsl-4688484492902216571.tmp/build.gradle.kts (50:44)), ScriptCompilationError(message=Unexpected symbol, location=/Users/adriangarciagarcia/.gradle/.tmp/gradle-kotlin-dsl-4688484492902216571.tmp/build.gradle.kts (51:5)), ScriptCompilationError(message=Unexpected symbol, location=/Users/adriangarciagarcia/.gradle/.tmp/gradle-kotlin-dsl-4688484492902216571.tmp/build.gradle.kts (51:19)), ScriptCompilationError(message=Unexpected symbol, location=/Users/adriangarciagarcia/.gradle/.tmp/gradle-kotlin-dsl-4688484492902216571.tmp/build.gradle.kts (51:20)), ScriptCompilationError(message=Unexpected symbol, location=/Users/adriangarciagarcia/.gradle/.tmp/gradle-kotlin-dsl-4688484492902216571.tmp/build.gradle.kts (51:24)), ScriptCompilationError(message=Unexpected symbol, location=/Users/adriangarciagarcia/.gradle/.tmp/gradle-kotlin-dsl-4688484492902216571.tmp/build.gradle.kts (51:25)), ScriptCompilationError(message=Unexpected symbol, location=/Users/adriangarciagarcia/.gradle/.tmp/gradle-kotlin-dsl-4688484492902216571.tmp/build.gradle.kts (51:33)), ScriptCompilationError(message=Unexpected symbol, location=/Users/adriangarciagarcia/.gradle/.tmp/gradle-kotlin-dsl-4688484492902216571.tmp/build.gradle.kts (51:34)), ScriptCompilationError(message=Unexpected symbol, location=/Users/adriangarciagarcia/.gradle/.tmp/gradle-kotlin-dsl-4688484492902216571.tmp/build.gradle.kts (51:41)), ScriptCompilationError(message=Unexpected symbol, location=/Users/adriangarciagarcia/.gradle/.tmp/gradle-kotlin-dsl-4688484492902216571.tmp/build.gradle.kts (51:42)), ScriptCompilationError(message=Unexpected symbol, location=/Users/adriangarciagarcia/.gradle/.tmp/gradle-kotlin-dsl-4688484492902216571.tmp/build.gradle.kts (51:44)), ScriptCompilationError(message=Unexpected symbol, location=/Users/adriangarciagarcia/.gradle/.tmp/gradle-kotlin-dsl-4688484492902216571.tmp/build.gradle.kts (51:45)), ScriptCompilationError(message=Unexpected symbol, location=/Users/adriangarciagarcia/.gradle/.tmp/gradle-kotlin-dsl-4688484492902216571.tmp/build.gradle.kts (51:53)), ScriptCompilationError(message=Unexpected symbol, location=/Users/adriangarciagarcia/.gradle/.tmp/gradle-kotlin-dsl-4688484492902216571.tmp/build.gradle.kts (52:5)), ScriptCompilationError(message=Unexpected symbol, location=/Users/adriangarciagarcia/.gradle/.tmp/gradle-kotlin-dsl-4688484492902216571.tmp/build.gradle.kts (52:19)), ScriptCompilationError(message=Unexpected symbol, location=/Users/adriangarciagarcia/.gradle/.tmp/gradle-kotlin-dsl-4688484492902216571.tmp/build.gradle.kts (52:20)), ScriptCompilationError(message=Unexpected symbol, location=/Users/adriangarciagarcia/.gradle/.tmp/gradle-kotlin-dsl-4688484492902216571.tmp/build.gradle.kts (52:24)), ScriptCompilationError(message=Unexpected symbol, location=/Users/adriangarciagarcia/.gradle/.tmp/gradle-kotlin-dsl-4688484492902216571.tmp/build.gradle.kts (52:25)), ScriptCompilationError(message=Unexpected symbol, location=/Users/adriangarciagarcia/.gradle/.tmp/gradle-kotlin-dsl-4688484492902216571.tmp/build.gradle.kts (52:33)), ScriptCompilationError(message=Unexpected symbol, location=/Users/adriangarciagarcia/.gradle/.tmp/gradle-kotlin-dsl-4688484492902216571.tmp/build.gradle.kts (52:34)), ScriptCompilationError(message=Unexpected symbol, location=/Users/adriangarciagarcia/.gradle/.tmp/gradle-kotlin-dsl-4688484492902216571.tmp/build.gradle.kts (52:41)), ScriptCompilationError(message=Unexpected symbol, location=/Users/adriangarciagarcia/.gradle/.tmp/gradle-kotlin-dsl-4688484492902216571.tmp/build.gradle.kts (52:42)), ScriptCompilationError(message=Unexpected symbol, location=/Users/adriangarciagarcia/.gradle/.tmp/gradle-kotlin-dsl-4688484492902216571.tmp/build.gradle.kts (52:44)), ScriptCompilationError(message=Unexpected symbol, location=/Users/adriangarciagarcia/.gradle/.tmp/gradle-kotlin-dsl-4688484492902216571.tmp/build.gradle.kts (52:45)), ScriptCompilationError(message=Unexpected symbol, location=/Users/adriangarciagarcia/.gradle/.tmp/gradle-kotlin-dsl-4688484492902216571.tmp/build.gradle.kts (52:52)), ScriptCompilationError(message=Unexpected symbol, location=/Users/adriangarciagarcia/.gradle/.tmp/gradle-kotlin-dsl-4688484492902216571.tmp/build.gradle.kts (52:53)), ScriptCompilationError(message=Unexpected symbol, location=/Users/adriangarciagarcia/.gradle/.tmp/gradle-kotlin-dsl-4688484492902216571.tmp/build.gradle.kts (52:60)), ScriptCompilationError(message=Unexpected symbol, location=/Users/adriangarciagarcia/.gradle/.tmp/gradle-kotlin-dsl-4688484492902216571.tmp/build.gradle.kts (53:5)), ScriptCompilationError(message=Unexpected symbol, location=/Users/adriangarciagarcia/.gradle/.tmp/gradle-kotlin-dsl-4688484492902216571.tmp/build.gradle.kts (53:19)), ScriptCompilationError(message=Unexpected symbol, location=/Users/adriangarciagarcia/.gradle/.tmp/gradle-kotlin-dsl-4688484492902216571.tmp/build.gradle.kts (53:20)), ScriptCompilationError(message=Unexpected symbol, location=/Users/adriangarciagarcia/.gradle/.tmp/gradle-kotlin-dsl-4688484492902216571.tmp/build.gradle.kts (53:24)), ScriptCompilationError(message=Unexpected symbol, location=/Users/adriangarciagarcia/.gradle/.tmp/gradle-kotlin-dsl-4688484492902216571.tmp/build.gradle.kts (53:25)), ScriptCompilationError(message=Unexpected symbol, location=/Users/adriangarciagarcia/.gradle/.tmp/gradle-kotlin-dsl-4688484492902216571.tmp/build.gradle.kts (53:33)), ScriptCompilationError(message=Unexpected symbol, location=/Users/adriangarciagarcia/.gradle/.tmp/gradle-kotlin-dsl-4688484492902216571.tmp/build.gradle.kts (53:34)), ScriptCompilationError(message=Unexpected symbol, location=/Users/adriangarciagarcia/.gradle/.tmp/gradle-kotlin-dsl-4688484492902216571.tmp/build.gradle.kts (53:41)), ScriptCompilationError(message=Unexpected symbol, location=/Users/adriangarciagarcia/.gradle/.tmp/gradle-kotlin-dsl-4688484492902216571.tmp/build.gradle.kts (53:42)), ScriptCompilationError(message=Unexpected symbol, location=/Users/adriangarciagarcia/.gradle/.tmp/gradle-kotlin-dsl-4688484492902216571.tmp/build.gradle.kts (53:51)), ScriptCompilationError(message=Unexpected symbol, location=/Users/adriangarciagarcia/.gradle/.tmp/gradle-kotlin-dsl-4688484492902216571.tmp/build.gradle.kts (56:5)), ScriptCompilationError(message=Unexpected symbol, location=/Users/adriangarciagarcia/.gradle/.tmp/gradle-kotlin-dsl-4688484492902216571.tmp/build.gradle.kts (56:19)), ScriptCompilationError(message=Unexpected symbol, location=/Users/adriangarciagarcia/.gradle/.tmp/gradle-kotlin-dsl-4688484492902216571.tmp/build.gradle.kts (56:20)), ScriptCompilationError(message=Unexpected symbol, location=/Users/adriangarciagarcia/.gradle/.tmp/gradle-kotlin-dsl-4688484492902216571.tmp/build.gradle.kts (56:24)), ScriptCompilationError(message=Unexpected symbol, location=/Users/adriangarciagarcia/.gradle/.tmp/gradle-kotlin-dsl-4688484492902216571.tmp/build.gradle.kts (56:25)), ScriptCompilationError(message=Unexpected symbol, location=/Users/adriangarciagarcia/.gradle/.tmp/gradle-kotlin-dsl-4688484492902216571.tmp/build.gradle.kts (56:33)), ScriptCompilationError(message=Unexpected symbol, location=/Users/adriangarciagarcia/.gradle/.tmp/gradle-kotlin-dsl-4688484492902216571.tmp/build.gradle.kts (56:34)), ScriptCompilationError(message=Unexpected symbol, location=/Users/adriangarciagarcia/.gradle/.tmp/gradle-kotlin-dsl-4688484492902216571.tmp/build.gradle.kts (56:38)), ScriptCompilationError(message=Unexpected symbol, location=/Users/adriangarciagarcia/.gradle/.tmp/gradle-kotlin-dsl-4688484492902216571.tmp/build.gradle.kts (56:39)), ScriptCompilationError(message=Unexpected symbol, location=/Users/adriangarciagarcia/.gradle/.tmp/gradle-kotlin-dsl-4688484492902216571.tmp/build.gradle.kts (56:46)), ScriptCompilationError(message=Unexpected symbol, location=/Users/adriangarciagarcia/.gradle/.tmp/gradle-kotlin-dsl-4688484492902216571.tmp/build.gradle.kts (57:5)), ScriptCompilationError(message=Unexpected symbol, location=/Users/adriangarciagarcia/.gradle/.tmp/gradle-kotlin-dsl-4688484492902216571.tmp/build.gradle.kts (57:19)), ScriptCompilationError(message=Unexpected symbol, location=/Users/adriangarciagarcia/.gradle/.tmp/gradle-kotlin-dsl-4688484492902216571.tmp/build.gradle.kts (57:20)), ScriptCompilationError(message=Unexpected symbol, location=/Users/adriangarciagarcia/.gradle/.tmp/gradle-kotlin-dsl-4688484492902216571.tmp/build.gradle.kts (57:24)), ScriptCompilationError(message=Unexpected symbol, location=/Users/adriangarciagarcia/.gradle/.tmp/gradle-kotlin-dsl-4688484492902216571.tmp/build.gradle.kts (57:25)), ScriptCompilationError(message=Unexpected symbol, location=/Users/adriangarciagarcia/.gradle/.tmp/gradle-kotlin-dsl-4688484492902216571.tmp/build.gradle.kts (57:33)), ScriptCompilationError(message=Unexpected symbol, location=/Users/adriangarciagarcia/.gradle/.tmp/gradle-kotlin-dsl-4688484492902216571.tmp/build.gradle.kts (57:34)), ScriptCompilationError(message=Unexpected symbol, location=/Users/adriangarciagarcia/.gradle/.tmp/gradle-kotlin-dsl-4688484492902216571.tmp/build.gradle.kts (57:38)), ScriptCompilationError(message=Unexpected symbol, location=/Users/adriangarciagarcia/.gradle/.tmp/gradle-kotlin-dsl-4688484492902216571.tmp/build.gradle.kts (57:39)), ScriptCompilationError(message=Unexpected symbol, location=/Users/adriangarciagarcia/.gradle/.tmp/gradle-kotlin-dsl-4688484492902216571.tmp/build.gradle.kts (57:42)), ScriptCompilationError(message=Unexpected symbol, location=/Users/adriangarciagarcia/.gradle/.tmp/gradle-kotlin-dsl-4688484492902216571.tmp/build.gradle.kts (58:5)), ScriptCompilationError(message=Unexpected symbol, location=/Users/adriangarciagarcia/.gradle/.tmp/gradle-kotlin-dsl-4688484492902216571.tmp/build.gradle.kts (58:19)), ScriptCompilationError(message=Unexpected symbol, location=/Users/adriangarciagarcia/.gradle/.tmp/gradle-kotlin-dsl-4688484492902216571.tmp/build.gradle.kts (58:20)), ScriptCompilationError(message=Unexpected symbol, location=/Users/adriangarciagarcia/.gradle/.tmp/gradle-kotlin-dsl-4688484492902216571.tmp/build.gradle.kts (58:24)), ScriptCompilationError(message=Unexpected symbol, location=/Users/adriangarciagarcia/.gradle/.tmp/gradle-kotlin-dsl-4688484492902216571.tmp/build.gradle.kts (58:25)), ScriptCompilationError(message=Unexpected symbol, location=/Users/adriangarciagarcia/.gradle/.tmp/gradle-kotlin-dsl-4688484492902216571.tmp/build.gradle.kts (58:35)), ScriptCompilationError(message=Unexpected symbol, location=/Users/adriangarciagarcia/.gradle/.tmp/gradle-kotlin-dsl-4688484492902216571.tmp/build.gradle.kts (58:36)), ScriptCompilationError(message=Unexpected symbol, location=/Users/adriangarciagarcia/.gradle/.tmp/gradle-kotlin-dsl-4688484492902216571.tmp/build.gradle.kts (58:43)), ScriptCompilationError(message=Unexpected symbol, location=/Users/adriangarciagarcia/.gradle/.tmp/gradle-kotlin-dsl-4688484492902216571.tmp/build.gradle.kts (59:5)), ScriptCompilationError(message=Unexpected symbol, location=/Users/adriangarciagarcia/.gradle/.tmp/gradle-kotlin-dsl-4688484492902216571.tmp/build.gradle.kts (59:8)), ScriptCompilationError(message=Unexpected symbol, location=/Users/adriangarciagarcia/.gradle/.tmp/gradle-kotlin-dsl-4688484492902216571.tmp/build.gradle.kts (59:9)), ScriptCompilationError(message=Unexpected symbol, location=/Users/adriangarciagarcia/.gradle/.tmp/gradle-kotlin-dsl-4688484492902216571.tmp/build.gradle.kts (59:13)), ScriptCompilationError(message=Unexpected symbol, location=/Users/adriangarciagarcia/.gradle/.tmp/gradle-kotlin-dsl-4688484492902216571.tmp/build.gradle.kts (59:14)), ScriptCompilationError(message=Unexpected symbol, location=/Users/adriangarciagarcia/.gradle/.tmp/gradle-kotlin-dsl-4688484492902216571.tmp/build.gradle.kts (59:22)), ScriptCompilationError(message=Unexpected symbol, location=/Users/adriangarciagarcia/.gradle/.tmp/gradle-kotlin-dsl-4688484492902216571.tmp/build.gradle.kts (59:23)), ScriptCompilationError(message=Unexpected symbol, location=/Users/adriangarciagarcia/.gradle/.tmp/gradle-kotlin-dsl-4688484492902216571.tmp/build.gradle.kts (59:27)), ScriptCompilationError(message=Unexpected symbol, location=/Users/adriangarciagarcia/.gradle/.tmp/gradle-kotlin-dsl-4688484492902216571.tmp/build.gradle.kts (59:28)), ScriptCompilationError(message=Unexpected symbol, location=/Users/adriangarciagarcia/.gradle/.tmp/gradle-kotlin-dsl-4688484492902216571.tmp/build.gradle.kts (59:36)), ScriptCompilationError(message=Unexpected symbol, location=/Users/adriangarciagarcia/.gradle/.tmp/gradle-kotlin-dsl-4688484492902216571.tmp/build.gradle.kts (62:5)), ScriptCompilationError(message=Unexpected symbol, location=/Users/adriangarciagarcia/.gradle/.tmp/gradle-kotlin-dsl-4688484492902216571.tmp/build.gradle.kts (62:19)), ScriptCompilationError(message=Unexpected symbol, location=/Users/adriangarciagarcia/.gradle/.tmp/gradle-kotlin-dsl-4688484492902216571.tmp/build.gradle.kts (62:20)), ScriptCompilationError(message=Unexpected symbol, location=/Users/adriangarciagarcia/.gradle/.tmp/gradle-kotlin-dsl-4688484492902216571.tmp/build.gradle.kts (62:24)), ScriptCompilationError(message=Unexpected symbol, location=/Users/adriangarciagarcia/.gradle/.tmp/gradle-kotlin-dsl-4688484492902216571.tmp/build.gradle.kts (62:25)), ScriptCompilationError(message=Unexpected symbol, location=/Users/adriangarciagarcia/.gradle/.tmp/gradle-kotlin-dsl-4688484492902216571.tmp/build.gradle.kts (62:33)), ScriptCompilationError(message=Unexpected symbol, location=/Users/adriangarciagarcia/.gradle/.tmp/gradle-kotlin-dsl-4688484492902216571.tmp/build.gradle.kts (62:34)), ScriptCompilationError(message=Unexpected symbol, location=/Users/adriangarciagarcia/.gradle/.tmp/gradle-kotlin-dsl-4688484492902216571.tmp/build.gradle.kts (62:43)), ScriptCompilationError(message=Unexpected symbol, location=/Users/adriangarciagarcia/.gradle/.tmp/gradle-kotlin-dsl-4688484492902216571.tmp/build.gradle.kts (62:44)), ScriptCompilationError(message=Unexpected symbol, location=/Users/adriangarciagarcia/.gradle/.tmp/gradle-kotlin-dsl-4688484492902216571.tmp/build.gradle.kts (62:55)), ScriptCompilationError(message=Unexpected symbol, location=/Users/adriangarciagarcia/.gradle/.tmp/gradle-kotlin-dsl-4688484492902216571.tmp/build.gradle.kts (65:5)), ScriptCompilationError(message=Unexpected symbol, location=/Users/adriangarciagarcia/.gradle/.tmp/gradle-kotlin-dsl-4688484492902216571.tmp/build.gradle.kts (65:19)), ScriptCompilationError(message=Unexpected symbol, location=/Users/adriangarciagarcia/.gradle/.tmp/gradle-kotlin-dsl-4688484492902216571.tmp/build.gradle.kts (65:20)), ScriptCompilationError(message=Unexpected symbol, location=/Users/adriangarciagarcia/.gradle/.tmp/gradle-kotlin-dsl-4688484492902216571.tmp/build.gradle.kts (65:24)), ScriptCompilationError(message=Unexpected symbol, location=/Users/adriangarciagarcia/.gradle/.tmp/gradle-kotlin-dsl-4688484492902216571.tmp/build.gradle.kts (65:25)), ScriptCompilationError(message=Unexpected symbol, location=/Users/adriangarciagarcia/.gradle/.tmp/gradle-kotlin-dsl-4688484492902216571.tmp/build.gradle.kts (65:33)), ScriptCompilationError(message=Unexpected symbol, location=/Users/adriangarciagarcia/.gradle/.tmp/gradle-kotlin-dsl-4688484492902216571.tmp/build.gradle.kts (65:34)), ScriptCompilationError(message=Unexpected symbol, location=/Users/adriangarciagarcia/.gradle/.tmp/gradle-kotlin-dsl-4688484492902216571.tmp/build.gradle.kts (65:44)), ScriptCompilationError(message=Unexpected symbol, location=/Users/adriangarciagarcia/.gradle/.tmp/gradle-kotlin-dsl-4688484492902216571.tmp/build.gradle.kts (65:45)), ScriptCompilationError(message=Unexpected symbol, location=/Users/adriangarciagarcia/.gradle/.tmp/gradle-kotlin-dsl-4688484492902216571.tmp/build.gradle.kts (65:52)), ScriptCompilationError(message=Unexpected symbol, location=/Users/adriangarciagarcia/.gradle/.tmp/gradle-kotlin-dsl-4688484492902216571.tmp/build.gradle.kts (68:5)), ScriptCompilationError(message=Unexpected symbol, location=/Users/adriangarciagarcia/.gradle/.tmp/gradle-kotlin-dsl-4688484492902216571.tmp/build.gradle.kts (68:19)), ScriptCompilationError(message=Unexpected symbol, location=/Users/adriangarciagarcia/.gradle/.tmp/gradle-kotlin-dsl-4688484492902216571.tmp/build.gradle.kts (68:20)), ScriptCompilationError(message=Unexpected symbol, location=/Users/adriangarciagarcia/.gradle/.tmp/gradle-kotlin-dsl-4688484492902216571.tmp/build.gradle.kts (68:24)), ScriptCompilationError(message=Unexpected symbol, location=/Users/adriangarciagarcia/.gradle/.tmp/gradle-kotlin-dsl-4688484492902216571.tmp/build.gradle.kts (68:25)), ScriptCompilationError(message=Unexpected symbol, location=/Users/adriangarciagarcia/.gradle/.tmp/gradle-kotlin-dsl-4688484492902216571.tmp/build.gradle.kts (68:33)), ScriptCompilationError(message=Unexpected symbol, location=/Users/adriangarciagarcia/.gradle/.tmp/gradle-kotlin-dsl-4688484492902216571.tmp/build.gradle.kts (68:34)), ScriptCompilationError(message=Unexpected symbol, location=/Users/adriangarciagarcia/.gradle/.tmp/gradle-kotlin-dsl-4688484492902216571.tmp/build.gradle.kts (68:43)), ScriptCompilationError(message=Unexpected symbol, location=/Users/adriangarciagarcia/.gradle/.tmp/gradle-kotlin-dsl-4688484492902216571.tmp/build.gradle.kts (68:44)), ScriptCompilationError(message=Unexpected symbol, location=/Users/adriangarciagarcia/.gradle/.tmp/gradle-kotlin-dsl-4688484492902216571.tmp/build.gradle.kts (68:53)), ScriptCompilationError(message=Unexpected symbol, location=/Users/adriangarciagarcia/.gradle/.tmp/gradle-kotlin-dsl-4688484492902216571.tmp/build.gradle.kts (68:54)), ScriptCompilationError(message=Unexpected symbol, location=/Users/adriangarciagarcia/.gradle/.tmp/gradle-kotlin-dsl-4688484492902216571.tmp/build.gradle.kts (68:61)), ScriptCompilationError(message=Unexpected symbol, location=/Users/adriangarciagarcia/.gradle/.tmp/gradle-kotlin-dsl-4688484492902216571.tmp/build.gradle.kts (71:5)), ScriptCompilationError(message=Unexpected symbol, location=/Users/adriangarciagarcia/.gradle/.tmp/gradle-kotlin-dsl-4688484492902216571.tmp/build.gradle.kts (71:19)), ScriptCompilationError(message=Unexpected symbol, location=/Users/adriangarciagarcia/.gradle/.tmp/gradle-kotlin-dsl-4688484492902216571.tmp/build.gradle.kts (71:20)), ScriptCompilationError(message=Unexpected symbol, location=/Users/adriangarciagarcia/.gradle/.tmp/gradle-kotlin-dsl-4688484492902216571.tmp/build.gradle.kts (71:24)), ScriptCompilationError(message=Unexpected symbol, location=/Users/adriangarciagarcia/.gradle/.tmp/gradle-kotlin-dsl-4688484492902216571.tmp/build.gradle.kts (71:25)), ScriptCompilationError(message=Unexpected symbol, location=/Users/adriangarciagarcia/.gradle/.tmp/gradle-kotlin-dsl-4688484492902216571.tmp/build.gradle.kts (71:33)), ScriptCompilationError(message=Unexpected symbol, location=/Users/adriangarciagarcia/.gradle/.tmp/gradle-kotlin-dsl-4688484492902216571.tmp/build.gradle.kts (71:34)), ScriptCompilationError(message=Unexpected symbol, location=/Users/adriangarciagarcia/.gradle/.tmp/gradle-kotlin-dsl-4688484492902216571.tmp/build.gradle.kts (71:41)), ScriptCompilationError(message=Unexpected symbol, location=/Users/adriangarciagarcia/.gradle/.tmp/gradle-kotlin-dsl-4688484492902216571.tmp/build.gradle.kts (71:42)), ScriptCompilationError(message=Unexpected symbol, location=/Users/adriangarciagarcia/.gradle/.tmp/gradle-kotlin-dsl-4688484492902216571.tmp/build.gradle.kts (71:50)), ScriptCompilationError(message=Unexpected symbol, location=/Users/adriangarciagarcia/.gradle/.tmp/gradle-kotlin-dsl-4688484492902216571.tmp/build.gradle.kts (71:51)), ScriptCompilationError(message=Unexpected symbol, location=/Users/adriangarciagarcia/.gradle/.tmp/gradle-kotlin-dsl-4688484492902216571.tmp/build.gradle.kts (71:56)), ScriptCompilationError(message=Unexpected symbol, location=/Users/adriangarciagarcia/.gradle/.tmp/gradle-kotlin-dsl-4688484492902216571.tmp/build.gradle.kts (71:57)), ScriptCompilationError(message=Unexpected symbol, location=/Users/adriangarciagarcia/.gradle/.tmp/gradle-kotlin-dsl-4688484492902216571.tmp/build.gradle.kts (71:65)), ScriptCompilationError(message=Unexpected symbol, location=/Users/adriangarciagarcia/.gradle/.tmp/gradle-kotlin-dsl-4688484492902216571.tmp/build.gradle.kts (73:5)), ScriptCompilationError(message=Unexpected symbol, location=/Users/adriangarciagarcia/.gradle/.tmp/gradle-kotlin-dsl-4688484492902216571.tmp/build.gradle.kts (73:23)), ScriptCompilationError(message=Unexpected symbol, location=/Users/adriangarciagarcia/.gradle/.tmp/gradle-kotlin-dsl-4688484492902216571.tmp/build.gradle.kts (73:24)), ScriptCompilationError(message=Unexpected symbol, location=/Users/adriangarciagarcia/.gradle/.tmp/gradle-kotlin-dsl-4688484492902216571.tmp/build.gradle.kts (73:28)), ScriptCompilationError(message=Unexpected symbol, location=/Users/adriangarciagarcia/.gradle/.tmp/gradle-kotlin-dsl-4688484492902216571.tmp/build.gradle.kts (73:29)), ScriptCompilationError(message=Unexpected symbol, location=/Users/adriangarciagarcia/.gradle/.tmp/gradle-kotlin-dsl-4688484492902216571.tmp/build.gradle.kts (73:34)), ScriptCompilationError(message=Unexpected symbol, location=/Users/adriangarciagarcia/.gradle/.tmp/gradle-kotlin-dsl-4688484492902216571.tmp/build.gradle.kts (74:5)), ScriptCompilationError(message=Unexpected symbol, location=/Users/adriangarciagarcia/.gradle/.tmp/gradle-kotlin-dsl-4688484492902216571.tmp/build.gradle.kts (74:30)), ScriptCompilationError(message=Unexpected symbol, location=/Users/adriangarciagarcia/.gradle/.tmp/gradle-kotlin-dsl-4688484492902216571.tmp/build.gradle.kts (74:31)), ScriptCompilationError(message=Unexpected symbol, location=/Users/adriangarciagarcia/.gradle/.tmp/gradle-kotlin-dsl-4688484492902216571.tmp/build.gradle.kts (74:35)), ScriptCompilationError(message=Unexpected symbol, location=/Users/adriangarciagarcia/.gradle/.tmp/gradle-kotlin-dsl-4688484492902216571.tmp/build.gradle.kts (74:36)), ScriptCompilationError(message=Unexpected symbol, location=/Users/adriangarciagarcia/.gradle/.tmp/gradle-kotlin-dsl-4688484492902216571.tmp/build.gradle.kts (74:44)), ScriptCompilationError(message=Unexpected symbol, location=/Users/adriangarciagarcia/.gradle/.tmp/gradle-kotlin-dsl-4688484492902216571.tmp/build.gradle.kts (74:45)), ScriptCompilationError(message=Unexpected symbol, location=/Users/adriangarciagarcia/.gradle/.tmp/gradle-kotlin-dsl-4688484492902216571.tmp/build.gradle.kts (74:50)), ScriptCompilationError(message=Unexpected symbol, location=/Users/adriangarciagarcia/.gradle/.tmp/gradle-kotlin-dsl-4688484492902216571.tmp/build.gradle.kts (75:5)), ScriptCompilationError(message=Unexpected symbol, location=/Users/adriangarciagarcia/.gradle/.tmp/gradle-kotlin-dsl-4688484492902216571.tmp/build.gradle.kts (75:30)), ScriptCompilationError(message=Unexpected symbol, location=/Users/adriangarciagarcia/.gradle/.tmp/gradle-kotlin-dsl-4688484492902216571.tmp/build.gradle.kts (75:31)), ScriptCompilationError(message=Unexpected symbol, location=/Users/adriangarciagarcia/.gradle/.tmp/gradle-kotlin-dsl-4688484492902216571.tmp/build.gradle.kts (75:35)), ScriptCompilationError(message=Unexpected symbol, location=/Users/adriangarciagarcia/.gradle/.tmp/gradle-kotlin-dsl-4688484492902216571.tmp/build.gradle.kts (75:36)), ScriptCompilationError(message=Unexpected symbol, location=/Users/adriangarciagarcia/.gradle/.tmp/gradle-kotlin-dsl-4688484492902216571.tmp/build.gradle.kts (75:44)), ScriptCompilationError(message=Unexpected symbol, location=/Users/adriangarciagarcia/.gradle/.tmp/gradle-kotlin-dsl-4688484492902216571.tmp/build.gradle.kts (75:45)), ScriptCompilationError(message=Unexpected symbol, location=/Users/adriangarciagarcia/.gradle/.tmp/gradle-kotlin-dsl-4688484492902216571.tmp/build.gradle.kts (75:53)), ScriptCompilationError(message=Unexpected symbol, location=/Users/adriangarciagarcia/.gradle/.tmp/gradle-kotlin-dsl-4688484492902216571.tmp/build.gradle.kts (75:54)), ScriptCompilationError(message=Unexpected symbol, location=/Users/adriangarciagarcia/.gradle/.tmp/gradle-kotlin-dsl-4688484492902216571.tmp/build.gradle.kts (75:58)), ScriptCompilationError(message=Unexpected symbol, location=/Users/adriangarciagarcia/.gradle/.tmp/gradle-kotlin-dsl-4688484492902216571.tmp/build.gradle.kts (76:5)), ScriptCompilationError(message=Unexpected symbol, location=/Users/adriangarciagarcia/.gradle/.tmp/gradle-kotlin-dsl-4688484492902216571.tmp/build.gradle.kts (76:30)), ScriptCompilationError(message=Unexpected symbol, location=/Users/adriangarciagarcia/.gradle/.tmp/gradle-kotlin-dsl-4688484492902216571.tmp/build.gradle.kts (76:31)), ScriptCompilationError(message=Unexpected symbol, location=/Users/adriangarciagarcia/.gradle/.tmp/gradle-kotlin-dsl-4688484492902216571.tmp/build.gradle.kts (76:39)), ScriptCompilationError(message=Unexpected symbol, location=/Users/adriangarciagarcia/.gradle/.tmp/gradle-kotlin-dsl-4688484492902216571.tmp/build.gradle.kts (76:40)), ScriptCompilationError(message=Unexpected symbol, location=/Users/adriangarciagarcia/.gradle/.tmp/gradle-kotlin-dsl-4688484492902216571.tmp/build.gradle.kts (76:44)), ScriptCompilationError(message=Unexpected symbol, location=/Users/adriangarciagarcia/.gradle/.tmp/gradle-kotlin-dsl-4688484492902216571.tmp/build.gradle.kts (76:45)), ScriptCompilationError(message=Unexpected symbol, location=/Users/adriangarciagarcia/.gradle/.tmp/gradle-kotlin-dsl-4688484492902216571.tmp/build.gradle.kts (76:53)), ScriptCompilationError(message=Unexpected symbol, location=/Users/adriangarciagarcia/.gradle/.tmp/gradle-kotlin-dsl-4688484492902216571.tmp/build.gradle.kts (76:54)), ScriptCompilationError(message=Unexpected symbol, location=/Users/adriangarciagarcia/.gradle/.tmp/gradle-kotlin-dsl-4688484492902216571.tmp/build.gradle.kts (76:61)), ScriptCompilationError(message=Unexpected symbol, location=/Users/adriangarciagarcia/.gradle/.tmp/gradle-kotlin-dsl-4688484492902216571.tmp/build.gradle.kts (76:62)), ScriptCompilationError(message=Unexpected symbol, location=/Users/adriangarciagarcia/.gradle/.tmp/gradle-kotlin-dsl-4688484492902216571.tmp/build.gradle.kts (76:65)), ScriptCompilationError(message=Unexpected symbol, location=/Users/adriangarciagarcia/.gradle/.tmp/gradle-kotlin-dsl-4688484492902216571.tmp/build.gradle.kts (76:66)), ScriptCompilationError(message=Unexpected symbol, location=/Users/adriangarciagarcia/.gradle/.tmp/gradle-kotlin-dsl-4688484492902216571.tmp/build.gradle.kts (77:5)), ScriptCompilationError(message=Unexpected symbol, location=/Users/adriangarciagarcia/.gradle/.tmp/gradle-kotlin-dsl-4688484492902216571.tmp/build.gradle.kts (77:30)), ScriptCompilationError(message=Unexpected symbol, location=/Users/adriangarciagarcia/.gradle/.tmp/gradle-kotlin-dsl-4688484492902216571.tmp/build.gradle.kts (77:31)), ScriptCompilationError(message=Unexpected symbol, location=/Users/adriangarciagarcia/.gradle/.tmp/gradle-kotlin-dsl-4688484492902216571.tmp/build.gradle.kts (77:35)), ScriptCompilationError(message=Unexpected symbol, location=/Users/adriangarciagarcia/.gradle/.tmp/gradle-kotlin-dsl-4688484492902216571.tmp/build.gradle.kts (77:36)), ScriptCompilationError(message=Unexpected symbol, location=/Users/adriangarciagarcia/.gradle/.tmp/gradle-kotlin-dsl-4688484492902216571.tmp/build.gradle.kts (77:44)), ScriptCompilationError(message=Unexpected symbol, location=/Users/adriangarciagarcia/.gradle/.tmp/gradle-kotlin-dsl-4688484492902216571.tmp/build.gradle.kts (77:45)), ScriptCompilationError(message=Unexpected symbol, location=/Users/adriangarciagarcia/.gradle/.tmp/gradle-kotlin-dsl-4688484492902216571.tmp/build.gradle.kts (77:52)), ScriptCompilationError(message=Unexpected symbol, location=/Users/adriangarciagarcia/.gradle/.tmp/gradle-kotlin-dsl-4688484492902216571.tmp/build.gradle.kts (77:53)), ScriptCompilationError(message=Unexpected symbol, location=/Users/adriangarciagarcia/.gradle/.tmp/gradle-kotlin-dsl-4688484492902216571.tmp/build.gradle.kts (77:55)), ScriptCompilationError(message=Unexpected symbol, location=/Users/adriangarciagarcia/.gradle/.tmp/gradle-kotlin-dsl-4688484492902216571.tmp/build.gradle.kts (77:56)), ScriptCompilationError(message=Unexpected symbol, location=/Users/adriangarciagarcia/.gradle/.tmp/gradle-kotlin-dsl-4688484492902216571.tmp/build.gradle.kts (77:60)), ScriptCompilationError(message=Unexpected symbol, location=/Users/adriangarciagarcia/.gradle/.tmp/gradle-kotlin-dsl-4688484492902216571.tmp/build.gradle.kts (77:61)), ScriptCompilationError(message=Unexpected symbol, location=/Users/adriangarciagarcia/.gradle/.tmp/gradle-kotlin-dsl-4688484492902216571.tmp/build.gradle.kts (77:67)), ScriptCompilationError(message=Unexpected symbol, location=/Users/adriangarciagarcia/.gradle/.tmp/gradle-kotlin-dsl-4688484492902216571.tmp/build.gradle.kts (78:5)), ScriptCompilationError(message=Unexpected symbol, location=/Users/adriangarciagarcia/.gradle/.tmp/gradle-kotlin-dsl-4688484492902216571.tmp/build.gradle.kts (78:24)), ScriptCompilationError(message=Unexpected symbol, location=/Users/adriangarciagarcia/.gradle/.tmp/gradle-kotlin-dsl-4688484492902216571.tmp/build.gradle.kts (78:25)), ScriptCompilationError(message=Unexpected symbol, location=/Users/adriangarciagarcia/.gradle/.tmp/gradle-kotlin-dsl-4688484492902216571.tmp/build.gradle.kts (78:29)), ScriptCompilationError(message=Unexpected symbol, location=/Users/adriangarciagarcia/.gradle/.tmp/gradle-kotlin-dsl-4688484492902216571.tmp/build.gradle.kts (78:30)), ScriptCompilationError(message=Unexpected symbol, location=/Users/adriangarciagarcia/.gradle/.tmp/gradle-kotlin-dsl-4688484492902216571.tmp/build.gradle.kts (78:38)), ScriptCompilationError(message=Unexpected symbol, location=/Users/adriangarciagarcia/.gradle/.tmp/gradle-kotlin-dsl-4688484492902216571.tmp/build.gradle.kts (78:39)), ScriptCompilationError(message=Unexpected symbol, location=/Users/adriangarciagarcia/.gradle/.tmp/gradle-kotlin-dsl-4688484492902216571.tmp/build.gradle.kts (78:46)), ScriptCompilationError(message=Unexpected symbol, location=/Users/adriangarciagarcia/.gradle/.tmp/gradle-kotlin-dsl-4688484492902216571.tmp/build.gradle.kts (78:47)), ScriptCompilationError(message=Unexpected symbol, location=/Users/adriangarciagarcia/.gradle/.tmp/gradle-kotlin-dsl-4688484492902216571.tmp/build.gradle.kts (78:49)), ScriptCompilationError(message=Unexpected symbol, location=/Users/adriangarciagarcia/.gradle/.tmp/gradle-kotlin-dsl-4688484492902216571.tmp/build.gradle.kts (78:50)), ScriptCompilationError(message=Unexpected symbol, location=/Users/adriangarciagarcia/.gradle/.tmp/gradle-kotlin-dsl-4688484492902216571.tmp/build.gradle.kts (78:57)), ScriptCompilationError(message=Unexpected symbol, location=/Users/adriangarciagarcia/.gradle/.tmp/gradle-kotlin-dsl-4688484492902216571.tmp/build.gradle.kts (79:5)), ScriptCompilationError(message=Unexpected symbol, location=/Users/adriangarciagarcia/.gradle/.tmp/gradle-kotlin-dsl-4688484492902216571.tmp/build.gradle.kts (79:24)), ScriptCompilationError(message=Unexpected symbol, location=/Users/adriangarciagarcia/.gradle/.tmp/gradle-kotlin-dsl-4688484492902216571.tmp/build.gradle.kts (79:25)), ScriptCompilationError(message=Unexpected symbol, location=/Users/adriangarciagarcia/.gradle/.tmp/gradle-kotlin-dsl-4688484492902216571.tmp/build.gradle.kts (79:29)), ScriptCompilationError(message=Unexpected symbol, location=/Users/adriangarciagarcia/.gradle/.tmp/gradle-kotlin-dsl-4688484492902216571.tmp/build.gradle.kts (79:30)), ScriptCompilationError(message=Unexpected symbol, location=/Users/adriangarciagarcia/.gradle/.tmp/gradle-kotlin-dsl-4688484492902216571.tmp/build.gradle.kts (79:38)), ScriptCompilationError(message=Unexpected symbol, location=/Users/adriangarciagarcia/.gradle/.tmp/gradle-kotlin-dsl-4688484492902216571.tmp/build.gradle.kts (79:39)), ScriptCompilationError(message=Unexpected symbol, location=/Users/adriangarciagarcia/.gradle/.tmp/gradle-kotlin-dsl-4688484492902216571.tmp/build.gradle.kts (79:46)), ScriptCompilationError(message=Unexpected symbol, location=/Users/adriangarciagarcia/.gradle/.tmp/gradle-kotlin-dsl-4688484492902216571.tmp/build.gradle.kts (79:47)), ScriptCompilationError(message=Unexpected symbol, location=/Users/adriangarciagarcia/.gradle/.tmp/gradle-kotlin-dsl-4688484492902216571.tmp/build.gradle.kts (79:49)), ScriptCompilationError(message=Unexpected symbol, location=/Users/adriangarciagarcia/.gradle/.tmp/gradle-kotlin-dsl-4688484492902216571.tmp/build.gradle.kts (79:50)), ScriptCompilationError(message=Unexpected symbol, location=/Users/adriangarciagarcia/.gradle/.tmp/gradle-kotlin-dsl-4688484492902216571.tmp/build.gradle.kts (79:54)), ScriptCompilationError(message=Unexpected symbol, location=/Users/adriangarciagarcia/.gradle/.tmp/gradle-kotlin-dsl-4688484492902216571.tmp/build.gradle.kts (79:55)), ScriptCompilationError(message=Unexpected symbol, location=/Users/adriangarciagarcia/.gradle/.tmp/gradle-kotlin-dsl-4688484492902216571.tmp/build.gradle.kts (79:63)), ScriptCompilationError(message=Unexpected symbol, location=/Users/adriangarciagarcia/.gradle/.tmp/gradle-kotlin-dsl-4688484492902216571.tmp/build.gradle.kts (80:1)), ScriptCompilationError(message=Unresolved reference: compose, location=/Users/adriangarciagarcia/.gradle/.tmp/gradle-kotlin-dsl-4688484492902216571.tmp/build.gradle.kts (38:9)), ScriptCompilationError(message=Unresolved reference: composeOptions, location=/Users/adriangarciagarcia/.gradle/.tmp/gradle-kotlin-dsl-4688484492902216571.tmp/build.gradle.kts (40:5)), ScriptCompilationError(message=Unresolved reference: kotlinCompilerExtensionVersion, location=/Users/adriangarciagarcia/.gradle/.tmp/gradle-kotlin-dsl-4688484492902216571.tmp/build.gradle.kts (41:9))])
	at org.gradle.kotlin.dsl.support.KotlinCompilerKt.reportToMessageCollectorAndThrowOnErrors(KotlinCompiler.kt:277)
	at org.gradle.kotlin.dsl.support.KotlinCompilerKt.compileKotlinScriptModuleTo(KotlinCompiler.kt:246)
	at org.gradle.kotlin.dsl.support.KotlinCompilerKt.compileKotlinScriptToDirectory(KotlinCompiler.kt:198)
	at org.gradle.kotlin.dsl.execution.ResidualProgramCompiler$compileScript$1.invoke(ResidualProgramCompiler.kt:713)
	at org.gradle.kotlin.dsl.execution.ResidualProgramCompiler$compileScript$1.invoke(ResidualProgramCompiler.kt:712)
	at org.gradle.kotlin.dsl.provider.StandardKotlinScriptEvaluator$InterpreterHost$runCompileBuildOperation$1.call(KotlinScriptEvaluator.kt:209)
	at org.gradle.kotlin.dsl.provider.StandardKotlinScriptEvaluator$InterpreterHost$runCompileBuildOperation$1.call(KotlinScriptEvaluator.kt:206)
	at org.gradle.internal.operations.DefaultBuildOperationRunner$CallableBuildOperationWorker.execute(DefaultBuildOperationRunner.java:210)
	at org.gradle.internal.operations.DefaultBuildOperationRunner$CallableBuildOperationWorker.execute(DefaultBuildOperationRunner.java:205)
	at org.gradle.internal.operations.DefaultBuildOperationRunner$2.execute(DefaultBuildOperationRunner.java:67)
	at org.gradle.internal.operations.DefaultBuildOperationRunner$2.execute(DefaultBuildOperationRunner.java:60)
	at org.gradle.internal.operations.DefaultBuildOperationRunner.execute(DefaultBuildOperationRunner.java:167)
	at org.gradle.internal.operations.DefaultBuildOperationRunner.execute(DefaultBuildOperationRunner.java:60)
	at org.gradle.internal.operations.DefaultBuildOperationRunner.call(DefaultBuildOperationRunner.java:54)
	at org.gradle.kotlin.dsl.provider.StandardKotlinScriptEvaluator$InterpreterHost.runCompileBuildOperation(KotlinScriptEvaluator.kt:206)
	at org.gradle.kotlin.dsl.execution.Interpreter$ProgramHost$compileSecondStageOf$cacheDir$1$1$1$1$1.invoke(Interpreter.kt:492)
	at org.gradle.kotlin.dsl.execution.Interpreter$ProgramHost$compileSecondStageOf$cacheDir$1$1$1$1$1.invoke(Interpreter.kt:492)
	at org.gradle.kotlin.dsl.execution.ResidualProgramCompiler.compileScript-C5AE47M(ResidualProgramCompiler.kt:712)
	at org.gradle.kotlin.dsl.execution.ResidualProgramCompiler.compileScript-C5AE47M$default(ResidualProgramCompiler.kt:705)
	at org.gradle.kotlin.dsl.execution.ResidualProgramCompiler.emitStage2ProgramFor(ResidualProgramCompiler.kt:364)
	at org.gradle.kotlin.dsl.execution.Interpreter$ProgramHost$compileSecondStageOf$cacheDir$1.invoke(Interpreter.kt:493)
	at org.gradle.kotlin.dsl.execution.Interpreter$ProgramHost$compileSecondStageOf$cacheDir$1.invoke(Interpreter.kt:469)
	at org.gradle.kotlin.dsl.provider.StandardKotlinScriptEvaluator$KotlinScriptCompilationAndInstrumentation.compile(KotlinScriptEvaluator.kt:440)
	at org.gradle.internal.scripts.BuildScriptCompilationAndInstrumentation.execute(BuildScriptCompilationAndInstrumentation.java:136)
	at org.gradle.internal.execution.steps.ExecuteStep.executeInternal(ExecuteStep.java:105)
	at org.gradle.internal.execution.steps.ExecuteStep.access$000(ExecuteStep.java:44)
	at org.gradle.internal.execution.steps.ExecuteStep$1.call(ExecuteStep.java:59)
	at org.gradle.internal.execution.steps.ExecuteStep$1.call(ExecuteStep.java:56)
	at org.gradle.internal.operations.DefaultBuildOperationRunner$CallableBuildOperationWorker.execute(DefaultBuildOperationRunner.java:210)
	at org.gradle.internal.operations.DefaultBuildOperationRunner$CallableBuildOperationWorker.execute(DefaultBuildOperationRunner.java:205)
	at org.gradle.internal.operations.DefaultBuildOperationRunner$2.execute(DefaultBuildOperationRunner.java:67)
	at org.gradle.internal.operations.DefaultBuildOperationRunner$2.execute(DefaultBuildOperationRunner.java:60)
	at org.gradle.internal.operations.DefaultBuildOperationRunner.execute(DefaultBuildOperationRunner.java:167)
	at org.gradle.internal.operations.DefaultBuildOperationRunner.execute(DefaultBuildOperationRunner.java:60)
	at org.gradle.internal.operations.DefaultBuildOperationRunner.call(DefaultBuildOperationRunner.java:54)
	at org.gradle.internal.execution.steps.ExecuteStep.execute(ExecuteStep.java:56)
	at org.gradle.internal.execution.steps.ExecuteStep.execute(ExecuteStep.java:44)
	at org.gradle.internal.execution.steps.CancelExecutionStep.execute(CancelExecutionStep.java:42)
	at org.gradle.internal.execution.steps.TimeoutStep.executeWithoutTimeout(TimeoutStep.java:75)
	at org.gradle.internal.execution.steps.TimeoutStep.execute(TimeoutStep.java:55)
	at org.gradle.internal.execution.steps.PreCreateOutputParentsStep.execute(PreCreateOutputParentsStep.java:50)
	at org.gradle.internal.execution.steps.PreCreateOutputParentsStep.execute(PreCreateOutputParentsStep.java:28)
	at org.gradle.internal.execution.steps.BroadcastChangingOutputsStep.execute(BroadcastChangingOutputsStep.java:61)
	at org.gradle.internal.execution.steps.BroadcastChangingOutputsStep.execute(BroadcastChangingOutputsStep.java:26)
	at org.gradle.internal.execution.steps.NoInputChangesStep.execute(NoInputChangesStep.java:30)
	at org.gradle.internal.execution.steps.NoInputChangesStep.execute(NoInputChangesStep.java:21)
	at org.gradle.internal.execution.steps.CaptureOutputsAfterExecutionStep.execute(CaptureOutputsAfterExecutionStep.java:69)
	at org.gradle.internal.execution.steps.CaptureOutputsAfterExecutionStep.execute(CaptureOutputsAfterExecutionStep.java:46)
	at org.gradle.internal.execution.steps.BuildCacheStep.executeWithoutCache(BuildCacheStep.java:189)
	at org.gradle.internal.execution.steps.BuildCacheStep.lambda$execute$1(BuildCacheStep.java:75)
	at org.gradle.internal.Either$Right.fold(Either.java:175)
	at org.gradle.internal.execution.caching.CachingState.fold(CachingState.java:62)
	at org.gradle.internal.execution.steps.BuildCacheStep.execute(BuildCacheStep.java:73)
	at org.gradle.internal.execution.steps.BuildCacheStep.execute(BuildCacheStep.java:48)
	at org.gradle.internal.execution.steps.NeverUpToDateStep.execute(NeverUpToDateStep.java:34)
	at org.gradle.internal.execution.steps.NeverUpToDateStep.execute(NeverUpToDateStep.java:22)
	at org.gradle.internal.execution.steps.legacy.MarkSnapshottingInputsFinishedStep.execute(MarkSnapshottingInputsFinishedStep.java:37)
	at org.gradle.internal.execution.steps.legacy.MarkSnapshottingInputsFinishedStep.execute(MarkSnapshottingInputsFinishedStep.java:27)
	at org.gradle.internal.execution.steps.ResolveNonIncrementalCachingStateStep.executeDelegate(ResolveNonIncrementalCachingStateStep.java:50)
	at org.gradle.internal.execution.steps.AbstractResolveCachingStateStep.execute(AbstractResolveCachingStateStep.java:71)
	at org.gradle.internal.execution.steps.AbstractResolveCachingStateStep.execute(AbstractResolveCachingStateStep.java:39)
	at org.gradle.internal.execution.steps.ValidateStep.execute(ValidateStep.java:107)
	at org.gradle.internal.execution.steps.ValidateStep.execute(ValidateStep.java:56)
	at org.gradle.internal.execution.steps.AbstractCaptureStateBeforeExecutionStep.execute(AbstractCaptureStateBeforeExecutionStep.java:64)
	at org.gradle.internal.execution.steps.AbstractCaptureStateBeforeExecutionStep.execute(AbstractCaptureStateBeforeExecutionStep.java:43)
	at org.gradle.internal.execution.steps.legacy.MarkSnapshottingInputsStartedStep.execute(MarkSnapshottingInputsStartedStep.java:38)
	at org.gradle.internal.execution.steps.AssignImmutableWorkspaceStep.lambda$executeInTemporaryWorkspace$3(AssignImmutableWorkspaceStep.java:209)
	at org.gradle.internal.execution.workspace.impl.CacheBasedImmutableWorkspaceProvider$1.withTemporaryWorkspace(CacheBasedImmutableWorkspaceProvider.java:116)
	at org.gradle.internal.execution.steps.AssignImmutableWorkspaceStep.executeInTemporaryWorkspace(AssignImmutableWorkspaceStep.java:199)
	at org.gradle.internal.execution.steps.AssignImmutableWorkspaceStep.lambda$execute$0(AssignImmutableWorkspaceStep.java:121)
	at org.gradle.internal.execution.steps.AssignImmutableWorkspaceStep.execute(AssignImmutableWorkspaceStep.java:121)
	at org.gradle.internal.execution.steps.AssignImmutableWorkspaceStep.execute(AssignImmutableWorkspaceStep.java:90)
	at org.gradle.internal.execution.steps.ChoosePipelineStep.execute(ChoosePipelineStep.java:38)
	at org.gradle.internal.execution.steps.ChoosePipelineStep.execute(ChoosePipelineStep.java:23)
	at org.gradle.internal.execution.steps.ExecuteWorkBuildOperationFiringStep.lambda$execute$2(ExecuteWorkBuildOperationFiringStep.java:67)
	at org.gradle.internal.execution.steps.ExecuteWorkBuildOperationFiringStep.execute(ExecuteWorkBuildOperationFiringStep.java:67)
	at org.gradle.internal.execution.steps.ExecuteWorkBuildOperationFiringStep.execute(ExecuteWorkBuildOperationFiringStep.java:39)
	at org.gradle.internal.execution.steps.IdentityCacheStep.execute(IdentityCacheStep.java:46)
	at org.gradle.internal.execution.steps.IdentityCacheStep.execute(IdentityCacheStep.java:34)
	at org.gradle.internal.execution.steps.IdentifyStep.execute(IdentifyStep.java:48)
	at org.gradle.internal.execution.steps.IdentifyStep.execute(IdentifyStep.java:35)
	at org.gradle.internal.execution.impl.DefaultExecutionEngine$1.execute(DefaultExecutionEngine.java:61)
	at org.gradle.kotlin.dsl.provider.StandardKotlinScriptEvaluator$InterpreterHost.cachedDirFor(KotlinScriptEvaluator.kt:304)
	at org.gradle.kotlin.dsl.execution.Interpreter$ProgramHost.compileSecondStageOf(Interpreter.kt:469)
	at Program.loadSecondStageFor(Unknown Source)
	at org.gradle.kotlin.dsl.execution.Interpreter$ProgramHost.evaluateSecondStageOf(Interpreter.kt:433)
	at Program.execute(Unknown Source)
	at org.gradle.kotlin.dsl.execution.Interpreter$ProgramHost.eval(Interpreter.kt:516)
	at org.gradle.kotlin.dsl.execution.Interpreter.eval(Interpreter.kt:194)
	at org.gradle.kotlin.dsl.provider.StandardKotlinScriptEvaluator.evaluate(KotlinScriptEvaluator.kt:133)
	at org.gradle.kotlin.dsl.provider.KotlinScriptPluginFactory$create$1.invoke(KotlinScriptPluginFactory.kt:61)
	at org.gradle.kotlin.dsl.provider.KotlinScriptPluginFactory$create$1.invoke(KotlinScriptPluginFactory.kt:52)
	at org.gradle.kotlin.dsl.provider.KotlinScriptPlugin.apply(KotlinScriptPlugin.kt:35)
	at org.gradle.configuration.BuildOperationScriptPlugin$1.run(BuildOperationScriptPlugin.java:68)
	at org.gradle.internal.operations.DefaultBuildOperationRunner$1.execute(DefaultBuildOperationRunner.java:30)
	at org.gradle.internal.operations.DefaultBuildOperationRunner$1.execute(DefaultBuildOperationRunner.java:27)
	at org.gradle.internal.operations.DefaultBuildOperationRunner$2.execute(DefaultBuildOperationRunner.java:67)
	at org.gradle.internal.operations.DefaultBuildOperationRunner$2.execute(DefaultBuildOperationRunner.java:60)
	at org.gradle.internal.operations.DefaultBuildOperationRunner.execute(DefaultBuildOperationRunner.java:167)
	at org.gradle.internal.operations.DefaultBuildOperationRunner.execute(DefaultBuildOperationRunner.java:60)
	at org.gradle.internal.operations.DefaultBuildOperationRunner.run(DefaultBuildOperationRunner.java:48)
	at org.gradle.configuration.BuildOperationScriptPlugin.lambda$apply$0(BuildOperationScriptPlugin.java:65)
	at org.gradle.internal.code.DefaultUserCodeApplicationContext.apply(DefaultUserCodeApplicationContext.java:44)
	at org.gradle.configuration.BuildOperationScriptPlugin.apply(BuildOperationScriptPlugin.java:65)
	at org.gradle.api.internal.project.DefaultProjectStateRegistry$ProjectStateImpl.lambda$applyToMutableState$1(DefaultProjectStateRegistry.java:435)
	at org.gradle.api.internal.project.DefaultProjectStateRegistry$ProjectStateImpl.fromMutableState(DefaultProjectStateRegistry.java:453)
	at org.gradle.api.internal.project.DefaultProjectStateRegistry$ProjectStateImpl.applyToMutableState(DefaultProjectStateRegistry.java:434)
	at org.gradle.configuration.project.BuildScriptProcessor.execute(BuildScriptProcessor.java:46)
	at org.gradle.configuration.project.BuildScriptProcessor.execute(BuildScriptProcessor.java:27)
	at org.gradle.configuration.project.ConfigureActionsProjectEvaluator.evaluate(ConfigureActionsProjectEvaluator.java:35)
	at org.gradle.configuration.project.LifecycleProjectEvaluator$EvaluateProject.lambda$run$0(LifecycleProjectEvaluator.java:109)
	at org.gradle.api.internal.project.DefaultProjectStateRegistry$ProjectStateImpl.lambda$applyToMutableState$1(DefaultProjectStateRegistry.java:435)
	at org.gradle.api.internal.project.DefaultProjectStateRegistry$ProjectStateImpl.lambda$fromMutableState$2(DefaultProjectStateRegistry.java:458)
	at org.gradle.internal.work.DefaultWorkerLeaseService.withReplacedLocks(DefaultWorkerLeaseService.java:359)
	at org.gradle.api.internal.project.DefaultProjectStateRegistry$ProjectStateImpl.fromMutableState(DefaultProjectStateRegistry.java:458)
	at org.gradle.api.internal.project.DefaultProjectStateRegistry$ProjectStateImpl.applyToMutableState(DefaultProjectStateRegistry.java:434)
	at org.gradle.configuration.project.LifecycleProjectEvaluator$EvaluateProject.run(LifecycleProjectEvaluator.java:100)
	at org.gradle.internal.operations.DefaultBuildOperationRunner$1.execute(DefaultBuildOperationRunner.java:30)
	at org.gradle.internal.operations.DefaultBuildOperationRunner$1.execute(DefaultBuildOperationRunner.java:27)
	at org.gradle.internal.operations.DefaultBuildOperationRunner$2.execute(DefaultBuildOperationRunner.java:67)
	at org.gradle.internal.operations.DefaultBuildOperationRunner$2.execute(DefaultBuildOperationRunner.java:60)
	at org.gradle.internal.operations.DefaultBuildOperationRunner.execute(DefaultBuildOperationRunner.java:167)
	at org.gradle.internal.operations.DefaultBuildOperationRunner.execute(DefaultBuildOperationRunner.java:60)
	at org.gradle.internal.operations.DefaultBuildOperationRunner.run(DefaultBuildOperationRunner.java:48)
	at org.gradle.configuration.project.LifecycleProjectEvaluator.evaluate(LifecycleProjectEvaluator.java:72)
	at org.gradle.api.internal.project.DefaultProject.evaluateUnchecked(DefaultProject.java:828)
	at org.gradle.api.internal.project.ProjectLifecycleController.lambda$ensureSelfConfigured$2(ProjectLifecycleController.java:89)
	at org.gradle.internal.model.StateTransitionController.lambda$doTransition$14(StateTransitionController.java:255)
	at org.gradle.internal.model.StateTransitionController.doTransition(StateTransitionController.java:266)
	at org.gradle.internal.model.StateTransitionController.doTransition(StateTransitionController.java:254)
	at org.gradle.internal.model.StateTransitionController.lambda$maybeTransitionIfNotCurrentlyTransitioning$10(StateTransitionController.java:199)
	at org.gradle.internal.work.DefaultSynchronizer.withLock(DefaultSynchronizer.java:36)
	at org.gradle.internal.model.StateTransitionController.maybeTransitionIfNotCurrentlyTransitioning(StateTransitionController.java:195)
	at org.gradle.api.internal.project.ProjectLifecycleController.ensureSelfConfigured(ProjectLifecycleController.java:89)
	at org.gradle.api.internal.project.DefaultProjectStateRegistry$ProjectStateImpl.ensureConfigured(DefaultProjectStateRegistry.java:400)
	at org.gradle.execution.TaskPathProjectEvaluator.configure(TaskPathProjectEvaluator.java:70)
	at org.gradle.execution.TaskPathProjectEvaluator.configureHierarchy(TaskPathProjectEvaluator.java:86)
	at org.gradle.configuration.DefaultProjectsPreparer.prepareProjects(DefaultProjectsPreparer.java:50)
	at org.gradle.configuration.BuildTreePreparingProjectsPreparer.prepareProjects(BuildTreePreparingProjectsPreparer.java:65)
	at org.gradle.configuration.BuildOperationFiringProjectsPreparer$ConfigureBuild.run(BuildOperationFiringProjectsPreparer.java:52)
	at org.gradle.internal.operations.DefaultBuildOperationRunner$1.execute(DefaultBuildOperationRunner.java:30)
	at org.gradle.internal.operations.DefaultBuildOperationRunner$1.execute(DefaultBuildOperationRunner.java:27)
	at org.gradle.internal.operations.DefaultBuildOperationRunner$2.execute(DefaultBuildOperationRunner.java:67)
	at org.gradle.internal.operations.DefaultBuildOperationRunner$2.execute(DefaultBuildOperationRunner.java:60)
	at org.gradle.internal.operations.DefaultBuildOperationRunner.execute(DefaultBuildOperationRunner.java:167)
	at org.gradle.internal.operations.DefaultBuildOperationRunner.execute(DefaultBuildOperationRunner.java:60)
	at org.gradle.internal.operations.DefaultBuildOperationRunner.run(DefaultBuildOperationRunner.java:48)
	at org.gradle.configuration.BuildOperationFiringProjectsPreparer.prepareProjects(BuildOperationFiringProjectsPreparer.java:40)
	at org.gradle.initialization.VintageBuildModelController.lambda$prepareProjects$2(VintageBuildModelController.java:84)
	at org.gradle.internal.model.StateTransitionController.lambda$doTransition$14(StateTransitionController.java:255)
	at org.gradle.internal.model.StateTransitionController.doTransition(StateTransitionController.java:266)
	at org.gradle.internal.model.StateTransitionController.doTransition(StateTransitionController.java:254)
	at org.gradle.internal.model.StateTransitionController.lambda$transitionIfNotPreviously$11(StateTransitionController.java:213)
	at org.gradle.internal.work.DefaultSynchronizer.withLock(DefaultSynchronizer.java:36)
	at org.gradle.internal.model.StateTransitionController.transitionIfNotPreviously(StateTransitionController.java:209)
	at org.gradle.initialization.VintageBuildModelController.prepareProjects(VintageBuildModelController.java:84)
	at org.gradle.initialization.VintageBuildModelController.prepareToScheduleTasks(VintageBuildModelController.java:71)
	at org.gradle.internal.build.DefaultBuildLifecycleController.lambda$prepareToScheduleTasks$6(DefaultBuildLifecycleController.java:175)
	at org.gradle.internal.model.StateTransitionController.lambda$doTransition$14(StateTransitionController.java:255)
	at org.gradle.internal.model.StateTransitionController.doTransition(StateTransitionController.java:266)
	at org.gradle.internal.model.StateTransitionController.doTransition(StateTransitionController.java:254)
	at org.gradle.internal.model.StateTransitionController.lambda$maybeTransition$9(StateTransitionController.java:190)
	at org.gradle.internal.work.DefaultSynchronizer.withLock(DefaultSynchronizer.java:36)
	at org.gradle.internal.model.StateTransitionController.maybeTransition(StateTransitionController.java:186)
	at org.gradle.internal.build.DefaultBuildLifecycleController.prepareToScheduleTasks(DefaultBuildLifecycleController.java:173)
	at org.gradle.internal.buildtree.DefaultBuildTreeWorkPreparer.scheduleRequestedTasks(DefaultBuildTreeWorkPreparer.java:36)
	at org.gradle.internal.cc.impl.VintageBuildTreeWorkController$scheduleAndRunRequestedTasks$1.apply(VintageBuildTreeWorkController.kt:36)
	at org.gradle.internal.cc.impl.VintageBuildTreeWorkController$scheduleAndRunRequestedTasks$1.apply(VintageBuildTreeWorkController.kt:35)
	at org.gradle.composite.internal.DefaultIncludedBuildTaskGraph.withNewWorkGraph(DefaultIncludedBuildTaskGraph.java:112)
	at org.gradle.internal.cc.impl.VintageBuildTreeWorkController.scheduleAndRunRequestedTasks(VintageBuildTreeWorkController.kt:35)
	at org.gradle.internal.buildtree.DefaultBuildTreeLifecycleController.lambda$scheduleAndRunTasks$1(DefaultBuildTreeLifecycleController.java:77)
	at org.gradle.internal.buildtree.DefaultBuildTreeLifecycleController.lambda$runBuild$4(DefaultBuildTreeLifecycleController.java:120)
	at org.gradle.internal.model.StateTransitionController.lambda$transition$6(StateTransitionController.java:169)
	at org.gradle.internal.model.StateTransitionController.doTransition(StateTransitionController.java:266)
	at org.gradle.internal.model.StateTransitionController.lambda$transition$7(StateTransitionController.java:169)
	at org.gradle.internal.work.DefaultSynchronizer.withLock(DefaultSynchronizer.java:46)
	at org.gradle.internal.model.StateTransitionController.transition(StateTransitionController.java:169)
	at org.gradle.internal.buildtree.DefaultBuildTreeLifecycleController.runBuild(DefaultBuildTreeLifecycleController.java:117)
	at org.gradle.internal.buildtree.DefaultBuildTreeLifecycleController.scheduleAndRunTasks(DefaultBuildTreeLifecycleController.java:77)
	at org.gradle.internal.buildtree.DefaultBuildTreeLifecycleController.scheduleAndRunTasks(DefaultBuildTreeLifecycleController.java:72)
	at org.gradle.tooling.internal.provider.ExecuteBuildActionRunner.run(ExecuteBuildActionRunner.java:31)
	at org.gradle.launcher.exec.ChainingBuildActionRunner.run(ChainingBuildActionRunner.java:35)
	at org.gradle.internal.buildtree.ProblemReportingBuildActionRunner.run(ProblemReportingBuildActionRunner.java:49)
	at org.gradle.launcher.exec.BuildOutcomeReportingBuildActionRunner.run(BuildOutcomeReportingBuildActionRunner.java:71)
	at org.gradle.tooling.internal.provider.FileSystemWatchingBuildActionRunner.run(FileSystemWatchingBuildActionRunner.java:135)
	at org.gradle.launcher.exec.BuildCompletionNotifyingBuildActionRunner.run(BuildCompletionNotifyingBuildActionRunner.java:41)
	at org.gradle.launcher.exec.RootBuildLifecycleBuildActionExecutor.lambda$execute$0(RootBuildLifecycleBuildActionExecutor.java:54)
	at org.gradle.composite.internal.DefaultRootBuildState.run(DefaultRootBuildState.java:130)
	at org.gradle.launcher.exec.RootBuildLifecycleBuildActionExecutor.execute(RootBuildLifecycleBuildActionExecutor.java:54)
	at org.gradle.internal.buildtree.InitDeprecationLoggingActionExecutor.execute(InitDeprecationLoggingActionExecutor.java:62)
	at org.gradle.internal.buildtree.InitProblems.execute(InitProblems.java:36)
	at org.gradle.internal.buildtree.DefaultBuildTreeContext.execute(DefaultBuildTreeContext.java:40)
	at org.gradle.launcher.exec.BuildTreeLifecycleBuildActionExecutor.lambda$execute$0(BuildTreeLifecycleBuildActionExecutor.java:71)
	at org.gradle.internal.buildtree.BuildTreeState.run(BuildTreeState.java:60)
	at org.gradle.launcher.exec.BuildTreeLifecycleBuildActionExecutor.execute(BuildTreeLifecycleBuildActionExecutor.java:71)
	at org.gradle.launcher.exec.RunAsBuildOperationBuildActionExecutor$2.call(RunAsBuildOperationBuildActionExecutor.java:67)
	at org.gradle.launcher.exec.RunAsBuildOperationBuildActionExecutor$2.call(RunAsBuildOperationBuildActionExecutor.java:63)
	at org.gradle.internal.operations.DefaultBuildOperationRunner$CallableBuildOperationWorker.execute(DefaultBuildOperationRunner.java:210)
	at org.gradle.internal.operations.DefaultBuildOperationRunner$CallableBuildOperationWorker.execute(DefaultBuildOperationRunner.java:205)
	at org.gradle.internal.operations.DefaultBuildOperationRunner$2.execute(DefaultBuildOperationRunner.java:67)
	at org.gradle.internal.operations.DefaultBuildOperationRunner$2.execute(DefaultBuildOperationRunner.java:60)
	at org.gradle.internal.operations.DefaultBuildOperationRunner.execute(DefaultBuildOperationRunner.java:167)
	at org.gradle.internal.operations.DefaultBuildOperationRunner.execute(DefaultBuildOperationRunner.java:60)
	at org.gradle.internal.operations.DefaultBuildOperationRunner.call(DefaultBuildOperationRunner.java:54)
	at org.gradle.launcher.exec.RunAsBuildOperationBuildActionExecutor.execute(RunAsBuildOperationBuildActionExecutor.java:63)
	at org.gradle.launcher.exec.RunAsWorkerThreadBuildActionExecutor.lambda$execute$0(RunAsWorkerThreadBuildActionExecutor.java:36)
	at org.gradle.internal.work.DefaultWorkerLeaseService.withLocks(DefaultWorkerLeaseService.java:263)
	at org.gradle.internal.work.DefaultWorkerLeaseService.runAsWorkerThread(DefaultWorkerLeaseService.java:127)
	at org.gradle.launcher.exec.RunAsWorkerThreadBuildActionExecutor.execute(RunAsWorkerThreadBuildActionExecutor.java:36)
	at org.gradle.tooling.internal.provider.continuous.ContinuousBuildActionExecutor.execute(ContinuousBuildActionExecutor.java:110)
	at org.gradle.tooling.internal.provider.SubscribableBuildActionExecutor.execute(SubscribableBuildActionExecutor.java:64)
	at org.gradle.internal.session.DefaultBuildSessionContext.execute(DefaultBuildSessionContext.java:46)
	at org.gradle.internal.buildprocess.execution.BuildSessionLifecycleBuildActionExecutor$ActionImpl.apply(BuildSessionLifecycleBuildActionExecutor.java:92)
	at org.gradle.internal.buildprocess.execution.BuildSessionLifecycleBuildActionExecutor$ActionImpl.apply(BuildSessionLifecycleBuildActionExecutor.java:80)
	at org.gradle.internal.session.BuildSessionState.run(BuildSessionState.java:73)
	at org.gradle.internal.buildprocess.execution.BuildSessionLifecycleBuildActionExecutor.execute(BuildSessionLifecycleBuildActionExecutor.java:62)
	at org.gradle.internal.buildprocess.execution.BuildSessionLifecycleBuildActionExecutor.execute(BuildSessionLifecycleBuildActionExecutor.java:41)
	at org.gradle.internal.buildprocess.execution.StartParamsValidatingActionExecutor.execute(StartParamsValidatingActionExecutor.java:64)
	at org.gradle.internal.buildprocess.execution.StartParamsValidatingActionExecutor.execute(StartParamsValidatingActionExecutor.java:32)
	at org.gradle.internal.buildprocess.execution.SessionFailureReportingActionExecutor.execute(SessionFailureReportingActionExecutor.java:51)
	at org.gradle.internal.buildprocess.execution.SessionFailureReportingActionExecutor.execute(SessionFailureReportingActionExecutor.java:39)
	at org.gradle.internal.buildprocess.execution.SetupLoggingActionExecutor.execute(SetupLoggingActionExecutor.java:47)
	at org.gradle.internal.buildprocess.execution.SetupLoggingActionExecutor.execute(SetupLoggingActionExecutor.java:31)
	at org.gradle.launcher.daemon.server.exec.ExecuteBuild.doBuild(ExecuteBuild.java:70)
	at org.gradle.launcher.daemon.server.exec.BuildCommandOnly.execute(BuildCommandOnly.java:37)
	at org.gradle.launcher.daemon.server.api.DaemonCommandExecution.proceed(DaemonCommandExecution.java:104)
	at org.gradle.launcher.daemon.server.exec.WatchForDisconnection.execute(WatchForDisconnection.java:39)
	at org.gradle.launcher.daemon.server.api.DaemonCommandExecution.proceed(DaemonCommandExecution.java:104)
	at org.gradle.launcher.daemon.server.exec.ResetDeprecationLogger.execute(ResetDeprecationLogger.java:29)
	at org.gradle.launcher.daemon.server.api.DaemonCommandExecution.proceed(DaemonCommandExecution.java:104)
	at org.gradle.launcher.daemon.server.exec.RequestStopIfSingleUsedDaemon.execute(RequestStopIfSingleUsedDaemon.java:35)
	at org.gradle.launcher.daemon.server.api.DaemonCommandExecution.proceed(DaemonCommandExecution.java:104)
	at org.gradle.launcher.daemon.server.exec.ForwardClientInput.lambda$execute$0(ForwardClientInput.java:40)
	at org.gradle.internal.daemon.clientinput.ClientInputForwarder.forwardInput(ClientInputForwarder.java:80)
	at org.gradle.launcher.daemon.server.exec.ForwardClientInput.execute(ForwardClientInput.java:37)
	at org.gradle.launcher.daemon.server.api.DaemonCommandExecution.proceed(DaemonCommandExecution.java:104)
	at org.gradle.launcher.daemon.server.exec.LogAndCheckHealth.execute(LogAndCheckHealth.java:64)
	at org.gradle.launcher.daemon.server.api.DaemonCommandExecution.proceed(DaemonCommandExecution.java:104)
	at org.gradle.launcher.daemon.server.exec.LogToClient.doBuild(LogToClient.java:63)
	at org.gradle.launcher.daemon.server.exec.BuildCommandOnly.execute(BuildCommandOnly.java:37)
	at org.gradle.launcher.daemon.server.api.DaemonCommandExecution.proceed(DaemonCommandExecution.java:104)
	at org.gradle.launcher.daemon.server.exec.EstablishBuildEnvironment.doBuild(EstablishBuildEnvironment.java:84)
	at org.gradle.launcher.daemon.server.exec.BuildCommandOnly.execute(BuildCommandOnly.java:37)
	at org.gradle.launcher.daemon.server.api.DaemonCommandExecution.proceed(DaemonCommandExecution.java:104)
	at org.gradle.launcher.daemon.server.exec.StartBuildOrRespondWithBusy$1.run(StartBuildOrRespondWithBusy.java:52)
	at org.gradle.launcher.daemon.server.DaemonStateCoordinator.lambda$runCommand$0(DaemonStateCoordinator.java:321)
	at org.gradle.internal.concurrent.ExecutorPolicy$CatchAndRecordFailures.onExecute(ExecutorPolicy.java:64)
	at org.gradle.internal.concurrent.AbstractManagedExecutor$1.run(AbstractManagedExecutor.java:48)

==============================================================================

BUILD FAILED in 895ms
